------------------------------------------------------
------------------------------------------------------
SoS Iteration: 
------------------------------------------------------
------------------------------------------------------
------------------------------------------------------
Analyzing Model:  m1
------------------------------------------------------
Application Inputs: State Variables
  Model Input Variables:
    x2 1.0
    x1 0.0
  Model Output Variables:
    y1 0.0
    y2 1.0
  Model Output Values:
    y1 0.0
    y2 1.0
------------------------------------------------------
Analyzing Model:  m2
------------------------------------------------------
Application Inputs: State Variables
  Model Input Variables:
    y1 0.0
    y2 1.0
  Model Output Variables:
    f 0.0
  Model Output Values:
    f 0.0
Application Outputs: State Variables
Application Outputs: Decision Variables
  x1 0.0
  x2 1.0
  y1 0.0
  y2 1.0
  f 0.0
PatternSearch 0 [0.0, 1.0] 0.0 1.0
  Trial Point:  [-0.20000000000000001, 1.0]
------------------------------------------------------
------------------------------------------------------
SoS Iteration: 
------------------------------------------------------
------------------------------------------------------
------------------------------------------------------
Analyzing Model:  m1
------------------------------------------------------
Application Inputs: State Variables
  Model Input Variables:
    x2 1.0
    x1 -0.2
  Model Output Variables:
    y1 -0.2
    y2 0.8
  Model Output Values:
    y1 -0.2
    y2 0.8
------------------------------------------------------
Analyzing Model:  m2
------------------------------------------------------
Application Inputs: State Variables
  Model Input Variables:
    y1 -0.2
    y2 0.8
  Model Output Variables:
    f -0.16
  Model Output Values:
    f -0.16
Application Outputs: State Variables
Application Outputs: Decision Variables
  x1 -0.2
  x2 1.0
  y1 -0.2
  y2 0.8
  f -0.16
  Trial Point:  [0.20000000000000001, 1.0]
------------------------------------------------------
------------------------------------------------------
SoS Iteration: 
------------------------------------------------------
------------------------------------------------------
------------------------------------------------------
Analyzing Model:  m1
------------------------------------------------------
Application Inputs: State Variables
  Model Input Variables:
    x2 1.0
    x1 0.2
  Model Output Variables:
    y1 0.2
    y2 1.2
  Model Output Values:
    y1 0.2
    y2 1.2
------------------------------------------------------
Analyzing Model:  m2
------------------------------------------------------
Application Inputs: State Variables
  Model Input Variables:
    y1 0.2
    y2 1.2
  Model Output Variables:
    f 0.24
  Model Output Values:
    f 0.24
Application Outputs: State Variables
Application Outputs: Decision Variables
  x1 0.2
  x2 1.0
  y1 0.2
  y2 1.2
  f 0.24
  Trial Point:  [0.0, 0.90000000000000002]
  Trial Point:  [0.0, 1.1000000000000001]
------------------------------------------------------
------------------------------------------------------
SoS Iteration: 
------------------------------------------------------
------------------------------------------------------
------------------------------------------------------
Analyzing Model:  m1
------------------------------------------------------
Application Inputs: State Variables
  Model Input Variables:
    x2 1.1
    x1 0.0
  Model Output Variables:
    y1 0.0
    y2 1.1
  Model Output Values:
    y1 0.0
    y2 1.1
------------------------------------------------------
Analyzing Model:  m2
------------------------------------------------------
Application Inputs: State Variables
  Model Input Variables:
    y1 0.0
    y2 1.1
  Model Output Variables:
    f 0.0
  Model Output Values:
    f 0.0
Application Outputs: State Variables
Application Outputs: Decision Variables
  x1 0.0
  x2 1.1
  y1 0.0
  y2 1.1
  f 0.0
PatternSearch 1 [-0.20000000000000001, 1.0] -0.16 2.0
  Trial Point:  [-0.60000000000000009, 1.0]
------------------------------------------------------
------------------------------------------------------
SoS Iteration: 
------------------------------------------------------
------------------------------------------------------
------------------------------------------------------
Analyzing Model:  m1
------------------------------------------------------
Application Inputs: State Variables
  Model Input Variables:
    x2 1.0
    x1 -0.6
  Model Output Variables:
    y1 -0.6
    y2 0.4
  Model Output Values:
    y1 -0.6
    y2 0.4
------------------------------------------------------
Analyzing Model:  m2
------------------------------------------------------
Application Inputs: State Variables
  Model Input Variables:
    y1 -0.6
    y2 0.4
  Model Output Variables:
    f -0.24
  Model Output Values:
    f -0.24
Application Outputs: State Variables
Application Outputs: Decision Variables
  x1 -0.6
  x2 1.0
  y1 -0.6
  y2 0.4
  f -0.24
  Trial Point:  [0.20000000000000001, 1.0]
------------------------------------------------------
------------------------------------------------------
SoS Iteration: 
------------------------------------------------------
------------------------------------------------------
------------------------------------------------------
Analyzing Model:  m1
------------------------------------------------------
Application Inputs: State Variables
  Model Input Variables:
    x2 1.0
    x1 0.2
  Model Output Variables:
    y1 0.2
    y2 1.2
  Model Output Values:
    y1 0.2
    y2 1.2
------------------------------------------------------
Analyzing Model:  m2
------------------------------------------------------
Application Inputs: State Variables
  Model Input Variables:
    y1 0.2
    y2 1.2
  Model Output Variables:
    f 0.24
  Model Output Values:
    f 0.24
Application Outputs: State Variables
Application Outputs: Decision Variables
  x1 0.2
  x2 1.0
  y1 0.2
  y2 1.2
  f 0.24
  Trial Point:  [-0.20000000000000001, 0.80000000000000004]
  Trial Point:  [-0.20000000000000001, 1.2]
------------------------------------------------------
------------------------------------------------------
SoS Iteration: 
------------------------------------------------------
------------------------------------------------------
------------------------------------------------------
Analyzing Model:  m1
------------------------------------------------------
Application Inputs: State Variables
  Model Input Variables:
    x2 1.2
    x1 -0.2
  Model Output Variables:
    y1 -0.24
    y2 1.0
  Model Output Values:
    y1 -0.24
    y2 1.0
------------------------------------------------------
Analyzing Model:  m2
------------------------------------------------------
Application Inputs: State Variables
  Model Input Variables:
    y1 -0.24
    y2 1.0
  Model Output Variables:
    f -0.24
  Model Output Values:
    f -0.24
Application Outputs: State Variables
Application Outputs: Decision Variables
  x1 -0.2
  x2 1.2
  y1 -0.24
  y2 1.0
  f -0.24
PatternSearch 2 [-0.60000000000000009, 1.0] -0.24 4.0
  Trial Point:  [-1.4000000000000001, 1.0]
  Trial Point:  [0.19999999999999996, 1.0]
------------------------------------------------------
------------------------------------------------------
SoS Iteration: 
------------------------------------------------------
------------------------------------------------------
------------------------------------------------------
Analyzing Model:  m1
------------------------------------------------------
Application Inputs: State Variables
  Model Input Variables:
    x2 1.0
    x1 0.2
  Model Output Variables:
    y1 0.2
    y2 1.2
  Model Output Values:
    y1 0.2
    y2 1.2
------------------------------------------------------
Analyzing Model:  m2
------------------------------------------------------
Application Inputs: State Variables
  Model Input Variables:
    y1 0.2
    y2 1.2
  Model Output Variables:
    f 0.24
  Model Output Values:
    f 0.24
Application Outputs: State Variables
Application Outputs: Decision Variables
  x1 0.2
  x2 1.0
  y1 0.2
  y2 1.2
  f 0.24
  Trial Point:  [-0.60000000000000009, 0.59999999999999998]
  Trial Point:  [-0.60000000000000009, 1.3999999999999999]
------------------------------------------------------
------------------------------------------------------
SoS Iteration: 
------------------------------------------------------
------------------------------------------------------
------------------------------------------------------
Analyzing Model:  m1
------------------------------------------------------
Application Inputs: State Variables
  Model Input Variables:
    x2 1.4
    x1 -0.6
  Model Output Variables:
    y1 -0.84
    y2 0.8
  Model Output Values:
    y1 -0.84
    y2 0.8
------------------------------------------------------
Analyzing Model:  m2
------------------------------------------------------
Application Inputs: State Variables
  Model Input Variables:
    y1 -0.84
    y2 0.8
  Model Output Variables:
    f -0.672
  Model Output Values:
    f -0.672
Application Outputs: State Variables
Application Outputs: Decision Variables
  x1 -0.6
  x2 1.4
  y1 -0.84
  y2 0.8
  f -0.672
PatternSearch 3 [-0.60000000000000009, 1.3999999999999999] -0.672 8.0
  Trial Point:  [-2.2000000000000002, 1.3999999999999999]
  Trial Point:  [1.0, 1.3999999999999999]
------------------------------------------------------
------------------------------------------------------
SoS Iteration: 
------------------------------------------------------
------------------------------------------------------
------------------------------------------------------
Analyzing Model:  m1
------------------------------------------------------
Application Inputs: State Variables
  Model Input Variables:
    x2 1.4
    x1 1.0
  Model Output Variables:
    y1 1.4
    y2 2.4
  Model Output Values:
    y1 1.4
    y2 2.4
------------------------------------------------------
Analyzing Model:  m2
------------------------------------------------------
Application Inputs: State Variables
  Model Input Variables:
    y1 1.4
    y2 2.4
  Model Output Variables:
    f 3.36
  Model Output Values:
    f 3.36
Application Outputs: State Variables
Application Outputs: Decision Variables
  x1 1.0
  x2 1.4
  y1 1.4
  y2 2.4
  f 3.36
  Trial Point:  [-0.60000000000000009, 0.59999999999999987]
  Trial Point:  [-0.60000000000000009, 2.2000000000000002]
PatternSearch 4 [-0.60000000000000009, 1.3999999999999999] -0.672 2.66666666667
  Trial Point:  [-1.1333333333333333, 1.3999999999999999]
  Trial Point:  [-0.066666666666666763, 1.3999999999999999]
------------------------------------------------------
------------------------------------------------------
SoS Iteration: 
------------------------------------------------------
------------------------------------------------------
------------------------------------------------------
Analyzing Model:  m1
------------------------------------------------------
Application Inputs: State Variables
  Model Input Variables:
    x2 1.4
    x1 -0.0666666666667
  Model Output Variables:
    y1 -0.0933333333333
    y2 1.33333333333
  Model Output Values:
    y1 -0.0933333333333
    y2 1.33333333333
------------------------------------------------------
Analyzing Model:  m2
------------------------------------------------------
Application Inputs: State Variables
  Model Input Variables:
    y1 -0.0933333333333
    y2 1.33333333333
  Model Output Variables:
    f -0.124444444444
  Model Output Values:
    f -0.124444444444
Application Outputs: State Variables
Application Outputs: Decision Variables
  x1 -0.0666666666667
  x2 1.4
  y1 -0.0933333333333
  y2 1.33333333333
  f -0.124444444444
  Trial Point:  [-0.60000000000000009, 1.1333333333333333]
------------------------------------------------------
------------------------------------------------------
SoS Iteration: 
------------------------------------------------------
------------------------------------------------------
------------------------------------------------------
Analyzing Model:  m1
------------------------------------------------------
Application Inputs: State Variables
  Model Input Variables:
    x2 1.13333333333
    x1 -0.6
  Model Output Variables:
    y1 -0.68
    y2 0.533333333333
  Model Output Values:
    y1 -0.68
    y2 0.533333333333
------------------------------------------------------
Analyzing Model:  m2
------------------------------------------------------
Application Inputs: State Variables
  Model Input Variables:
    y1 -0.68
    y2 0.533333333333
  Model Output Variables:
    f -0.362666666667
  Model Output Values:
    f -0.362666666667
Application Outputs: State Variables
Application Outputs: Decision Variables
  x1 -0.6
  x2 1.13333333333
  y1 -0.68
  y2 0.533333333333
  f -0.362666666667
  Trial Point:  [-0.60000000000000009, 1.6666666666666665]
------------------------------------------------------
------------------------------------------------------
SoS Iteration: 
------------------------------------------------------
------------------------------------------------------
------------------------------------------------------
Analyzing Model:  m1
------------------------------------------------------
Application Inputs: State Variables
  Model Input Variables:
    x2 1.66666666667
    x1 -0.6
  Model Output Variables:
    y1 -1.0
    y2 1.06666666667
  Model Output Values:
    y1 -1.0
    y2 1.06666666667
------------------------------------------------------
Analyzing Model:  m2
------------------------------------------------------
Application Inputs: State Variables
  Model Input Variables:
    y1 -1.0
    y2 1.06666666667
  Model Output Variables:
    f -1.06666666667
  Model Output Values:
    f -1.06666666667
Application Outputs: State Variables
Application Outputs: Decision Variables
  x1 -0.6
  x2 1.66666666667
  y1 -1.0
  y2 1.06666666667
  f -1.06666666667
PatternSearch 5 [-0.60000000000000009, 1.6666666666666665] -1.06666666667 5.33333333333
  Trial Point:  [-1.6666666666666667, 1.6666666666666665]
  Trial Point:  [0.46666666666666656, 1.6666666666666665]
------------------------------------------------------
------------------------------------------------------
SoS Iteration: 
------------------------------------------------------
------------------------------------------------------
------------------------------------------------------
Analyzing Model:  m1
------------------------------------------------------
Application Inputs: State Variables
  Model Input Variables:
    x2 1.66666666667
    x1 0.466666666667
  Model Output Variables:
    y1 0.777777777778
    y2 2.13333333333
  Model Output Values:
    y1 0.777777777778
    y2 2.13333333333
------------------------------------------------------
Analyzing Model:  m2
------------------------------------------------------
Application Inputs: State Variables
  Model Input Variables:
    y1 0.777777777778
    y2 2.13333333333
  Model Output Variables:
    f 1.65925925926
  Model Output Values:
    f 1.65925925926
Application Outputs: State Variables
Application Outputs: Decision Variables
  x1 0.466666666667
  x2 1.66666666667
  y1 0.777777777778
  y2 2.13333333333
  f 1.65925925926
  Trial Point:  [-0.60000000000000009, 1.1333333333333333]
------------------------------------------------------
------------------------------------------------------
SoS Iteration: 
------------------------------------------------------
------------------------------------------------------
------------------------------------------------------
Analyzing Model:  m1
------------------------------------------------------
Application Inputs: State Variables
  Model Input Variables:
    x2 1.13333333333
    x1 -0.6
  Model Output Variables:
    y1 -0.68
    y2 0.533333333333
  Model Output Values:
    y1 -0.68
    y2 0.533333333333
------------------------------------------------------
Analyzing Model:  m2
------------------------------------------------------
Application Inputs: State Variables
  Model Input Variables:
    y1 -0.68
    y2 0.533333333333
  Model Output Variables:
    f -0.362666666667
  Model Output Values:
    f -0.362666666667
Application Outputs: State Variables
Application Outputs: Decision Variables
  x1 -0.6
  x2 1.13333333333
  y1 -0.68
  y2 0.533333333333
  f -0.362666666667
  Trial Point:  [-0.60000000000000009, 2.1999999999999997]
PatternSearch 6 [-0.60000000000000009, 1.6666666666666665] -1.06666666667 1.77777777778
  Trial Point:  [-0.95555555555555571, 1.6666666666666665]
------------------------------------------------------
------------------------------------------------------
SoS Iteration: 
------------------------------------------------------
------------------------------------------------------
------------------------------------------------------
Analyzing Model:  m1
------------------------------------------------------
Application Inputs: State Variables
  Model Input Variables:
    x2 1.66666666667
    x1 -0.955555555556
  Model Output Variables:
    y1 -1.59259259259
    y2 0.711111111111
  Model Output Values:
    y1 -1.59259259259
    y2 0.711111111111
------------------------------------------------------
Analyzing Model:  m2
------------------------------------------------------
Application Inputs: State Variables
  Model Input Variables:
    y1 -1.59259259259
    y2 0.711111111111
  Model Output Variables:
    f -1.13251028807
  Model Output Values:
    f -1.13251028807
Application Outputs: State Variables
Application Outputs: Decision Variables
  x1 -0.955555555556
  x2 1.66666666667
  y1 -1.59259259259
  y2 0.711111111111
  f -1.13251028807
  Trial Point:  [-0.24444444444444452, 1.6666666666666665]
------------------------------------------------------
------------------------------------------------------
SoS Iteration: 
------------------------------------------------------
------------------------------------------------------
------------------------------------------------------
Analyzing Model:  m1
------------------------------------------------------
Application Inputs: State Variables
  Model Input Variables:
    x2 1.66666666667
    x1 -0.244444444444
  Model Output Variables:
    y1 -0.407407407407
    y2 1.42222222222
  Model Output Values:
    y1 -0.407407407407
    y2 1.42222222222
------------------------------------------------------
Analyzing Model:  m2
------------------------------------------------------
Application Inputs: State Variables
  Model Input Variables:
    y1 -0.407407407407
    y2 1.42222222222
  Model Output Variables:
    f -0.579423868313
  Model Output Values:
    f -0.579423868313
Application Outputs: State Variables
Application Outputs: Decision Variables
  x1 -0.244444444444
  x2 1.66666666667
  y1 -0.407407407407
  y2 1.42222222222
  f -0.579423868313
  Trial Point:  [-0.60000000000000009, 1.4888888888888887]
------------------------------------------------------
------------------------------------------------------
SoS Iteration: 
------------------------------------------------------
------------------------------------------------------
------------------------------------------------------
Analyzing Model:  m1
------------------------------------------------------
Application Inputs: State Variables
  Model Input Variables:
    x2 1.48888888889
    x1 -0.6
  Model Output Variables:
    y1 -0.893333333333
    y2 0.888888888889
  Model Output Values:
    y1 -0.893333333333
    y2 0.888888888889
------------------------------------------------------
Analyzing Model:  m2
------------------------------------------------------
Application Inputs: State Variables
  Model Input Variables:
    y1 -0.893333333333
    y2 0.888888888889
  Model Output Variables:
    f -0.794074074074
  Model Output Values:
    f -0.794074074074
Application Outputs: State Variables
Application Outputs: Decision Variables
  x1 -0.6
  x2 1.48888888889
  y1 -0.893333333333
  y2 0.888888888889
  f -0.794074074074
  Trial Point:  [-0.60000000000000009, 1.8444444444444443]
------------------------------------------------------
------------------------------------------------------
SoS Iteration: 
------------------------------------------------------
------------------------------------------------------
------------------------------------------------------
Analyzing Model:  m1
------------------------------------------------------
Application Inputs: State Variables
  Model Input Variables:
    x2 1.84444444444
    x1 -0.6
  Model Output Variables:
    y1 -1.10666666667
    y2 1.24444444444
  Model Output Values:
    y1 -1.10666666667
    y2 1.24444444444
------------------------------------------------------
Analyzing Model:  m2
------------------------------------------------------
Application Inputs: State Variables
  Model Input Variables:
    y1 -1.10666666667
    y2 1.24444444444
  Model Output Variables:
    f -1.37718518519
  Model Output Values:
    f -1.37718518519
Application Outputs: State Variables
Application Outputs: Decision Variables
  x1 -0.6
  x2 1.84444444444
  y1 -1.10666666667
  y2 1.24444444444
  f -1.37718518519
PatternSearch 7 [-0.60000000000000009, 1.8444444444444443] -1.37718518519 3.55555555556
  Trial Point:  [-1.3111111111111113, 1.8444444444444443]
  Trial Point:  [0.11111111111111105, 1.8444444444444443]
------------------------------------------------------
------------------------------------------------------
SoS Iteration: 
------------------------------------------------------
------------------------------------------------------
------------------------------------------------------
Analyzing Model:  m1
------------------------------------------------------
Application Inputs: State Variables
  Model Input Variables:
    x2 1.84444444444
    x1 0.111111111111
  Model Output Variables:
    y1 0.204938271605
    y2 1.95555555556
  Model Output Values:
    y1 0.204938271605
    y2 1.95555555556
------------------------------------------------------
Analyzing Model:  m2
------------------------------------------------------
Application Inputs: State Variables
  Model Input Variables:
    y1 0.204938271605
    y2 1.95555555556
  Model Output Variables:
    f 0.400768175583
  Model Output Values:
    f 0.400768175583
Application Outputs: State Variables
Application Outputs: Decision Variables
  x1 0.111111111111
  x2 1.84444444444
  y1 0.204938271605
  y2 1.95555555556
  f 0.400768175583
  Trial Point:  [-0.60000000000000009, 1.4888888888888887]
------------------------------------------------------
------------------------------------------------------
SoS Iteration: 
------------------------------------------------------
------------------------------------------------------
------------------------------------------------------
Analyzing Model:  m1
------------------------------------------------------
Application Inputs: State Variables
  Model Input Variables:
    x2 1.48888888889
    x1 -0.6
  Model Output Variables:
    y1 -0.893333333333
    y2 0.888888888889
  Model Output Values:
    y1 -0.893333333333
    y2 0.888888888889
------------------------------------------------------
Analyzing Model:  m2
------------------------------------------------------
Application Inputs: State Variables
  Model Input Variables:
    y1 -0.893333333333
    y2 0.888888888889
  Model Output Variables:
    f -0.794074074074
  Model Output Values:
    f -0.794074074074
Application Outputs: State Variables
Application Outputs: Decision Variables
  x1 -0.6
  x2 1.48888888889
  y1 -0.893333333333
  y2 0.888888888889
  f -0.794074074074
  Trial Point:  [-0.60000000000000009, 2.1999999999999997]
PatternSearch 8 [-0.60000000000000009, 1.8444444444444443] -1.37718518519 1.18518518519
  Trial Point:  [-0.83703703703703713, 1.8444444444444443]
------------------------------------------------------
------------------------------------------------------
SoS Iteration: 
------------------------------------------------------
------------------------------------------------------
------------------------------------------------------
Analyzing Model:  m1
------------------------------------------------------
Application Inputs: State Variables
  Model Input Variables:
    x2 1.84444444444
    x1 -0.837037037037
  Model Output Variables:
    y1 -1.54386831276
    y2 1.00740740741
  Model Output Values:
    y1 -1.54386831276
    y2 1.00740740741
------------------------------------------------------
Analyzing Model:  m2
------------------------------------------------------
Application Inputs: State Variables
  Model Input Variables:
    y1 -1.54386831276
    y2 1.00740740741
  Model Output Variables:
    f -1.55530437433
  Model Output Values:
    f -1.55530437433
Application Outputs: State Variables
Application Outputs: Decision Variables
  x1 -0.837037037037
  x2 1.84444444444
  y1 -1.54386831276
  y2 1.00740740741
  f -1.55530437433
  Trial Point:  [-0.36296296296296304, 1.8444444444444443]
------------------------------------------------------
------------------------------------------------------
SoS Iteration: 
------------------------------------------------------
------------------------------------------------------
------------------------------------------------------
Analyzing Model:  m1
------------------------------------------------------
Application Inputs: State Variables
  Model Input Variables:
    x2 1.84444444444
    x1 -0.362962962963
  Model Output Variables:
    y1 -0.669465020576
    y2 1.48148148148
  Model Output Values:
    y1 -0.669465020576
    y2 1.48148148148
------------------------------------------------------
Analyzing Model:  m2
------------------------------------------------------
Application Inputs: State Variables
  Model Input Variables:
    y1 -0.669465020576
    y2 1.48148148148
  Model Output Variables:
    f -0.991800030483
  Model Output Values:
    f -0.991800030483
Application Outputs: State Variables
Application Outputs: Decision Variables
  x1 -0.362962962963
  x2 1.84444444444
  y1 -0.669465020576
  y2 1.48148148148
  f -0.991800030483
  Trial Point:  [-0.60000000000000009, 1.7259259259259259]
------------------------------------------------------
------------------------------------------------------
SoS Iteration: 
------------------------------------------------------
------------------------------------------------------
------------------------------------------------------
Analyzing Model:  m1
------------------------------------------------------
Application Inputs: State Variables
  Model Input Variables:
    x2 1.72592592593
    x1 -0.6
  Model Output Variables:
    y1 -1.03555555556
    y2 1.12592592593
  Model Output Values:
    y1 -1.03555555556
    y2 1.12592592593
------------------------------------------------------
Analyzing Model:  m2
------------------------------------------------------
Application Inputs: State Variables
  Model Input Variables:
    y1 -1.03555555556
    y2 1.12592592593
  Model Output Variables:
    f -1.16595884774
  Model Output Values:
    f -1.16595884774
Application Outputs: State Variables
Application Outputs: Decision Variables
  x1 -0.6
  x2 1.72592592593
  y1 -1.03555555556
  y2 1.12592592593
  f -1.16595884774
  Trial Point:  [-0.60000000000000009, 1.9629629629629628]
------------------------------------------------------
------------------------------------------------------
SoS Iteration: 
------------------------------------------------------
------------------------------------------------------
------------------------------------------------------
Analyzing Model:  m1
------------------------------------------------------
Application Inputs: State Variables
  Model Input Variables:
    x2 1.96296296296
    x1 -0.6
  Model Output Variables:
    y1 -1.17777777778
    y2 1.36296296296
  Model Output Values:
    y1 -1.17777777778
    y2 1.36296296296
------------------------------------------------------
Analyzing Model:  m2
------------------------------------------------------
Application Inputs: State Variables
  Model Input Variables:
    y1 -1.17777777778
    y2 1.36296296296
  Model Output Variables:
    f -1.60526748971
  Model Output Values:
    f -1.60526748971
Application Outputs: State Variables
Application Outputs: Decision Variables
  x1 -0.6
  x2 1.96296296296
  y1 -1.17777777778
  y2 1.36296296296
  f -1.60526748971
PatternSearch 9 [-0.60000000000000009, 1.9629629629629628] -1.60526748971 2.37037037037
  Trial Point:  [-1.0740740740740742, 1.9629629629629628]
  Trial Point:  [-0.125925925925926, 1.9629629629629628]
------------------------------------------------------
------------------------------------------------------
SoS Iteration: 
------------------------------------------------------
------------------------------------------------------
------------------------------------------------------
Analyzing Model:  m1
------------------------------------------------------
Application Inputs: State Variables
  Model Input Variables:
    x2 1.96296296296
    x1 -0.125925925926
  Model Output Variables:
    y1 -0.247187928669
    y2 1.83703703704
  Model Output Values:
    y1 -0.247187928669
    y2 1.83703703704
------------------------------------------------------
Analyzing Model:  m2
------------------------------------------------------
Application Inputs: State Variables
  Model Input Variables:
    y1 -0.247187928669
    y2 1.83703703704
  Model Output Variables:
    f -0.454093380074
  Model Output Values:
    f -0.454093380074
Application Outputs: State Variables
Application Outputs: Decision Variables
  x1 -0.125925925926
  x2 1.96296296296
  y1 -0.247187928669
  y2 1.83703703704
  f -0.454093380074
  Trial Point:  [-0.60000000000000009, 1.7259259259259259]
------------------------------------------------------
------------------------------------------------------
SoS Iteration: 
------------------------------------------------------
------------------------------------------------------
------------------------------------------------------
Analyzing Model:  m1
------------------------------------------------------
Application Inputs: State Variables
  Model Input Variables:
    x2 1.72592592593
    x1 -0.6
  Model Output Variables:
    y1 -1.03555555556
    y2 1.12592592593
  Model Output Values:
    y1 -1.03555555556
    y2 1.12592592593
------------------------------------------------------
Analyzing Model:  m2
------------------------------------------------------
Application Inputs: State Variables
  Model Input Variables:
    y1 -1.03555555556
    y2 1.12592592593
  Model Output Variables:
    f -1.16595884774
  Model Output Values:
    f -1.16595884774
Application Outputs: State Variables
Application Outputs: Decision Variables
  x1 -0.6
  x2 1.72592592593
  y1 -1.03555555556
  y2 1.12592592593
  f -1.16595884774
  Trial Point:  [-0.60000000000000009, 2.1999999999999997]
PatternSearch 10 [-0.60000000000000009, 1.9629629629629628] -1.60526748971 0.79012345679
  Trial Point:  [-0.75802469135802475, 1.9629629629629628]
------------------------------------------------------
------------------------------------------------------
SoS Iteration: 
------------------------------------------------------
------------------------------------------------------
------------------------------------------------------
Analyzing Model:  m1
------------------------------------------------------
Application Inputs: State Variables
  Model Input Variables:
    x2 1.96296296296
    x1 -0.758024691358
  Model Output Variables:
    y1 -1.48797439415
    y2 1.2049382716
  Model Output Values:
    y1 -1.48797439415
    y2 1.2049382716
------------------------------------------------------
Analyzing Model:  m2
------------------------------------------------------
Application Inputs: State Variables
  Model Input Variables:
    y1 -1.48797439415
    y2 1.2049382716
  Model Output Variables:
    f -1.79291729468
  Model Output Values:
    f -1.79291729468
Application Outputs: State Variables
Application Outputs: Decision Variables
  x1 -0.758024691358
  x2 1.96296296296
  y1 -1.48797439415
  y2 1.2049382716
  f -1.79291729468
  Trial Point:  [-0.44197530864197543, 1.9629629629629628]
------------------------------------------------------
------------------------------------------------------
SoS Iteration: 
------------------------------------------------------
------------------------------------------------------
------------------------------------------------------
Analyzing Model:  m1
------------------------------------------------------
Application Inputs: State Variables
  Model Input Variables:
    x2 1.96296296296
    x1 -0.441975308642
  Model Output Variables:
    y1 -0.867581161408
    y2 1.52098765432
  Model Output Values:
    y1 -0.867581161408
    y2 1.52098765432
------------------------------------------------------
Analyzing Model:  m2
------------------------------------------------------
Application Inputs: State Variables
  Model Input Variables:
    y1 -0.867581161408
    y2 1.52098765432
  Model Output Variables:
    f -1.31958023562
  Model Output Values:
    f -1.31958023562
Application Outputs: State Variables
Application Outputs: Decision Variables
  x1 -0.441975308642
  x2 1.96296296296
  y1 -0.867581161408
  y2 1.52098765432
  f -1.31958023562
  Trial Point:  [-0.60000000000000009, 1.8839506172839504]
------------------------------------------------------
------------------------------------------------------
SoS Iteration: 
------------------------------------------------------
------------------------------------------------------
------------------------------------------------------
Analyzing Model:  m1
------------------------------------------------------
Application Inputs: State Variables
  Model Input Variables:
    x2 1.88395061728
    x1 -0.6
  Model Output Variables:
    y1 -1.13037037037
    y2 1.28395061728
  Model Output Values:
    y1 -1.13037037037
    y2 1.28395061728
------------------------------------------------------
Analyzing Model:  m2
------------------------------------------------------
Application Inputs: State Variables
  Model Input Variables:
    y1 -1.13037037037
    y2 1.28395061728
  Model Output Variables:
    f -1.4513397348
  Model Output Values:
    f -1.4513397348
Application Outputs: State Variables
Application Outputs: Decision Variables
  x1 -0.6
  x2 1.88395061728
  y1 -1.13037037037
  y2 1.28395061728
  f -1.4513397348
  Trial Point:  [-0.60000000000000009, 2.041975308641975]
PatternSearch 11 [-0.75802469135802475, 1.9629629629629628] -1.79291729468 1.58024691358
  Trial Point:  [-1.0740740740740742, 1.9629629629629628]
  Trial Point:  [-0.44197530864197537, 1.9629629629629628]
------------------------------------------------------
------------------------------------------------------
SoS Iteration: 
------------------------------------------------------
------------------------------------------------------
------------------------------------------------------
Analyzing Model:  m1
------------------------------------------------------
Application Inputs: State Variables
  Model Input Variables:
    x2 1.96296296296
    x1 -0.441975308642
  Model Output Variables:
    y1 -0.867581161408
    y2 1.52098765432
  Model Output Values:
    y1 -0.867581161408
    y2 1.52098765432
------------------------------------------------------
Analyzing Model:  m2
------------------------------------------------------
Application Inputs: State Variables
  Model Input Variables:
    y1 -0.867581161408
    y2 1.52098765432
  Model Output Variables:
    f -1.31958023562
  Model Output Values:
    f -1.31958023562
Application Outputs: State Variables
Application Outputs: Decision Variables
  x1 -0.441975308642
  x2 1.96296296296
  y1 -0.867581161408
  y2 1.52098765432
  f -1.31958023562
  Trial Point:  [-0.75802469135802475, 1.804938271604938]
------------------------------------------------------
------------------------------------------------------
SoS Iteration: 
------------------------------------------------------
------------------------------------------------------
------------------------------------------------------
Analyzing Model:  m1
------------------------------------------------------
Application Inputs: State Variables
  Model Input Variables:
    x2 1.8049382716
    x1 -0.758024691358
  Model Output Variables:
    y1 -1.36818777625
    y2 1.04691358025
  Model Output Values:
    y1 -1.36818777625
    y2 1.04691358025
------------------------------------------------------
Analyzing Model:  m2
------------------------------------------------------
Application Inputs: State Variables
  Model Input Variables:
    y1 -1.36818777625
    y2 1.04691358025
  Model Output Variables:
    f -1.43237436329
  Model Output Values:
    f -1.43237436329
Application Outputs: State Variables
Application Outputs: Decision Variables
  x1 -0.758024691358
  x2 1.8049382716
  y1 -1.36818777625
  y2 1.04691358025
  f -1.43237436329
  Trial Point:  [-0.75802469135802475, 2.1209876543209876]
PatternSearch 12 [-0.75802469135802475, 1.9629629629629628] -1.79291729468 0.526748971193
  Trial Point:  [-0.86337448559670782, 1.9629629629629628]
------------------------------------------------------
------------------------------------------------------
SoS Iteration: 
------------------------------------------------------
------------------------------------------------------
------------------------------------------------------
Analyzing Model:  m1
------------------------------------------------------
Application Inputs: State Variables
  Model Input Variables:
    x2 1.96296296296
    x1 -0.863374485597
  Model Output Variables:
    y1 -1.69477213839
    y2 1.09958847737
  Model Output Values:
    y1 -1.69477213839
    y2 1.09958847737
------------------------------------------------------
Analyzing Model:  m2
------------------------------------------------------
Application Inputs: State Variables
  Model Input Variables:
    y1 -1.69477213839
    y2 1.09958847737
  Model Output Variables:
    f -1.86355191514
  Model Output Values:
    f -1.86355191514
Application Outputs: State Variables
Application Outputs: Decision Variables
  x1 -0.863374485597
  x2 1.96296296296
  y1 -1.69477213839
  y2 1.09958847737
  f -1.86355191514
  Trial Point:  [-0.65267489711934168, 1.9629629629629628]
------------------------------------------------------
------------------------------------------------------
SoS Iteration: 
------------------------------------------------------
------------------------------------------------------
------------------------------------------------------
Analyzing Model:  m1
------------------------------------------------------
Application Inputs: State Variables
  Model Input Variables:
    x2 1.96296296296
    x1 -0.652674897119
  Model Output Variables:
    y1 -1.2811766499
    y2 1.31028806584
  Model Output Values:
    y1 -1.2811766499
    y2 1.31028806584
------------------------------------------------------
Analyzing Model:  m2
------------------------------------------------------
Application Inputs: State Variables
  Model Input Variables:
    y1 -1.2811766499
    y2 1.31028806584
  Model Output Variables:
    f -1.6787104746
  Model Output Values:
    f -1.6787104746
Application Outputs: State Variables
Application Outputs: Decision Variables
  x1 -0.652674897119
  x2 1.96296296296
  y1 -1.2811766499
  y2 1.31028806584
  f -1.6787104746
  Trial Point:  [-0.75802469135802475, 1.9102880658436212]
------------------------------------------------------
------------------------------------------------------
SoS Iteration: 
------------------------------------------------------
------------------------------------------------------
------------------------------------------------------
Analyzing Model:  m1
------------------------------------------------------
Application Inputs: State Variables
  Model Input Variables:
    x2 1.91028806584
    x1 -0.758024691358
  Model Output Variables:
    y1 -1.44804552152
    y2 1.15226337449
  Model Output Values:
    y1 -1.44804552152
    y2 1.15226337449
------------------------------------------------------
Analyzing Model:  m2
------------------------------------------------------
Application Inputs: State Variables
  Model Input Variables:
    y1 -1.44804552152
    y2 1.15226337449
  Model Output Variables:
    f -1.66852981903
  Model Output Values:
    f -1.66852981903
Application Outputs: State Variables
Application Outputs: Decision Variables
  x1 -0.758024691358
  x2 1.91028806584
  y1 -1.44804552152
  y2 1.15226337449
  f -1.66852981903
  Trial Point:  [-0.75802469135802475, 2.0156378600823044]
PatternSearch 13 [-0.86337448559670782, 1.9629629629629628] -1.86355191514 1.05349794239
  Trial Point:  [-1.074074074074074, 1.9629629629629628]
  Trial Point:  [-0.65267489711934157, 1.9629629629629628]
------------------------------------------------------
------------------------------------------------------
SoS Iteration: 
------------------------------------------------------
------------------------------------------------------
------------------------------------------------------
Analyzing Model:  m1
------------------------------------------------------
Application Inputs: State Variables
  Model Input Variables:
    x2 1.96296296296
    x1 -0.652674897119
  Model Output Variables:
    y1 -1.2811766499
    y2 1.31028806584
  Model Output Values:
    y1 -1.2811766499
    y2 1.31028806584
------------------------------------------------------
Analyzing Model:  m2
------------------------------------------------------
Application Inputs: State Variables
  Model Input Variables:
    y1 -1.2811766499
    y2 1.31028806584
  Model Output Variables:
    f -1.6787104746
  Model Output Values:
    f -1.6787104746
Application Outputs: State Variables
Application Outputs: Decision Variables
  x1 -0.652674897119
  x2 1.96296296296
  y1 -1.2811766499
  y2 1.31028806584
  f -1.6787104746
  Trial Point:  [-0.86337448559670782, 1.8576131687242796]
------------------------------------------------------
------------------------------------------------------
SoS Iteration: 
------------------------------------------------------
------------------------------------------------------
------------------------------------------------------
Analyzing Model:  m1
------------------------------------------------------
Application Inputs: State Variables
  Model Input Variables:
    x2 1.85761316872
    x1 -0.863374485597
  Model Output Variables:
    y1 -1.60381581398
    y2 0.994238683128
  Model Output Values:
    y1 -1.60381581398
    y2 0.994238683128
------------------------------------------------------
Analyzing Model:  m2
------------------------------------------------------
Application Inputs: State Variables
  Model Input Variables:
    y1 -1.60381581398
    y2 0.994238683128
  Model Output Variables:
    f -1.59457572288
  Model Output Values:
    f -1.59457572288
Application Outputs: State Variables
Application Outputs: Decision Variables
  x1 -0.863374485597
  x2 1.85761316872
  y1 -1.60381581398
  y2 0.994238683128
  f -1.59457572288
  Trial Point:  [-0.86337448559670782, 2.068312757201646]
PatternSearch 14 [-0.86337448559670782, 1.9629629629629628] -1.86355191514 0.351165980796
  Trial Point:  [-0.93360768175582987, 1.9629629629629628]
------------------------------------------------------
------------------------------------------------------
SoS Iteration: 
------------------------------------------------------
------------------------------------------------------
------------------------------------------------------
Analyzing Model:  m1
------------------------------------------------------
Application Inputs: State Variables
  Model Input Variables:
    x2 1.96296296296
    x1 -0.933607681756
  Model Output Variables:
    y1 -1.83263730122
    y2 1.02935528121
  Model Output Values:
    y1 -1.83263730122
    y2 1.02935528121
------------------------------------------------------
Analyzing Model:  m2
------------------------------------------------------
Application Inputs: State Variables
  Model Input Variables:
    y1 -1.83263730122
    y2 1.02935528121
  Model Output Variables:
    f -1.88643488455
  Model Output Values:
    f -1.88643488455
Application Outputs: State Variables
Application Outputs: Decision Variables
  x1 -0.933607681756
  x2 1.96296296296
  y1 -1.83263730122
  y2 1.02935528121
  f -1.88643488455
  Trial Point:  [-0.79314128943758577, 1.9629629629629628]
------------------------------------------------------
------------------------------------------------------
SoS Iteration: 
------------------------------------------------------
------------------------------------------------------
------------------------------------------------------
Analyzing Model:  m1
------------------------------------------------------
Application Inputs: State Variables
  Model Input Variables:
    x2 1.96296296296
    x1 -0.793141289438
  Model Output Variables:
    y1 -1.55690697556
    y2 1.16982167353
  Model Output Values:
    y1 -1.55690697556
    y2 1.16982167353
------------------------------------------------------
Analyzing Model:  m2
------------------------------------------------------
Application Inputs: State Variables
  Model Input Variables:
    y1 -1.55690697556
    y2 1.16982167353
  Model Output Variables:
    f -1.82130352368
  Model Output Values:
    f -1.82130352368
Application Outputs: State Variables
Application Outputs: Decision Variables
  x1 -0.793141289438
  x2 1.96296296296
  y1 -1.55690697556
  y2 1.16982167353
  f -1.82130352368
  Trial Point:  [-0.86337448559670782, 1.9278463648834017]
------------------------------------------------------
------------------------------------------------------
SoS Iteration: 
------------------------------------------------------
------------------------------------------------------
------------------------------------------------------
Analyzing Model:  m1
------------------------------------------------------
Application Inputs: State Variables
  Model Input Variables:
    x2 1.92784636488
    x1 -0.863374485597
  Model Output Variables:
    y1 -1.66445336359
    y2 1.06447187929
  Model Output Values:
    y1 -1.66445336359
    y2 1.06447187929
------------------------------------------------------
Analyzing Model:  m2
------------------------------------------------------
Application Inputs: State Variables
  Model Input Variables:
    y1 -1.66445336359
    y2 1.06447187929
  Model Output Variables:
    f -1.77176379993
  Model Output Values:
    f -1.77176379993
Application Outputs: State Variables
Application Outputs: Decision Variables
  x1 -0.863374485597
  x2 1.92784636488
  y1 -1.66445336359
  y2 1.06447187929
  f -1.77176379993
  Trial Point:  [-0.86337448559670782, 1.9980795610425239]
------------------------------------------------------
------------------------------------------------------
SoS Iteration: 
------------------------------------------------------
------------------------------------------------------
------------------------------------------------------
Analyzing Model:  m1
------------------------------------------------------
Application Inputs: State Variables
  Model Input Variables:
    x2 1.99807956104
    x1 -0.863374485597
  Model Output Variables:
    y1 -1.7250909132
    y2 1.13470507545
  Model Output Values:
    y1 -1.7250909132
    y2 1.13470507545
------------------------------------------------------
Analyzing Model:  m2
------------------------------------------------------
Application Inputs: State Variables
  Model Input Variables:
    y1 -1.7250909132
    y2 1.13470507545
  Model Output Variables:
    f -1.95746941481
  Model Output Values:
    f -1.95746941481
Application Outputs: State Variables
Application Outputs: Decision Variables
  x1 -0.863374485597
  x2 1.99807956104
  y1 -1.7250909132
  y2 1.13470507545
  f -1.95746941481
PatternSearch 15 [-0.86337448559670782, 1.9980795610425239] -1.95746941481 0.702331961591
  Trial Point:  [-1.0038408779149519, 1.9980795610425239]
  Trial Point:  [-0.72290809327846361, 1.9980795610425239]
------------------------------------------------------
------------------------------------------------------
SoS Iteration: 
------------------------------------------------------
------------------------------------------------------
------------------------------------------------------
Analyzing Model:  m1
------------------------------------------------------
Application Inputs: State Variables
  Model Input Variables:
    x2 1.99807956104
    x1 -0.722908093278
  Model Output Variables:
    y1 -1.44442788569
    y2 1.27517146776
  Model Output Values:
    y1 -1.44442788569
    y2 1.27517146776
------------------------------------------------------
Analyzing Model:  m2
------------------------------------------------------
Application Inputs: State Variables
  Model Input Variables:
    y1 -1.44442788569
    y2 1.27517146776
  Model Output Variables:
    f -1.84189322708
  Model Output Values:
    f -1.84189322708
Application Outputs: State Variables
Application Outputs: Decision Variables
  x1 -0.722908093278
  x2 1.99807956104
  y1 -1.44442788569
  y2 1.27517146776
  f -1.84189322708
  Trial Point:  [-0.86337448559670782, 1.9278463648834019]
------------------------------------------------------
------------------------------------------------------
SoS Iteration: 
------------------------------------------------------
------------------------------------------------------
------------------------------------------------------
Analyzing Model:  m1
------------------------------------------------------
Application Inputs: State Variables
  Model Input Variables:
    x2 1.92784636488
    x1 -0.863374485597
  Model Output Variables:
    y1 -1.66445336359
    y2 1.06447187929
  Model Output Values:
    y1 -1.66445336359
    y2 1.06447187929
------------------------------------------------------
Analyzing Model:  m2
------------------------------------------------------
Application Inputs: State Variables
  Model Input Variables:
    y1 -1.66445336359
    y2 1.06447187929
  Model Output Variables:
    f -1.77176379993
  Model Output Values:
    f -1.77176379993
Application Outputs: State Variables
Application Outputs: Decision Variables
  x1 -0.863374485597
  x2 1.92784636488
  y1 -1.66445336359
  y2 1.06447187929
  f -1.77176379993
  Trial Point:  [-0.86337448559670782, 2.068312757201646]
PatternSearch 16 [-0.86337448559670782, 1.9980795610425239] -1.95746941481 0.234110653864
  Trial Point:  [-0.91019661636945592, 1.9980795610425239]
------------------------------------------------------
------------------------------------------------------
SoS Iteration: 
------------------------------------------------------
------------------------------------------------------
------------------------------------------------------
Analyzing Model:  m1
------------------------------------------------------
Application Inputs: State Variables
  Model Input Variables:
    x2 1.99807956104
    x1 -0.910196616369
  Model Output Variables:
    y1 -1.8186452557
    y2 1.08788294467
  Model Output Values:
    y1 -1.8186452557
    y2 1.08788294467
------------------------------------------------------
Analyzing Model:  m2
------------------------------------------------------
Application Inputs: State Variables
  Model Input Variables:
    y1 -1.8186452557
    y2 1.08788294467
  Model Output Variables:
    f -1.97847315608
  Model Output Values:
    f -1.97847315608
Application Outputs: State Variables
Application Outputs: Decision Variables
  x1 -0.910196616369
  x2 1.99807956104
  y1 -1.8186452557
  y2 1.08788294467
  f -1.97847315608
  Trial Point:  [-0.81655235482395971, 1.9980795610425239]
------------------------------------------------------
------------------------------------------------------
SoS Iteration: 
------------------------------------------------------
------------------------------------------------------
------------------------------------------------------
Analyzing Model:  m1
------------------------------------------------------
Application Inputs: State Variables
  Model Input Variables:
    x2 1.99807956104
    x1 -0.816552354824
  Model Output Variables:
    y1 -1.63153657069
    y2 1.18152720622
  Model Output Values:
    y1 -1.63153657069
    y2 1.18152720622
------------------------------------------------------
Analyzing Model:  m2
------------------------------------------------------
Application Inputs: State Variables
  Model Input Variables:
    y1 -1.63153657069
    y2 1.18152720622
  Model Output Variables:
    f -1.92770484622
  Model Output Values:
    f -1.92770484622
Application Outputs: State Variables
Application Outputs: Decision Variables
  x1 -0.816552354824
  x2 1.99807956104
  y1 -1.63153657069
  y2 1.18152720622
  f -1.92770484622
  Trial Point:  [-0.86337448559670782, 1.97466849565615]
------------------------------------------------------
------------------------------------------------------
SoS Iteration: 
------------------------------------------------------
------------------------------------------------------
------------------------------------------------------
Analyzing Model:  m1
------------------------------------------------------
Application Inputs: State Variables
  Model Input Variables:
    x2 1.97466849566
    x1 -0.863374485597
  Model Output Variables:
    y1 -1.70487839666
    y2 1.11129401006
  Model Output Values:
    y1 -1.70487839666
    y2 1.11129401006
------------------------------------------------------
Analyzing Model:  m2
------------------------------------------------------
Application Inputs: State Variables
  Model Input Variables:
    y1 -1.70487839666
    y2 1.11129401006
  Model Output Variables:
    f -1.89462115009
  Model Output Values:
    f -1.89462115009
Application Outputs: State Variables
Application Outputs: Decision Variables
  x1 -0.863374485597
  x2 1.97466849566
  y1 -1.70487839666
  y2 1.11129401006
  f -1.89462115009
  Trial Point:  [-0.86337448559670782, 2.0214906264288981]
PatternSearch 17 [-0.91019661636945592, 1.9980795610425239] -1.97847315608 0.468221307727
  Trial Point:  [-1.0038408779149521, 1.9980795610425239]
  Trial Point:  [-0.81655235482395983, 1.9980795610425239]
------------------------------------------------------
------------------------------------------------------
SoS Iteration: 
------------------------------------------------------
------------------------------------------------------
------------------------------------------------------
Analyzing Model:  m1
------------------------------------------------------
Application Inputs: State Variables
  Model Input Variables:
    x2 1.99807956104
    x1 -0.816552354824
  Model Output Variables:
    y1 -1.63153657069
    y2 1.18152720622
  Model Output Values:
    y1 -1.63153657069
    y2 1.18152720622
------------------------------------------------------
Analyzing Model:  m2
------------------------------------------------------
Application Inputs: State Variables
  Model Input Variables:
    y1 -1.63153657069
    y2 1.18152720622
  Model Output Variables:
    f -1.92770484622
  Model Output Values:
    f -1.92770484622
Application Outputs: State Variables
Application Outputs: Decision Variables
  x1 -0.816552354824
  x2 1.99807956104
  y1 -1.63153657069
  y2 1.18152720622
  f -1.92770484622
  Trial Point:  [-0.91019661636945592, 1.9512574302697758]
------------------------------------------------------
------------------------------------------------------
SoS Iteration: 
------------------------------------------------------
------------------------------------------------------
------------------------------------------------------
Analyzing Model:  m1
------------------------------------------------------
Application Inputs: State Variables
  Model Input Variables:
    x2 1.95125743027
    x1 -0.910196616369
  Model Output Variables:
    y1 -1.7760279107
    y2 1.0410608139
  Model Output Values:
    y1 -1.7760279107
    y2 1.0410608139
------------------------------------------------------
Analyzing Model:  m2
------------------------------------------------------
Application Inputs: State Variables
  Model Input Variables:
    y1 -1.7760279107
    y2 1.0410608139
  Model Output Variables:
    f -1.84895306222
  Model Output Values:
    f -1.84895306222
Application Outputs: State Variables
Application Outputs: Decision Variables
  x1 -0.910196616369
  x2 1.95125743027
  y1 -1.7760279107
  y2 1.0410608139
  f -1.84895306222
  Trial Point:  [-0.91019661636945592, 2.044901691815272]
PatternSearch 18 [-0.91019661636945592, 1.9980795610425239] -1.97847315608 0.156073769242
  Trial Point:  [-0.94141137021795462, 1.9980795610425239]
------------------------------------------------------
------------------------------------------------------
SoS Iteration: 
------------------------------------------------------
------------------------------------------------------
------------------------------------------------------
Analyzing Model:  m1
------------------------------------------------------
Application Inputs: State Variables
  Model Input Variables:
    x2 1.99807956104
    x1 -0.941411370218
  Model Output Variables:
    y1 -1.88101481737
    y2 1.05666819082
  Model Output Values:
    y1 -1.88101481737
    y2 1.05666819082
------------------------------------------------------
Analyzing Model:  m2
------------------------------------------------------
Application Inputs: State Variables
  Model Input Variables:
    y1 -1.88101481737
    y2 1.05666819082
  Model Output Variables:
    f -1.98760852398
  Model Output Values:
    f -1.98760852398
Application Outputs: State Variables
Application Outputs: Decision Variables
  x1 -0.941411370218
  x2 1.99807956104
  y1 -1.88101481737
  y2 1.05666819082
  f -1.98760852398
  Trial Point:  [-0.87898186252095722, 1.9980795610425239]
------------------------------------------------------
------------------------------------------------------
SoS Iteration: 
------------------------------------------------------
------------------------------------------------------
------------------------------------------------------
Analyzing Model:  m1
------------------------------------------------------
Application Inputs: State Variables
  Model Input Variables:
    x2 1.99807956104
    x1 -0.878981862521
  Model Output Variables:
    y1 -1.75627569403
    y2 1.11909769852
  Model Output Values:
    y1 -1.75627569403
    y2 1.11909769852
------------------------------------------------------
Analyzing Model:  m2
------------------------------------------------------
Application Inputs: State Variables
  Model Input Variables:
    y1 -1.75627569403
    y2 1.11909769852
  Model Output Variables:
    f -1.96544408716
  Model Output Values:
    f -1.96544408716
Application Outputs: State Variables
Application Outputs: Decision Variables
  x1 -0.878981862521
  x2 1.99807956104
  y1 -1.75627569403
  y2 1.11909769852
  f -1.96544408716
  Trial Point:  [-0.91019661636945592, 1.9824721841182746]
------------------------------------------------------
------------------------------------------------------
SoS Iteration: 
------------------------------------------------------
------------------------------------------------------
------------------------------------------------------
Analyzing Model:  m1
------------------------------------------------------
Application Inputs: State Variables
  Model Input Variables:
    x2 1.98247218412
    x1 -0.910196616369
  Model Output Variables:
    y1 -1.80443947403
    y2 1.07227556775
  Model Output Values:
    y1 -1.80443947403
    y2 1.07227556775
------------------------------------------------------
Analyzing Model:  m2
------------------------------------------------------
Application Inputs: State Variables
  Model Input Variables:
    y1 -1.80443947403
    y2 1.07227556775
  Model Output Variables:
    f -1.93485636148
  Model Output Values:
    f -1.93485636148
Application Outputs: State Variables
Application Outputs: Decision Variables
  x1 -0.910196616369
  x2 1.98247218412
  y1 -1.80443947403
  y2 1.07227556775
  f -1.93485636148
  Trial Point:  [-0.91019661636945592, 2.0136869379667734]
PatternSearch 19 [-0.94141137021795462, 1.9980795610425239] -1.98760852398 0.312147538485
  Trial Point:  [-1.0038408779149521, 1.9980795610425239]
  Trial Point:  [-0.87898186252095722, 1.9980795610425239]
------------------------------------------------------
------------------------------------------------------
SoS Iteration: 
------------------------------------------------------
------------------------------------------------------
------------------------------------------------------
Analyzing Model:  m1
------------------------------------------------------
Application Inputs: State Variables
  Model Input Variables:
    x2 1.99807956104
    x1 -0.878981862521
  Model Output Variables:
    y1 -1.75627569403
    y2 1.11909769852
  Model Output Values:
    y1 -1.75627569403
    y2 1.11909769852
------------------------------------------------------
Analyzing Model:  m2
------------------------------------------------------
Application Inputs: State Variables
  Model Input Variables:
    y1 -1.75627569403
    y2 1.11909769852
  Model Output Variables:
    f -1.96544408716
  Model Output Values:
    f -1.96544408716
Application Outputs: State Variables
Application Outputs: Decision Variables
  x1 -0.878981862521
  x2 1.99807956104
  y1 -1.75627569403
  y2 1.11909769852
  f -1.96544408716
  Trial Point:  [-0.94141137021795462, 1.9668648071940251]
------------------------------------------------------
------------------------------------------------------
SoS Iteration: 
------------------------------------------------------
------------------------------------------------------
------------------------------------------------------
Analyzing Model:  m1
------------------------------------------------------
Application Inputs: State Variables
  Model Input Variables:
    x2 1.96686480719
    x1 -0.941411370218
  Model Output Variables:
    y1 -1.85162889317
    y2 1.02545343698
  Model Output Values:
    y1 -1.85162889317
    y2 1.02545343698
------------------------------------------------------
Analyzing Model:  m2
------------------------------------------------------
Application Inputs: State Variables
  Model Input Variables:
    y1 -1.85162889317
    y2 1.02545343698
  Model Output Variables:
    f -1.89875921251
  Model Output Values:
    f -1.89875921251
Application Outputs: State Variables
Application Outputs: Decision Variables
  x1 -0.941411370218
  x2 1.96686480719
  y1 -1.85162889317
  y2 1.02545343698
  f -1.89875921251
  Trial Point:  [-0.94141137021795462, 2.0292943148910227]
PatternSearch 20 [-0.94141137021795462, 1.9980795610425239] -1.98760852398 0.104049179495
  Trial Point:  [-0.96222120611695372, 1.9980795610425239]
------------------------------------------------------
------------------------------------------------------
SoS Iteration: 
------------------------------------------------------
------------------------------------------------------
------------------------------------------------------
Analyzing Model:  m1
------------------------------------------------------
Application Inputs: State Variables
  Model Input Variables:
    x2 1.99807956104
    x1 -0.962221206117
  Model Output Variables:
    y1 -1.92259452514
    y2 1.03585835493
  Model Output Values:
    y1 -1.92259452514
    y2 1.03585835493
------------------------------------------------------
Analyzing Model:  m2
------------------------------------------------------
Application Inputs: State Variables
  Model Input Variables:
    y1 -1.92259452514
    y2 1.03585835493
  Model Output Variables:
    f -1.991535602
  Model Output Values:
    f -1.991535602
Application Outputs: State Variables
Application Outputs: Decision Variables
  x1 -0.962221206117
  x2 1.99807956104
  y1 -1.92259452514
  y2 1.03585835493
  f -1.991535602
  Trial Point:  [-0.92060153431895553, 1.9980795610425239]
------------------------------------------------------
------------------------------------------------------
SoS Iteration: 
------------------------------------------------------
------------------------------------------------------
------------------------------------------------------
Analyzing Model:  m1
------------------------------------------------------
Application Inputs: State Variables
  Model Input Variables:
    x2 1.99807956104
    x1 -0.920601534319
  Model Output Variables:
    y1 -1.83943510959
    y2 1.07747802672
  Model Output Values:
    y1 -1.83943510959
    y2 1.07747802672
------------------------------------------------------
Analyzing Model:  m2
------------------------------------------------------
Application Inputs: State Variables
  Model Input Variables:
    y1 -1.83943510959
    y2 1.07747802672
  Model Output Variables:
    f -1.98195091216
  Model Output Values:
    f -1.98195091216
Application Outputs: State Variables
Application Outputs: Decision Variables
  x1 -0.920601534319
  x2 1.99807956104
  y1 -1.83943510959
  y2 1.07747802672
  f -1.98195091216
  Trial Point:  [-0.94141137021795462, 1.9876746430930243]
------------------------------------------------------
------------------------------------------------------
SoS Iteration: 
------------------------------------------------------
------------------------------------------------------
------------------------------------------------------
Analyzing Model:  m1
------------------------------------------------------
Application Inputs: State Variables
  Model Input Variables:
    x2 1.98767464309
    x1 -0.941411370218
  Model Output Variables:
    y1 -1.8712195093
    y2 1.04626327288
  Model Output Values:
    y1 -1.8712195093
    y2 1.04626327288
------------------------------------------------------
Analyzing Model:  m2
------------------------------------------------------
Application Inputs: State Variables
  Model Input Variables:
    y1 -1.8712195093
    y2 1.04626327288
  Model Output Variables:
    f -1.95778824807
  Model Output Values:
    f -1.95778824807
Application Outputs: State Variables
Application Outputs: Decision Variables
  x1 -0.941411370218
  x2 1.98767464309
  y1 -1.8712195093
  y2 1.04626327288
  f -1.95778824807
  Trial Point:  [-0.94141137021795462, 2.0084844789920235]
PatternSearch 21 [-0.96222120611695372, 1.9980795610425239] -1.991535602 0.20809835899
  Trial Point:  [-1.0038408779149519, 1.9980795610425239]
  Trial Point:  [-0.92060153431895542, 1.9980795610425239]
------------------------------------------------------
------------------------------------------------------
SoS Iteration: 
------------------------------------------------------
------------------------------------------------------
------------------------------------------------------
Analyzing Model:  m1
------------------------------------------------------
Application Inputs: State Variables
  Model Input Variables:
    x2 1.99807956104
    x1 -0.920601534319
  Model Output Variables:
    y1 -1.83943510959
    y2 1.07747802672
  Model Output Values:
    y1 -1.83943510959
    y2 1.07747802672
------------------------------------------------------
Analyzing Model:  m2
------------------------------------------------------
Application Inputs: State Variables
  Model Input Variables:
    y1 -1.83943510959
    y2 1.07747802672
  Model Output Variables:
    f -1.98195091216
  Model Output Values:
    f -1.98195091216
Application Outputs: State Variables
Application Outputs: Decision Variables
  x1 -0.920601534319
  x2 1.99807956104
  y1 -1.83943510959
  y2 1.07747802672
  f -1.98195091216
  Trial Point:  [-0.96222120611695372, 1.9772697251435247]
------------------------------------------------------
------------------------------------------------------
SoS Iteration: 
------------------------------------------------------
------------------------------------------------------
------------------------------------------------------
Analyzing Model:  m1
------------------------------------------------------
Application Inputs: State Variables
  Model Input Variables:
    x2 1.97726972514
    x1 -0.962221206117
  Model Output Variables:
    y1 -1.90257085975
    y2 1.01504851903
  Model Output Values:
    y1 -1.90257085975
    y2 1.01504851903
------------------------------------------------------
Analyzing Model:  m2
------------------------------------------------------
Application Inputs: State Variables
  Model Input Variables:
    y1 -1.90257085975
    y2 1.01504851903
  Model Output Variables:
    f -1.93120173353
  Model Output Values:
    f -1.93120173353
Application Outputs: State Variables
Application Outputs: Decision Variables
  x1 -0.962221206117
  x2 1.97726972514
  y1 -1.90257085975
  y2 1.01504851903
  f -1.93120173353
  Trial Point:  [-0.96222120611695372, 2.0188893969415229]
PatternSearch 22 [-0.96222120611695372, 1.9980795610425239] -1.991535602 0.0693661196633
------------------------------------------------------
------------------------------------------------------
 Final Optimization Results: 
------------------------------------------------------
------------------------------------------------------
==========================================================
---  Solver Results                                    ---
==========================================================
----------------------------------------------------------
------  Problem Information                         ------
----------------------------------------------------------
  lower_bound: None
  name: None
  num_constraints: 0
  num_objectives: 1
  num_variables: None
  sense: minimize
  upper_bound: -1.991535602
----------------------------------------------------------
------  Solver Information                          ------
----------------------------------------------------------
  curr_iteration: 22
  final_delta: 0.0693661196633
  status: ok
  systime: None
  usrtime: None
----------------------------------------------------------
------  Solution 0
----------------------------------------------------------
  gap: None
  status: bestSoFar
  value: -1.991535602
  Primal Variables
        0	-0.962221206117
        1	1.99807956104
----------------------------------------------------------
Termination Status -  unknown

Application Cache

  FORMAT=simple

0 0.0 1.0 0.0 1.0 0.0 0.0 
1 -0.2 1.0 -0.2 0.8 -0.16 -0.16 
2 0.2 1.0 0.2 1.2 0.24 0.24 
3 0.0 1.1 0.0 1.1 0.0 0.0 
4 -0.6 1.0 -0.6 0.4 -0.24 -0.24 
5 -0.2 1.2 -0.24 1.0 -0.24 -0.24 
6 0.2 1.0 0.2 1.2 0.24 0.24 
7 -0.6 1.4 -0.84 0.8 -0.672 -0.672 
8 1.0 1.4 1.4 2.4 3.36 3.36 
9 -0.0666666666667 1.4 -0.0933333333333 1.33333333333 -0.124444444444 -0.124444444444 
10 -0.6 1.13333333333 -0.68 0.533333333333 -0.362666666667 -0.362666666667 
11 -0.6 1.66666666667 -1.0 1.06666666667 -1.06666666667 -1.06666666667 
12 0.466666666667 1.66666666667 0.777777777778 2.13333333333 1.65925925926 1.65925925926 
13 -0.955555555556 1.66666666667 -1.59259259259 0.711111111111 -1.13251028807 -1.13251028807 
14 -0.244444444444 1.66666666667 -0.407407407407 1.42222222222 -0.579423868313 -0.579423868313 
15 -0.6 1.48888888889 -0.893333333333 0.888888888889 -0.794074074074 -0.794074074074 
16 -0.6 1.84444444444 -1.10666666667 1.24444444444 -1.37718518519 -1.37718518519 
17 0.111111111111 1.84444444444 0.204938271605 1.95555555556 0.400768175583 0.400768175583 
18 -0.837037037037 1.84444444444 -1.54386831276 1.00740740741 -1.55530437433 -1.55530437433 
19 -0.362962962963 1.84444444444 -0.669465020576 1.48148148148 -0.991800030483 -0.991800030483 
20 -0.6 1.72592592593 -1.03555555556 1.12592592593 -1.16595884774 -1.16595884774 
21 -0.6 1.96296296296 -1.17777777778 1.36296296296 -1.60526748971 -1.60526748971 
22 -0.125925925926 1.96296296296 -0.247187928669 1.83703703704 -0.454093380074 -0.454093380074 
23 -0.758024691358 1.96296296296 -1.48797439415 1.2049382716 -1.79291729468 -1.79291729468 
24 -0.441975308642 1.96296296296 -0.867581161408 1.52098765432 -1.31958023562 -1.31958023562 
25 -0.6 1.88395061728 -1.13037037037 1.28395061728 -1.4513397348 -1.4513397348 
26 -0.441975308642 1.96296296296 -0.867581161408 1.52098765432 -1.31958023562 -1.31958023562 
27 -0.758024691358 1.8049382716 -1.36818777625 1.04691358025 -1.43237436329 -1.43237436329 
28 -0.863374485597 1.96296296296 -1.69477213839 1.09958847737 -1.86355191514 -1.86355191514 
29 -0.652674897119 1.96296296296 -1.2811766499 1.31028806584 -1.6787104746 -1.6787104746 
30 -0.758024691358 1.91028806584 -1.44804552152 1.15226337449 -1.66852981903 -1.66852981903 
31 -0.652674897119 1.96296296296 -1.2811766499 1.31028806584 -1.6787104746 -1.6787104746 
32 -0.863374485597 1.85761316872 -1.60381581398 0.994238683128 -1.59457572288 -1.59457572288 
33 -0.933607681756 1.96296296296 -1.83263730122 1.02935528121 -1.88643488455 -1.88643488455 
34 -0.793141289438 1.96296296296 -1.55690697556 1.16982167353 -1.82130352368 -1.82130352368 
35 -0.863374485597 1.92784636488 -1.66445336359 1.06447187929 -1.77176379993 -1.77176379993 
36 -0.863374485597 1.99807956104 -1.7250909132 1.13470507545 -1.95746941481 -1.95746941481 
37 -0.722908093278 1.99807956104 -1.44442788569 1.27517146776 -1.84189322708 -1.84189322708 
38 -0.863374485597 1.92784636488 -1.66445336359 1.06447187929 -1.77176379993 -1.77176379993 
39 -0.910196616369 1.99807956104 -1.8186452557 1.08788294467 -1.97847315608 -1.97847315608 
40 -0.816552354824 1.99807956104 -1.63153657069 1.18152720622 -1.92770484622 -1.92770484622 
41 -0.863374485597 1.97466849566 -1.70487839666 1.11129401006 -1.89462115009 -1.89462115009 
42 -0.816552354824 1.99807956104 -1.63153657069 1.18152720622 -1.92770484622 -1.92770484622 
43 -0.910196616369 1.95125743027 -1.7760279107 1.0410608139 -1.84895306222 -1.84895306222 
44 -0.941411370218 1.99807956104 -1.88101481737 1.05666819082 -1.98760852398 -1.98760852398 
45 -0.878981862521 1.99807956104 -1.75627569403 1.11909769852 -1.96544408716 -1.96544408716 
46 -0.910196616369 1.98247218412 -1.80443947403 1.07227556775 -1.93485636148 -1.93485636148 
47 -0.941411370218 1.96686480719 -1.85162889317 1.02545343698 -1.89875921251 -1.89875921251 
48 -0.962221206117 1.99807956104 -1.92259452514 1.03585835493 -1.991535602 -1.991535602 
49 -0.920601534319 1.99807956104 -1.83943510959 1.07747802672 -1.98195091216 -1.98195091216 
50 -0.941411370218 1.98767464309 -1.8712195093 1.04626327288 -1.95778824807 -1.95778824807 
51 -0.920601534319 1.99807956104 -1.83943510959 1.07747802672 -1.98195091216 -1.98195091216 
52 -0.962221206117 1.97726972514 -1.90257085975 1.01504851903 -1.93120173353 -1.93120173353 

  FORMAT=verbose

iter=0 x1=0.0 x2=1.0 m1.y1=0.0 m1.y2=1.0 m2.f=0.0 response.f=0.0
iter=1 x1=-0.2 x2=1.0 m1.y1=-0.2 m1.y2=0.8 m2.f=-0.16 response.f=-0.16
iter=2 x1=0.2 x2=1.0 m1.y1=0.2 m1.y2=1.2 m2.f=0.24 response.f=0.24
iter=3 x1=0.0 x2=1.1 m1.y1=0.0 m1.y2=1.1 m2.f=0.0 response.f=0.0
iter=4 x1=-0.6 x2=1.0 m1.y1=-0.6 m1.y2=0.4 m2.f=-0.24 response.f=-0.24
iter=5 x1=-0.2 x2=1.2 m1.y1=-0.24 m1.y2=1.0 m2.f=-0.24 response.f=-0.24
iter=6 x1=0.2 x2=1.0 m1.y1=0.2 m1.y2=1.2 m2.f=0.24 response.f=0.24
iter=7 x1=-0.6 x2=1.4 m1.y1=-0.84 m1.y2=0.8 m2.f=-0.672 response.f=-0.672
iter=8 x1=1.0 x2=1.4 m1.y1=1.4 m1.y2=2.4 m2.f=3.36 response.f=3.36
iter=9 x1=-0.0666666666667 x2=1.4 m1.y1=-0.0933333333333 m1.y2=1.33333333333 m2.f=-0.124444444444 response.f=-0.124444444444
iter=10 x1=-0.6 x2=1.13333333333 m1.y1=-0.68 m1.y2=0.533333333333 m2.f=-0.362666666667 response.f=-0.362666666667
iter=11 x1=-0.6 x2=1.66666666667 m1.y1=-1.0 m1.y2=1.06666666667 m2.f=-1.06666666667 response.f=-1.06666666667
iter=12 x1=0.466666666667 x2=1.66666666667 m1.y1=0.777777777778 m1.y2=2.13333333333 m2.f=1.65925925926 response.f=1.65925925926
iter=13 x1=-0.955555555556 x2=1.66666666667 m1.y1=-1.59259259259 m1.y2=0.711111111111 m2.f=-1.13251028807 response.f=-1.13251028807
iter=14 x1=-0.244444444444 x2=1.66666666667 m1.y1=-0.407407407407 m1.y2=1.42222222222 m2.f=-0.579423868313 response.f=-0.579423868313
iter=15 x1=-0.6 x2=1.48888888889 m1.y1=-0.893333333333 m1.y2=0.888888888889 m2.f=-0.794074074074 response.f=-0.794074074074
iter=16 x1=-0.6 x2=1.84444444444 m1.y1=-1.10666666667 m1.y2=1.24444444444 m2.f=-1.37718518519 response.f=-1.37718518519
iter=17 x1=0.111111111111 x2=1.84444444444 m1.y1=0.204938271605 m1.y2=1.95555555556 m2.f=0.400768175583 response.f=0.400768175583
iter=18 x1=-0.837037037037 x2=1.84444444444 m1.y1=-1.54386831276 m1.y2=1.00740740741 m2.f=-1.55530437433 response.f=-1.55530437433
iter=19 x1=-0.362962962963 x2=1.84444444444 m1.y1=-0.669465020576 m1.y2=1.48148148148 m2.f=-0.991800030483 response.f=-0.991800030483
iter=20 x1=-0.6 x2=1.72592592593 m1.y1=-1.03555555556 m1.y2=1.12592592593 m2.f=-1.16595884774 response.f=-1.16595884774
iter=21 x1=-0.6 x2=1.96296296296 m1.y1=-1.17777777778 m1.y2=1.36296296296 m2.f=-1.60526748971 response.f=-1.60526748971
iter=22 x1=-0.125925925926 x2=1.96296296296 m1.y1=-0.247187928669 m1.y2=1.83703703704 m2.f=-0.454093380074 response.f=-0.454093380074
iter=23 x1=-0.758024691358 x2=1.96296296296 m1.y1=-1.48797439415 m1.y2=1.2049382716 m2.f=-1.79291729468 response.f=-1.79291729468
iter=24 x1=-0.441975308642 x2=1.96296296296 m1.y1=-0.867581161408 m1.y2=1.52098765432 m2.f=-1.31958023562 response.f=-1.31958023562
iter=25 x1=-0.6 x2=1.88395061728 m1.y1=-1.13037037037 m1.y2=1.28395061728 m2.f=-1.4513397348 response.f=-1.4513397348
iter=26 x1=-0.441975308642 x2=1.96296296296 m1.y1=-0.867581161408 m1.y2=1.52098765432 m2.f=-1.31958023562 response.f=-1.31958023562
iter=27 x1=-0.758024691358 x2=1.8049382716 m1.y1=-1.36818777625 m1.y2=1.04691358025 m2.f=-1.43237436329 response.f=-1.43237436329
iter=28 x1=-0.863374485597 x2=1.96296296296 m1.y1=-1.69477213839 m1.y2=1.09958847737 m2.f=-1.86355191514 response.f=-1.86355191514
iter=29 x1=-0.652674897119 x2=1.96296296296 m1.y1=-1.2811766499 m1.y2=1.31028806584 m2.f=-1.6787104746 response.f=-1.6787104746
iter=30 x1=-0.758024691358 x2=1.91028806584 m1.y1=-1.44804552152 m1.y2=1.15226337449 m2.f=-1.66852981903 response.f=-1.66852981903
iter=31 x1=-0.652674897119 x2=1.96296296296 m1.y1=-1.2811766499 m1.y2=1.31028806584 m2.f=-1.6787104746 response.f=-1.6787104746
iter=32 x1=-0.863374485597 x2=1.85761316872 m1.y1=-1.60381581398 m1.y2=0.994238683128 m2.f=-1.59457572288 response.f=-1.59457572288
iter=33 x1=-0.933607681756 x2=1.96296296296 m1.y1=-1.83263730122 m1.y2=1.02935528121 m2.f=-1.88643488455 response.f=-1.88643488455
iter=34 x1=-0.793141289438 x2=1.96296296296 m1.y1=-1.55690697556 m1.y2=1.16982167353 m2.f=-1.82130352368 response.f=-1.82130352368
iter=35 x1=-0.863374485597 x2=1.92784636488 m1.y1=-1.66445336359 m1.y2=1.06447187929 m2.f=-1.77176379993 response.f=-1.77176379993
iter=36 x1=-0.863374485597 x2=1.99807956104 m1.y1=-1.7250909132 m1.y2=1.13470507545 m2.f=-1.95746941481 response.f=-1.95746941481
iter=37 x1=-0.722908093278 x2=1.99807956104 m1.y1=-1.44442788569 m1.y2=1.27517146776 m2.f=-1.84189322708 response.f=-1.84189322708
iter=38 x1=-0.863374485597 x2=1.92784636488 m1.y1=-1.66445336359 m1.y2=1.06447187929 m2.f=-1.77176379993 response.f=-1.77176379993
iter=39 x1=-0.910196616369 x2=1.99807956104 m1.y1=-1.8186452557 m1.y2=1.08788294467 m2.f=-1.97847315608 response.f=-1.97847315608
iter=40 x1=-0.816552354824 x2=1.99807956104 m1.y1=-1.63153657069 m1.y2=1.18152720622 m2.f=-1.92770484622 response.f=-1.92770484622
iter=41 x1=-0.863374485597 x2=1.97466849566 m1.y1=-1.70487839666 m1.y2=1.11129401006 m2.f=-1.89462115009 response.f=-1.89462115009
iter=42 x1=-0.816552354824 x2=1.99807956104 m1.y1=-1.63153657069 m1.y2=1.18152720622 m2.f=-1.92770484622 response.f=-1.92770484622
iter=43 x1=-0.910196616369 x2=1.95125743027 m1.y1=-1.7760279107 m1.y2=1.0410608139 m2.f=-1.84895306222 response.f=-1.84895306222
iter=44 x1=-0.941411370218 x2=1.99807956104 m1.y1=-1.88101481737 m1.y2=1.05666819082 m2.f=-1.98760852398 response.f=-1.98760852398
iter=45 x1=-0.878981862521 x2=1.99807956104 m1.y1=-1.75627569403 m1.y2=1.11909769852 m2.f=-1.96544408716 response.f=-1.96544408716
iter=46 x1=-0.910196616369 x2=1.98247218412 m1.y1=-1.80443947403 m1.y2=1.07227556775 m2.f=-1.93485636148 response.f=-1.93485636148
iter=47 x1=-0.941411370218 x2=1.96686480719 m1.y1=-1.85162889317 m1.y2=1.02545343698 m2.f=-1.89875921251 response.f=-1.89875921251
iter=48 x1=-0.962221206117 x2=1.99807956104 m1.y1=-1.92259452514 m1.y2=1.03585835493 m2.f=-1.991535602 response.f=-1.991535602
iter=49 x1=-0.920601534319 x2=1.99807956104 m1.y1=-1.83943510959 m1.y2=1.07747802672 m2.f=-1.98195091216 response.f=-1.98195091216
iter=50 x1=-0.941411370218 x2=1.98767464309 m1.y1=-1.8712195093 m1.y2=1.04626327288 m2.f=-1.95778824807 response.f=-1.95778824807
iter=51 x1=-0.920601534319 x2=1.99807956104 m1.y1=-1.83943510959 m1.y2=1.07747802672 m2.f=-1.98195091216 response.f=-1.98195091216
iter=52 x1=-0.962221206117 x2=1.97726972514 m1.y1=-1.90257085975 m1.y2=1.01504851903 m2.f=-1.93120173353 response.f=-1.93120173353

  FORMAT=csv

iter,x1,x2,m1.y1,m1.y2,m2.f,response.f
0,0.0,1.0,0.0,1.0,0.0,0.0
1,-0.2,1.0,-0.2,0.8,-0.16,-0.16
2,0.2,1.0,0.2,1.2,0.24,0.24
3,0.0,1.1,0.0,1.1,0.0,0.0
4,-0.6,1.0,-0.6,0.4,-0.24,-0.24
5,-0.2,1.2,-0.24,1.0,-0.24,-0.24
6,0.2,1.0,0.2,1.2,0.24,0.24
7,-0.6,1.4,-0.84,0.8,-0.672,-0.672
8,1.0,1.4,1.4,2.4,3.36,3.36
9,-0.0666666666667,1.4,-0.0933333333333,1.33333333333,-0.124444444444,-0.124444444444
10,-0.6,1.13333333333,-0.68,0.533333333333,-0.362666666667,-0.362666666667
11,-0.6,1.66666666667,-1.0,1.06666666667,-1.06666666667,-1.06666666667
12,0.466666666667,1.66666666667,0.777777777778,2.13333333333,1.65925925926,1.65925925926
13,-0.955555555556,1.66666666667,-1.59259259259,0.711111111111,-1.13251028807,-1.13251028807
14,-0.244444444444,1.66666666667,-0.407407407407,1.42222222222,-0.579423868313,-0.579423868313
15,-0.6,1.48888888889,-0.893333333333,0.888888888889,-0.794074074074,-0.794074074074
16,-0.6,1.84444444444,-1.10666666667,1.24444444444,-1.37718518519,-1.37718518519
17,0.111111111111,1.84444444444,0.204938271605,1.95555555556,0.400768175583,0.400768175583
18,-0.837037037037,1.84444444444,-1.54386831276,1.00740740741,-1.55530437433,-1.55530437433
19,-0.362962962963,1.84444444444,-0.669465020576,1.48148148148,-0.991800030483,-0.991800030483
20,-0.6,1.72592592593,-1.03555555556,1.12592592593,-1.16595884774,-1.16595884774
21,-0.6,1.96296296296,-1.17777777778,1.36296296296,-1.60526748971,-1.60526748971
22,-0.125925925926,1.96296296296,-0.247187928669,1.83703703704,-0.454093380074,-0.454093380074
23,-0.758024691358,1.96296296296,-1.48797439415,1.2049382716,-1.79291729468,-1.79291729468
24,-0.441975308642,1.96296296296,-0.867581161408,1.52098765432,-1.31958023562,-1.31958023562
25,-0.6,1.88395061728,-1.13037037037,1.28395061728,-1.4513397348,-1.4513397348
26,-0.441975308642,1.96296296296,-0.867581161408,1.52098765432,-1.31958023562,-1.31958023562
27,-0.758024691358,1.8049382716,-1.36818777625,1.04691358025,-1.43237436329,-1.43237436329
28,-0.863374485597,1.96296296296,-1.69477213839,1.09958847737,-1.86355191514,-1.86355191514
29,-0.652674897119,1.96296296296,-1.2811766499,1.31028806584,-1.6787104746,-1.6787104746
30,-0.758024691358,1.91028806584,-1.44804552152,1.15226337449,-1.66852981903,-1.66852981903
31,-0.652674897119,1.96296296296,-1.2811766499,1.31028806584,-1.6787104746,-1.6787104746
32,-0.863374485597,1.85761316872,-1.60381581398,0.994238683128,-1.59457572288,-1.59457572288
33,-0.933607681756,1.96296296296,-1.83263730122,1.02935528121,-1.88643488455,-1.88643488455
34,-0.793141289438,1.96296296296,-1.55690697556,1.16982167353,-1.82130352368,-1.82130352368
35,-0.863374485597,1.92784636488,-1.66445336359,1.06447187929,-1.77176379993,-1.77176379993
36,-0.863374485597,1.99807956104,-1.7250909132,1.13470507545,-1.95746941481,-1.95746941481
37,-0.722908093278,1.99807956104,-1.44442788569,1.27517146776,-1.84189322708,-1.84189322708
38,-0.863374485597,1.92784636488,-1.66445336359,1.06447187929,-1.77176379993,-1.77176379993
39,-0.910196616369,1.99807956104,-1.8186452557,1.08788294467,-1.97847315608,-1.97847315608
40,-0.816552354824,1.99807956104,-1.63153657069,1.18152720622,-1.92770484622,-1.92770484622
41,-0.863374485597,1.97466849566,-1.70487839666,1.11129401006,-1.89462115009,-1.89462115009
42,-0.816552354824,1.99807956104,-1.63153657069,1.18152720622,-1.92770484622,-1.92770484622
43,-0.910196616369,1.95125743027,-1.7760279107,1.0410608139,-1.84895306222,-1.84895306222
44,-0.941411370218,1.99807956104,-1.88101481737,1.05666819082,-1.98760852398,-1.98760852398
45,-0.878981862521,1.99807956104,-1.75627569403,1.11909769852,-1.96544408716,-1.96544408716
46,-0.910196616369,1.98247218412,-1.80443947403,1.07227556775,-1.93485636148,-1.93485636148
47,-0.941411370218,1.96686480719,-1.85162889317,1.02545343698,-1.89875921251,-1.89875921251
48,-0.962221206117,1.99807956104,-1.92259452514,1.03585835493,-1.991535602,-1.991535602
49,-0.920601534319,1.99807956104,-1.83943510959,1.07747802672,-1.98195091216,-1.98195091216
50,-0.941411370218,1.98767464309,-1.8712195093,1.04626327288,-1.95778824807,-1.95778824807
51,-0.920601534319,1.99807956104,-1.83943510959,1.07747802672,-1.98195091216,-1.98195091216
52,-0.962221206117,1.97726972514,-1.90257085975,1.01504851903,-1.93120173353,-1.93120173353
