2012-11-18 23:08:42,487 - dexy - DEBUG - looking for doc config files in '.'
2012-11-18 23:08:42,487 - dexy - DEBUG - Removing any child directories of '.' that match excludes...
2012-11-18 23:08:42,487 - dexy - DEBUG -   skipping directory './artifacts' because it matches exclude 'artifacts'
2012-11-18 23:08:42,487 - dexy - DEBUG -   skipping directory './logs' because it matches exclude 'logs'
2012-11-18 23:08:42,487 - dexy - DEBUG -   skipping directory './output' because it matches exclude 'output'
2012-11-18 23:08:42,487 - dexy - DEBUG -   skipping directory './output-long' because it matches exclude 'output-long'
2012-11-18 23:08:42,487 - dexy - DEBUG - Removing any child directories of '.' that match excludes...
2012-11-18 23:08:42,487 - dexy - DEBUG - Removing any child directories of '.' that match excludes...
2012-11-18 23:08:42,487 - dexy - DEBUG - Removing any child directories of '.' that match excludes...
2012-11-18 23:08:42,487 - dexy - DEBUG - Removing any child directories of '.' that match excludes...
2012-11-18 23:08:42,487 - dexy - DEBUG - found doc config file './dexy.yaml':
chapters-for-book:
    - chapter*.rst|jinja

chapters-standalone:
    - chapter*.rst|jinja|rst2latex|latex

book.rst|jinja|rst2latex|latex:
    - chapters-for-book

book.rst|jinja|rst2html:
    - chapters-for-book


2012-11-18 23:08:42,489 - dexy - DEBUG - adding dependency of 'bundle:chapters-for-book' on 'doc:book.rst|jinja|rst2latex|latex'
2012-11-18 23:08:42,489 - dexy - DEBUG - adding dependency of 'pattern:chapter*.rst|jinja' on 'bundle:chapters-for-book'
2012-11-18 23:08:42,489 - dexy - DEBUG - adding dependency of 'bundle:chapters-for-book' on 'doc:book.rst|jinja|rst2html'
2012-11-18 23:08:42,489 - dexy - DEBUG - adding dependency of 'pattern:chapter*.rst|jinja|rst2latex|latex' on 'bundle:chapters-standalone'
2012-11-18 23:08:42,489 - dexy - DEBUG - Removing any child directories of '.' that match excludes...
2012-11-18 23:08:42,489 - dexy - DEBUG - Removing any child directories of '.' that match excludes...
2012-11-18 23:08:42,489 - dexy - DEBUG - AST completed:
2012-11-18 23:08:42,489 - dexy - DEBUG - tree:
2012-11-18 23:08:42,489 - dexy - DEBUG -   doc:book.rst|jinja|rst2latex|latex
2012-11-18 23:08:42,489 - dexy - DEBUG -   doc:book.rst|jinja|rst2html
2012-11-18 23:08:42,489 - dexy - DEBUG -   bundle:chapters-standalone
2012-11-18 23:08:42,489 - dexy - DEBUG - lookup table:
2012-11-18 23:08:42,489 - dexy - DEBUG -   bundle:chapters-for-book: {'children': ['pattern:chapter*.rst|jinja']}
2012-11-18 23:08:42,490 - dexy - DEBUG -   doc:book.rst|jinja|rst2latex|latex: {'children': ['bundle:chapters-for-book']}
2012-11-18 23:08:42,490 - dexy - DEBUG -   pattern:chapter*.rst|jinja: {'children': []}
2012-11-18 23:08:42,490 - dexy - DEBUG -   doc:book.rst|jinja|rst2html: {'children': ['bundle:chapters-for-book']}
2012-11-18 23:08:42,490 - dexy - DEBUG -   pattern:chapter*.rst|jinja|rst2latex|latex: {'children': []}
2012-11-18 23:08:42,490 - dexy - DEBUG -   bundle:chapters-standalone: {'children': ['pattern:chapter*.rst|jinja|rst2latex|latex']}
2012-11-18 23:08:42,490 - dexy - DEBUG - walking AST:
2012-11-18 23:08:42,490 - dexy - DEBUG - Creating task 'pattern:chapter*.rst|jinja' with children '()' with args '{'wrapper': <dexy.wrapper.Wrapper object at 0x36c4610>}'
2012-11-18 23:08:42,490 - dexy - DEBUG - Creating task 'bundle:chapters-for-book' with children '(PatternDoc:chapter*.rst|jinja,)' with args '{'wrapper': <dexy.wrapper.Wrapper object at 0x36c4610>}'
2012-11-18 23:08:42,490 - dexy - DEBUG - Creating task 'doc:book.rst|jinja|rst2latex|latex' with children '(BundleDoc:chapters-for-book,)' with args '{'wrapper': <dexy.wrapper.Wrapper object at 0x36c4610>}'
2012-11-18 23:08:42,490 - dexy - DEBUG - Creating task 'doc:book.rst|jinja|rst2html' with children '(BundleDoc:chapters-for-book,)' with args '{'wrapper': <dexy.wrapper.Wrapper object at 0x36c4610>}'
2012-11-18 23:08:42,490 - dexy - DEBUG - Creating task 'pattern:chapter*.rst|jinja|rst2latex|latex' with children '()' with args '{'wrapper': <dexy.wrapper.Wrapper object at 0x36c4610>}'
2012-11-18 23:08:42,490 - dexy - DEBUG - Creating task 'bundle:chapters-standalone' with children '(PatternDoc:chapter*.rst|jinja|rst2latex|latex,)' with args '{'wrapper': <dexy.wrapper.Wrapper object at 0x36c4610>}'
2012-11-18 23:08:42,675 - dexy - DEBUG - batch id is 1001
2012-11-18 23:08:42,675 - dexy - DEBUG - running dexy with config:
2012-11-18 23:08:42,676 - dexy - DEBUG -   artifacts_dir: artifacts
2012-11-18 23:08:42,676 - dexy - DEBUG -   batch_id: 1001
2012-11-18 23:08:42,676 - dexy - DEBUG -   batch_info: {'start_time': 1353308922.490825}
2012-11-18 23:08:42,676 - dexy - DEBUG -   config_file: dexy.conf
2012-11-18 23:08:42,676 - dexy - DEBUG -   danger: False
2012-11-18 23:08:42,676 - dexy - DEBUG -   db_alias: sqlite3
2012-11-18 23:08:42,676 - dexy - DEBUG -   db_file: dexy.sqlite3
2012-11-18 23:08:42,676 - dexy - DEBUG -   disable_tests: False
2012-11-18 23:08:42,676 - dexy - DEBUG -   doc_config: OrderedDict([('.', 'chapters-for-book:\n    - chapter*.rst|jinja\n\nchapters-standalone:\n    - chapter*.rst|jinja|rst2latex|latex\n\nbook.rst|jinja|rst2latex|latex:\n    - chapters-for-book\n\nbook.rst|jinja|rst2html:\n    - chapters-for-book\n\n')])
2012-11-18 23:08:42,676 - dexy - DEBUG -   dont_use_cache: False
2012-11-18 23:08:42,676 - dexy - DEBUG -   dry_run: False
2012-11-18 23:08:42,676 - dexy - DEBUG -   exclude: .git, .svn, tmp, cache
2012-11-18 23:08:42,676 - dexy - DEBUG -   exclude_also: 
2012-11-18 23:08:42,677 - dexy - DEBUG -   globals: 
2012-11-18 23:08:42,677 - dexy - DEBUG -   hashfunction: md5
2012-11-18 23:08:42,677 - dexy - DEBUG -   ignore_nonzero_exit: False
2012-11-18 23:08:42,677 - dexy - DEBUG -   log_dir: logs
2012-11-18 23:08:42,677 - dexy - DEBUG -   log_file: dexy.log
2012-11-18 23:08:42,677 - dexy - DEBUG -   log_format: %(asctime)s - %(name)s - %(levelname)s - %(message)s
2012-11-18 23:08:42,677 - dexy - DEBUG -   log_level: DEBUG
2012-11-18 23:08:42,677 - dexy - DEBUG -   profile: False
2012-11-18 23:08:42,677 - dexy - DEBUG -   recurse: True
2012-11-18 23:08:42,677 - dexy - DEBUG -   reports: 
2012-11-18 23:08:42,677 - dexy - DEBUG -   silent: False
2012-11-18 23:08:42,677 - dexy - DEBUG -   state: None
2012-11-18 23:08:42,677 - dexy - DEBUG -   target: False
2012-11-18 23:08:42,678 - dexy - DEBUG -   uselocals: False
2012-11-18 23:08:42,678 - chapter*.rst|jinja - DEBUG - creating child of patterndoc chapter*.rst|jinja: chapter-02.rst|jinja
2012-11-18 23:08:42,678 - chapter*.rst|jinja - DEBUG - creating child of patterndoc chapter*.rst|jinja: chapter-01.rst|jinja
2012-11-18 23:08:42,684 - chapter-02.rst - DEBUG - Setting up InitialArtifact:chapter-02.rst
2012-11-18 23:08:42,684 - chapter-02.rst - DEBUG - Setting hashstring for chapter-02.rst to 746e3b68e65ff26fb5a12ff1f2f3df7c
2012-11-18 23:08:42,684 - chapter-02.rst - DEBUG - setting up output data of class GenericData
2012-11-18 23:08:42,685 - dexy - DEBUG - Creating new notification channel 'newchild'
2012-11-18 23:08:42,685 - chapter-02.rst|jinja - DEBUG - Setting up FilterArtifact:chapter-02.rst|jinja
2012-11-18 23:08:42,687 - chapter-02.rst|jinja - DEBUG - Setting hashstring for chapter-02.rst|jinja to e4fd5fee3628811080599be32c79ee33
2012-11-18 23:08:42,687 - chapter-02.rst|jinja - DEBUG - setting up output data of class GenericData
2012-11-18 23:08:42,688 - chapter-01.rst - DEBUG - Setting up InitialArtifact:chapter-01.rst
2012-11-18 23:08:42,688 - chapter-01.rst - DEBUG - Setting hashstring for chapter-01.rst to 2443b47d5f220a5731e6d48edab547c8
2012-11-18 23:08:42,688 - chapter-01.rst - DEBUG - setting up output data of class GenericData
2012-11-18 23:08:42,689 - chapter-01.rst|jinja - DEBUG - Setting up FilterArtifact:chapter-01.rst|jinja
2012-11-18 23:08:42,690 - chapter-01.rst|jinja - DEBUG - Setting hashstring for chapter-01.rst|jinja to 0f37575860ab206ceb4314d7cacef142
2012-11-18 23:08:42,690 - chapter-01.rst|jinja - DEBUG - setting up output data of class GenericData
2012-11-18 23:08:42,692 - chapter*.rst|jinja|rst2latex|latex - DEBUG - creating child of patterndoc chapter*.rst|jinja|rst2latex|latex: chapter-02.rst|jinja|rst2latex|latex
2012-11-18 23:08:42,693 - chapter*.rst|jinja|rst2latex|latex - DEBUG - creating child of patterndoc chapter*.rst|jinja|rst2latex|latex: chapter-01.rst|jinja|rst2latex|latex
2012-11-18 23:08:42,694 - book.rst - DEBUG - Setting up InitialArtifact:book.rst
2012-11-18 23:08:42,694 - book.rst - DEBUG - Setting hashstring for book.rst to 2990bee53e4c3f3b56e9be1a796855b8
2012-11-18 23:08:42,694 - book.rst - DEBUG - setting up output data of class GenericData
2012-11-18 23:08:42,695 - book.rst|jinja - DEBUG - Setting up FilterArtifact:book.rst|jinja
2012-11-18 23:08:42,695 - book.rst|jinja - DEBUG - Setting hashstring for book.rst|jinja to 169d23068e4fae126b99a30b4d7cc04f
2012-11-18 23:08:42,695 - book.rst|jinja - DEBUG - setting up output data of class GenericData
2012-11-18 23:08:42,696 - book.rst|jinja|rst2latex - DEBUG - Setting up FilterArtifact:book.rst|jinja|rst2latex
2012-11-18 23:08:42,827 - book.rst|jinja|rst2latex - DEBUG - Setting hashstring for book.rst|jinja|rst2latex to f04f354efb5db90e4fe69963b8427d58
2012-11-18 23:08:42,827 - book.rst|jinja|rst2latex - DEBUG - setting up output data of class GenericData
2012-11-18 23:08:42,827 - book.rst|jinja|rst2latex|latex - DEBUG - Setting up FilterArtifact:book.rst|jinja|rst2latex|latex
2012-11-18 23:08:42,828 - book.rst|jinja|rst2latex|latex - DEBUG - Setting hashstring for book.rst|jinja|rst2latex|latex to f0802179980316c2f1da38faedbbbe41
2012-11-18 23:08:42,828 - book.rst|jinja|rst2latex|latex - DEBUG - setting up output data of class GenericData
2012-11-18 23:08:42,828 - book.rst - DEBUG - Setting up InitialArtifact:book.rst
2012-11-18 23:08:42,828 - book.rst - DEBUG - Setting hashstring for book.rst to 2990bee53e4c3f3b56e9be1a796855b8
2012-11-18 23:08:42,828 - book.rst - DEBUG - setting up output data of class GenericData
2012-11-18 23:08:42,829 - book.rst|jinja - DEBUG - Setting up FilterArtifact:book.rst|jinja
2012-11-18 23:08:42,829 - book.rst|jinja - DEBUG - Setting hashstring for book.rst|jinja to dd07f76260ae7f2da3d39d282f977212
2012-11-18 23:08:42,829 - book.rst|jinja - DEBUG - setting up output data of class GenericData
2012-11-18 23:08:42,829 - book.rst|jinja|rst2html - DEBUG - Setting up FilterArtifact:book.rst|jinja|rst2html
2012-11-18 23:08:42,965 - book.rst|jinja|rst2html - DEBUG - Setting hashstring for book.rst|jinja|rst2html to 484b9f9945fd2f8f8f87787ac6358329
2012-11-18 23:08:42,966 - book.rst|jinja|rst2html - DEBUG - setting up output data of class GenericData
2012-11-18 23:08:42,966 - chapter-02.rst - DEBUG - Setting up InitialArtifact:chapter-02.rst
2012-11-18 23:08:42,966 - chapter-02.rst - DEBUG - Setting hashstring for chapter-02.rst to 746e3b68e65ff26fb5a12ff1f2f3df7c
2012-11-18 23:08:42,966 - chapter-02.rst - DEBUG - setting up output data of class GenericData
2012-11-18 23:08:42,966 - chapter-02.rst|jinja - DEBUG - Setting up FilterArtifact:chapter-02.rst|jinja
2012-11-18 23:08:42,967 - chapter-02.rst|jinja - DEBUG - Setting hashstring for chapter-02.rst|jinja to a595143915d266ebc1257d48599e7092
2012-11-18 23:08:42,967 - chapter-02.rst|jinja - DEBUG - setting up output data of class GenericData
2012-11-18 23:08:42,967 - chapter-02.rst|jinja|rst2latex - DEBUG - Setting up FilterArtifact:chapter-02.rst|jinja|rst2latex
2012-11-18 23:08:43,099 - chapter-02.rst|jinja|rst2latex - DEBUG - Setting hashstring for chapter-02.rst|jinja|rst2latex to 7e85e088dad74d337cb7f189ac1513d2
2012-11-18 23:08:43,099 - chapter-02.rst|jinja|rst2latex - DEBUG - setting up output data of class GenericData
2012-11-18 23:08:43,099 - chapter-02.rst|jinja|rst2latex|latex - DEBUG - Setting up FilterArtifact:chapter-02.rst|jinja|rst2latex|latex
2012-11-18 23:08:43,100 - chapter-02.rst|jinja|rst2latex|latex - DEBUG - Setting hashstring for chapter-02.rst|jinja|rst2latex|latex to 1efb45aaa116efdc9857f5dea7f86920
2012-11-18 23:08:43,100 - chapter-02.rst|jinja|rst2latex|latex - DEBUG - setting up output data of class GenericData
2012-11-18 23:08:43,100 - chapter-01.rst - DEBUG - Setting up InitialArtifact:chapter-01.rst
2012-11-18 23:08:43,100 - chapter-01.rst - DEBUG - Setting hashstring for chapter-01.rst to 2443b47d5f220a5731e6d48edab547c8
2012-11-18 23:08:43,101 - chapter-01.rst - DEBUG - setting up output data of class GenericData
2012-11-18 23:08:43,101 - chapter-01.rst|jinja - DEBUG - Setting up FilterArtifact:chapter-01.rst|jinja
2012-11-18 23:08:43,101 - chapter-01.rst|jinja - DEBUG - Setting hashstring for chapter-01.rst|jinja to 9faf5d495f22a9cfe3d845f0ab1735ca
2012-11-18 23:08:43,101 - chapter-01.rst|jinja - DEBUG - setting up output data of class GenericData
2012-11-18 23:08:43,102 - chapter-01.rst|jinja|rst2latex - DEBUG - Setting up FilterArtifact:chapter-01.rst|jinja|rst2latex
2012-11-18 23:08:43,232 - chapter-01.rst|jinja|rst2latex - DEBUG - Setting hashstring for chapter-01.rst|jinja|rst2latex to 88abdf399b043d52475172a931f0196e
2012-11-18 23:08:43,233 - chapter-01.rst|jinja|rst2latex - DEBUG - setting up output data of class GenericData
2012-11-18 23:08:43,233 - chapter-01.rst|jinja|rst2latex|latex - DEBUG - Setting up FilterArtifact:chapter-01.rst|jinja|rst2latex|latex
2012-11-18 23:08:43,234 - chapter-01.rst|jinja|rst2latex|latex - DEBUG - Setting hashstring for chapter-01.rst|jinja|rst2latex|latex to 72d2d51b60460e2cf9c46992e0711e2d
2012-11-18 23:08:43,234 - chapter-01.rst|jinja|rst2latex|latex - DEBUG - setting up output data of class GenericData
2012-11-18 23:08:43,234 - chapter-02.rst|jinja - DEBUG - Running FilterArtifact:chapter-02.rst|jinja
2012-11-18 23:08:43,235 - chapter-02.rst|jinja - DEBUG - Output is not cached under e4fd5fee3628811080599be32c79ee33, running...
2012-11-18 23:08:43,235 - chapter-02.rst|jinja - DEBUG - setting up jinja FileSystemLoader with dirs artifacts/e4fd5fee3628811080599be32c79ee33/, artifacts/e4fd5fee3628811080599be32c79ee33
2012-11-18 23:08:43,235 - chapter-02.rst|jinja - DEBUG - setting up jinja environment
2012-11-18 23:08:43,235 - chapter-02.rst|jinja - DEBUG - Creating jinja2 environment with: undefined: <class 'jinja2.runtime.StrictUndefined'>, loader: <jinja2.loaders.FileSystemLoader object at 0x3c38390>
2012-11-18 23:08:43,236 - chapter-02.rst|jinja - DEBUG - initializing template
2012-11-18 23:08:43,236 - chapter-02.rst|jinja - DEBUG - Running template plugin PrettyPrintJson
2012-11-18 23:08:43,236 - chapter-02.rst|jinja - DEBUG - Running template plugin PythonDatetime
2012-11-18 23:08:43,236 - chapter-02.rst|jinja - DEBUG - Running template plugin DexyVersion
2012-11-18 23:08:43,236 - chapter-02.rst|jinja - DEBUG - Running template plugin SimpleJson
2012-11-18 23:08:43,236 - chapter-02.rst|jinja - DEBUG - Running template plugin PrettyPrinter
2012-11-18 23:08:43,237 - chapter-02.rst|jinja - DEBUG - Running template plugin RegularExpressions
2012-11-18 23:08:43,237 - chapter-02.rst|jinja - DEBUG - Running template plugin PythonBuiltins
2012-11-18 23:08:43,237 - chapter-02.rst|jinja - DEBUG - Running template plugin PygmentsStylesheet
2012-11-18 23:08:43,263 - chapter-02.rst|jinja - DEBUG - Running template plugin Subdirectories
2012-11-18 23:08:43,264 - chapter-02.rst|jinja - DEBUG - Running template plugin Variables
2012-11-18 23:08:43,264 - chapter-02.rst|jinja - DEBUG - Running template plugin Globals
2012-11-18 23:08:43,264 - chapter-02.rst|jinja - DEBUG - Running template plugin Inputs
2012-11-18 23:08:43,264 - chapter-02.rst|jinja - DEBUG - relative refs are []
2012-11-18 23:08:43,264 - chapter-02.rst|jinja - DEBUG - jinja template data keys are DEXY_VERSION, a, abs, all, any, bin, bool, bytearray, cal, caldates, calendar, callable, chr, cmp, complex, d, datetime, dict, dir, divmod, enumerate, f, filter, float, format, hasattr, hex, highlight, id, int, isinstance, issubclass, iter, json, len, list, long, map, max, min, month, oct, ord, pformat, pow, ppjson, pygments, range, re_match, re_search, reduce, repr, reversed, round, s, set, slice, sorted, str, subdirectories, sum, tc, today, tuple, unicode, w, xrange, year, zip
2012-11-18 23:08:43,265 - chapter-02.rst|jinja - DEBUG - about to create jinja template
2012-11-18 23:08:43,267 - chapter-02.rst|jinja - DEBUG - about to process jinja template
2012-11-18 23:08:43,268 - chapter-01.rst|jinja - DEBUG - Running FilterArtifact:chapter-01.rst|jinja
2012-11-18 23:08:43,268 - chapter-01.rst|jinja - DEBUG - Output is not cached under 0f37575860ab206ceb4314d7cacef142, running...
2012-11-18 23:08:43,269 - chapter-01.rst|jinja - DEBUG - setting up jinja FileSystemLoader with dirs artifacts/0f37575860ab206ceb4314d7cacef142/, artifacts/0f37575860ab206ceb4314d7cacef142
2012-11-18 23:08:43,269 - chapter-01.rst|jinja - DEBUG - setting up jinja environment
2012-11-18 23:08:43,269 - chapter-01.rst|jinja - DEBUG - Creating jinja2 environment with: undefined: <class 'jinja2.runtime.StrictUndefined'>, loader: <jinja2.loaders.FileSystemLoader object at 0x3c38490>
2012-11-18 23:08:43,269 - chapter-01.rst|jinja - DEBUG - initializing template
2012-11-18 23:08:43,269 - chapter-01.rst|jinja - DEBUG - Running template plugin PrettyPrintJson
2012-11-18 23:08:43,269 - chapter-01.rst|jinja - DEBUG - Running template plugin PythonDatetime
2012-11-18 23:08:43,270 - chapter-01.rst|jinja - DEBUG - Running template plugin DexyVersion
2012-11-18 23:08:43,270 - chapter-01.rst|jinja - DEBUG - Running template plugin SimpleJson
2012-11-18 23:08:43,270 - chapter-01.rst|jinja - DEBUG - Running template plugin PrettyPrinter
2012-11-18 23:08:43,270 - chapter-01.rst|jinja - DEBUG - Running template plugin RegularExpressions
2012-11-18 23:08:43,270 - chapter-01.rst|jinja - DEBUG - Running template plugin PythonBuiltins
2012-11-18 23:08:43,270 - chapter-01.rst|jinja - DEBUG - Running template plugin PygmentsStylesheet
2012-11-18 23:08:43,286 - chapter-01.rst|jinja - DEBUG - Running template plugin Subdirectories
2012-11-18 23:08:43,286 - chapter-01.rst|jinja - DEBUG - Running template plugin Variables
2012-11-18 23:08:43,287 - chapter-01.rst|jinja - DEBUG - Running template plugin Globals
2012-11-18 23:08:43,287 - chapter-01.rst|jinja - DEBUG - Running template plugin Inputs
2012-11-18 23:08:43,287 - chapter-01.rst|jinja - DEBUG - relative refs are ['/chapter-02.rst-jinja.rst', '/chapter-02.rst|jinja', 'chapter-02.rst-jinja.rst', 'chapter-02.rst|jinja']
2012-11-18 23:08:43,287 - chapter-01.rst|jinja - DEBUG - jinja template data keys are DEXY_VERSION, a, abs, all, any, bin, bool, bytearray, cal, caldates, calendar, callable, chr, cmp, complex, d, datetime, dict, dir, divmod, enumerate, f, filter, float, format, hasattr, hex, highlight, id, int, isinstance, issubclass, iter, json, len, list, long, map, max, min, month, oct, ord, pformat, pow, ppjson, pygments, range, re_match, re_search, reduce, repr, reversed, round, s, set, slice, sorted, str, subdirectories, sum, tc, today, tuple, unicode, w, xrange, year, zip
2012-11-18 23:08:43,287 - chapter-01.rst|jinja - DEBUG - about to create jinja template
2012-11-18 23:08:43,288 - chapter-01.rst|jinja - DEBUG - about to process jinja template
2012-11-18 23:08:43,289 - book.rst|jinja - DEBUG - Running FilterArtifact:book.rst|jinja
2012-11-18 23:08:43,289 - book.rst|jinja - DEBUG - Output is not cached under 169d23068e4fae126b99a30b4d7cc04f, running...
2012-11-18 23:08:43,290 - book.rst|jinja - DEBUG - setting up jinja FileSystemLoader with dirs artifacts/169d23068e4fae126b99a30b4d7cc04f/, artifacts/169d23068e4fae126b99a30b4d7cc04f
2012-11-18 23:08:43,290 - book.rst|jinja - DEBUG - setting up jinja environment
2012-11-18 23:08:43,290 - book.rst|jinja - DEBUG - Creating jinja2 environment with: undefined: <class 'jinja2.runtime.StrictUndefined'>, loader: <jinja2.loaders.FileSystemLoader object at 0x3c5db50>
2012-11-18 23:08:43,290 - book.rst|jinja - DEBUG - initializing template
2012-11-18 23:08:43,290 - book.rst|jinja - DEBUG - Running template plugin PrettyPrintJson
2012-11-18 23:08:43,291 - book.rst|jinja - DEBUG - Running template plugin PythonDatetime
2012-11-18 23:08:43,291 - book.rst|jinja - DEBUG - Running template plugin DexyVersion
2012-11-18 23:08:43,291 - book.rst|jinja - DEBUG - Running template plugin SimpleJson
2012-11-18 23:08:43,291 - book.rst|jinja - DEBUG - Running template plugin PrettyPrinter
2012-11-18 23:08:43,291 - book.rst|jinja - DEBUG - Running template plugin RegularExpressions
2012-11-18 23:08:43,291 - book.rst|jinja - DEBUG - Running template plugin PythonBuiltins
2012-11-18 23:08:43,291 - book.rst|jinja - DEBUG - Running template plugin PygmentsStylesheet
2012-11-18 23:08:43,307 - book.rst|jinja - DEBUG - Running template plugin Subdirectories
2012-11-18 23:08:43,307 - book.rst|jinja - DEBUG - Running template plugin Variables
2012-11-18 23:08:43,308 - book.rst|jinja - DEBUG - Running template plugin Globals
2012-11-18 23:08:43,308 - book.rst|jinja - DEBUG - Running template plugin Inputs
2012-11-18 23:08:43,308 - book.rst|jinja - DEBUG - relative refs are ['/chapter-01.rst-jinja.rst', '/chapter-01.rst|jinja', '/chapter-02.rst-jinja.rst', '/chapter-02.rst|jinja', 'chapter-01.rst-jinja.rst', 'chapter-01.rst|jinja', 'chapter-02.rst-jinja.rst', 'chapter-02.rst|jinja']
2012-11-18 23:08:43,308 - book.rst|jinja - DEBUG - jinja template data keys are DEXY_VERSION, a, abs, all, any, bin, bool, bytearray, cal, caldates, calendar, callable, chr, cmp, complex, d, datetime, dict, dir, divmod, enumerate, f, filter, float, format, hasattr, hex, highlight, id, int, isinstance, issubclass, iter, json, len, list, long, map, max, min, month, oct, ord, pformat, pow, ppjson, pygments, range, re_match, re_search, reduce, repr, reversed, round, s, set, slice, sorted, str, subdirectories, sum, tc, today, tuple, unicode, w, xrange, year, zip
2012-11-18 23:08:43,308 - book.rst|jinja - DEBUG - about to create jinja template
2012-11-18 23:08:43,309 - book.rst|jinja - DEBUG - about to process jinja template
2012-11-18 23:08:43,309 - book.rst|jinja|rst2latex - DEBUG - Running FilterArtifact:book.rst|jinja|rst2latex
2012-11-18 23:08:43,310 - book.rst|jinja|rst2latex - DEBUG - Output is not cached under f04f354efb5db90e4fe69963b8427d58, running...
2012-11-18 23:08:43,310 - book.rst|jinja|rst2latex - DEBUG - command line args specified by user are ''
2012-11-18 23:08:43,311 - book.rst|jinja|rst2latex - DEBUG - About to run 'rst2latex.py  book.rst ' in 'artifacts/f04f354efb5db90e4fe69963b8427d58/'
2012-11-18 23:08:43,471 - book.rst|jinja|rst2latex - DEBUG - stdout is '\documentclass[a4paper]{article}
% generated by Docutils <http://docutils.sourceforge.net/>
\usepackage{fixltx2e} % LaTeX patches, \textsubscript
\usepackage{cmap} % fix search and cut-and-paste in Acrobat
\usepackage{ifthen}
\usepackage[T1]{fontenc}
\usepackage[utf8]{inputenc}
\setcounter{secnumdepth}{0}

%%% Custom LaTeX preamble
% PDF Standard Fonts
\usepackage{mathptmx} % Times
\usepackage[scaled=.90]{helvet}
\usepackage{courier}

%%% User specified packages and stylesheets

%%% Fallback definitions for Docutils-specific commands

% hyperlinks:
\ifthenelse{\isundefined{\hypersetup}}{
  \usepackage[colorlinks=true,linkcolor=blue,urlcolor=blue]{hyperref}
  \urlstyle{same} % normal text font (alternatives: tt, rm, sf)
}{}


%%% Body
\begin{document}

This is the book.


\section{Chapter 1 Title%
  \label{chapter-1-title}%
}

This is content of chapter 1.
%
\begin{itemize}

\item item

\item another

\end{itemize}


\section{Chapter 2 Title%
  \label{chapter-2-title}%
}

This is chapter 2.
\newcounter{listcnt0}
\begin{list}{\arabic{listcnt0}.}
{
\usecounter{listcnt0}
\setlength{\rightmargin}{\leftmargin}
}

\item numbers
\end{list}
\setcounter{listcnt0}{0}
\begin{list}{\Alph{listcnt0}.}
{
\usecounter{listcnt0}
\setlength{\rightmargin}{\leftmargin}
}

\item upper-case letters
and it goes over many lines

with two paragraphs and all!
\end{list}
\setcounter{listcnt0}{0}
\begin{list}{\alph{listcnt0}.}
{
\usecounter{listcnt0}
\setlength{\rightmargin}{\leftmargin}
}

\item %
\begin{description}
\item[{lower-case letters}] \leavevmode \newcounter{listcnt1}
\begin{list}{\arabic{listcnt1}.}
{
\usecounter{listcnt1}
\addtocounter{listcnt1}{2}
\setlength{\rightmargin}{\leftmargin}
}

\item with a sub-list starting at a different number

\item make sure the numbers are in the correct sequence though!
\end{list}

\end{description}
\end{list}
\setcounter{listcnt0}{0}
\begin{list}{\Roman{listcnt0}.}
{
\usecounter{listcnt0}
\setlength{\rightmargin}{\leftmargin}
}

\item upper-case roman numerals
\end{list}
\setcounter{listcnt0}{0}
\begin{list}{\roman{listcnt0}.}
{
\usecounter{listcnt0}
\setlength{\rightmargin}{\leftmargin}
}

\item lower-case roman numerals
\end{list}
\setcounter{listcnt0}{0}
\begin{list}{(\arabic{listcnt0})}
{
\usecounter{listcnt0}
\setlength{\rightmargin}{\leftmargin}
}

\item numbers again
\end{list}
\setcounter{listcnt0}{0}
\begin{list}{\arabic{listcnt0})}
{
\usecounter{listcnt0}
\setlength{\rightmargin}{\leftmargin}
}

\item and again
\end{list}

This is the end of the book.

\end{document}
'
2012-11-18 23:08:43,472 - book.rst|jinja|rst2latex - DEBUG - stderr is ''
2012-11-18 23:08:43,472 - book.rst|jinja|rst2latex|latex - DEBUG - Running FilterArtifact:book.rst|jinja|rst2latex|latex
2012-11-18 23:08:43,472 - book.rst|jinja|rst2latex|latex - DEBUG - Output is not cached under f0802179980316c2f1da38faedbbbe41, running...
2012-11-18 23:08:43,473 - book.rst|jinja|rst2latex|latex - DEBUG - Command line args specified by user ''
2012-11-18 23:08:43,474 - book.rst|jinja|rst2latex|latex - INFO - running pdflatex -interaction=batchmode  book.tex in artifacts/f0802179980316c2f1da38faedbbbe41/
2012-11-18 23:08:43,614 - book.rst|jinja|rst2latex|latex - DEBUG - This is pdfTeX, Version 3.1415926-2.4-1.40.13 (TeX Live 2012)
 restricted \write18 enabled.
entering extended mode

2012-11-18 23:08:43,614 - book.rst|jinja|rst2latex|latex - INFO - running bibtex book in artifacts/f0802179980316c2f1da38faedbbbe41/
2012-11-18 23:08:43,673 - book.rst|jinja|rst2latex|latex - DEBUG - This is BibTeX, Version 0.99d (TeX Live 2012)
The top-level auxiliary file: book.aux
I found no \citation commands---while reading file book.aux
I found no \bibdata command---while reading file book.aux
I found no \bibstyle command---while reading file book.aux
(There were 3 error messages)

2012-11-18 23:08:43,673 - book.rst|jinja|rst2latex|latex - INFO - running pdflatex -interaction=batchmode  book.tex in artifacts/f0802179980316c2f1da38faedbbbe41/
2012-11-18 23:08:43,813 - book.rst|jinja|rst2latex|latex - DEBUG - This is pdfTeX, Version 3.1415926-2.4-1.40.13 (TeX Live 2012)
 restricted \write18 enabled.
entering extended mode

2012-11-18 23:08:43,813 - book.rst|jinja|rst2latex|latex - INFO - running pdflatex -interaction=batchmode  book.tex in artifacts/f0802179980316c2f1da38faedbbbe41/
2012-11-18 23:08:43,954 - book.rst|jinja|rst2latex|latex - DEBUG - This is pdfTeX, Version 3.1415926-2.4-1.40.13 (TeX Live 2012)
 restricted \write18 enabled.
entering extended mode

2012-11-18 23:08:43,955 - book.rst|jinja|rst2latex|latex - INFO - running pdflatex -interaction=batchmode  book.tex in artifacts/f0802179980316c2f1da38faedbbbe41/
2012-11-18 23:08:44,095 - book.rst|jinja|rst2latex|latex - DEBUG - This is pdfTeX, Version 3.1415926-2.4-1.40.13 (TeX Live 2012)
 restricted \write18 enabled.
entering extended mode

2012-11-18 23:08:44,097 - book.rst|jinja - DEBUG - Running FilterArtifact:book.rst|jinja
2012-11-18 23:08:44,097 - book.rst|jinja - DEBUG - Output is not cached under dd07f76260ae7f2da3d39d282f977212, running...
2012-11-18 23:08:44,097 - book.rst|jinja - DEBUG - setting up jinja FileSystemLoader with dirs artifacts/dd07f76260ae7f2da3d39d282f977212/, artifacts/dd07f76260ae7f2da3d39d282f977212
2012-11-18 23:08:44,098 - book.rst|jinja - DEBUG - setting up jinja environment
2012-11-18 23:08:44,098 - book.rst|jinja - DEBUG - Creating jinja2 environment with: undefined: <class 'jinja2.runtime.StrictUndefined'>, loader: <jinja2.loaders.FileSystemLoader object at 0x3d19710>
2012-11-18 23:08:44,098 - book.rst|jinja - DEBUG - initializing template
2012-11-18 23:08:44,098 - book.rst|jinja - DEBUG - Running template plugin PrettyPrintJson
2012-11-18 23:08:44,098 - book.rst|jinja - DEBUG - Running template plugin PythonDatetime
2012-11-18 23:08:44,099 - book.rst|jinja - DEBUG - Running template plugin DexyVersion
2012-11-18 23:08:44,099 - book.rst|jinja - DEBUG - Running template plugin SimpleJson
2012-11-18 23:08:44,099 - book.rst|jinja - DEBUG - Running template plugin PrettyPrinter
2012-11-18 23:08:44,099 - book.rst|jinja - DEBUG - Running template plugin RegularExpressions
2012-11-18 23:08:44,099 - book.rst|jinja - DEBUG - Running template plugin PythonBuiltins
2012-11-18 23:08:44,099 - book.rst|jinja - DEBUG - Running template plugin PygmentsStylesheet
2012-11-18 23:08:44,116 - book.rst|jinja - DEBUG - Running template plugin Subdirectories
2012-11-18 23:08:44,116 - book.rst|jinja - DEBUG - Running template plugin Variables
2012-11-18 23:08:44,116 - book.rst|jinja - DEBUG - Running template plugin Globals
2012-11-18 23:08:44,116 - book.rst|jinja - DEBUG - Running template plugin Inputs
2012-11-18 23:08:44,117 - book.rst|jinja - DEBUG - relative refs are ['/chapter-01.rst-jinja.rst', '/chapter-01.rst|jinja', '/chapter-02.rst-jinja.rst', '/chapter-02.rst|jinja', 'chapter-01.rst-jinja.rst', 'chapter-01.rst|jinja', 'chapter-02.rst-jinja.rst', 'chapter-02.rst|jinja']
2012-11-18 23:08:44,117 - book.rst|jinja - DEBUG - jinja template data keys are DEXY_VERSION, a, abs, all, any, bin, bool, bytearray, cal, caldates, calendar, callable, chr, cmp, complex, d, datetime, dict, dir, divmod, enumerate, f, filter, float, format, hasattr, hex, highlight, id, int, isinstance, issubclass, iter, json, len, list, long, map, max, min, month, oct, ord, pformat, pow, ppjson, pygments, range, re_match, re_search, reduce, repr, reversed, round, s, set, slice, sorted, str, subdirectories, sum, tc, today, tuple, unicode, w, xrange, year, zip
2012-11-18 23:08:44,117 - book.rst|jinja - DEBUG - about to create jinja template
2012-11-18 23:08:44,118 - book.rst|jinja - DEBUG - about to process jinja template
2012-11-18 23:08:44,118 - book.rst|jinja|rst2html - DEBUG - Running FilterArtifact:book.rst|jinja|rst2html
2012-11-18 23:08:44,118 - book.rst|jinja|rst2html - DEBUG - Output is not cached under 484b9f9945fd2f8f8f87787ac6358329, running...
2012-11-18 23:08:44,119 - book.rst|jinja|rst2html - DEBUG - command line args specified by user are ''
2012-11-18 23:08:44,119 - book.rst|jinja|rst2html - DEBUG - About to run 'rst2html.py  book.rst ' in 'artifacts/484b9f9945fd2f8f8f87787ac6358329/'
2012-11-18 23:08:44,283 - book.rst|jinja|rst2html - DEBUG - stdout is '<?xml version="1.0" encoding="utf-8" ?>
<!DOCTYPE html PUBLIC "-//W3C//DTD XHTML 1.0 Transitional//EN" "http://www.w3.org/TR/xhtml1/DTD/xhtml1-transitional.dtd">
<html xmlns="http://www.w3.org/1999/xhtml" xml:lang="en" lang="en">
<head>
<meta http-equiv="Content-Type" content="text/html; charset=utf-8" />
<meta name="generator" content="Docutils 0.9.1: http://docutils.sourceforge.net/" />
<title></title>
<style type="text/css">

/*
:Author: David Goodger (goodger@python.org)
:Id: $Id: html4css1.css 7434 2012-05-11 21:06:27Z milde $
:Copyright: This stylesheet has been placed in the public domain.

Default cascading style sheet for the HTML output of Docutils.

See http://docutils.sf.net/docs/howto/html-stylesheets.html for how to
customize this style sheet.
*/

/* used to remove borders from tables and images */
.borderless, table.borderless td, table.borderless th {
  border: 0 }

table.borderless td, table.borderless th {
  /* Override padding for "table.docutils td" with "! important".
     The right padding separates the table cells. */
  padding: 0 0.5em 0 0 ! important }

.first {
  /* Override more specific margin styles with "! important". */
  margin-top: 0 ! important }

.last, .with-subtitle {
  margin-bottom: 0 ! important }

.hidden {
  display: none }

a.toc-backref {
  text-decoration: none ;
  color: black }

blockquote.epigraph {
  margin: 2em 5em ; }

dl.docutils dd {
  margin-bottom: 0.5em }

object[type="image/svg+xml"], object[type="application/x-shockwave-flash"] {
  overflow: hidden;
}

/* Uncomment (and remove this text!) to get bold-faced definition list terms
dl.docutils dt {
  font-weight: bold }
*/

div.abstract {
  margin: 2em 5em }

div.abstract p.topic-title {
  font-weight: bold ;
  text-align: center }

div.admonition, div.attention, div.caution, div.danger, div.error,
div.hint, div.important, div.note, div.tip, div.warning {
  margin: 2em ;
  border: medium outset ;
  padding: 1em }

div.admonition p.admonition-title, div.hint p.admonition-title,
div.important p.admonition-title, div.note p.admonition-title,
div.tip p.admonition-title {
  font-weight: bold ;
  font-family: sans-serif }

div.attention p.admonition-title, div.caution p.admonition-title,
div.danger p.admonition-title, div.error p.admonition-title,
div.warning p.admonition-title {
  color: red ;
  font-weight: bold ;
  font-family: sans-serif }

/* Uncomment (and remove this text!) to get reduced vertical space in
   compound paragraphs.
div.compound .compound-first, div.compound .compound-middle {
  margin-bottom: 0.5em }

div.compound .compound-last, div.compound .compound-middle {
  margin-top: 0.5em }
*/

div.dedication {
  margin: 2em 5em ;
  text-align: center ;
  font-style: italic }

div.dedication p.topic-title {
  font-weight: bold ;
  font-style: normal }

div.figure {
  margin-left: 2em ;
  margin-right: 2em }

div.footer, div.header {
  clear: both;
  font-size: smaller }

div.line-block {
  display: block ;
  margin-top: 1em ;
  margin-bottom: 1em }

div.line-block div.line-block {
  margin-top: 0 ;
  margin-bottom: 0 ;
  margin-left: 1.5em }

div.sidebar {
  margin: 0 0 0.5em 1em ;
  border: medium outset ;
  padding: 1em ;
  background-color: #ffffee ;
  width: 40% ;
  float: right ;
  clear: right }

div.sidebar p.rubric {
  font-family: sans-serif ;
  font-size: medium }

div.system-messages {
  margin: 5em }

div.system-messages h1 {
  color: red }

div.system-message {
  border: medium outset ;
  padding: 1em }

div.system-message p.system-message-title {
  color: red ;
  font-weight: bold }

div.topic {
  margin: 2em }

h1.section-subtitle, h2.section-subtitle, h3.section-subtitle,
h4.section-subtitle, h5.section-subtitle, h6.section-subtitle {
  margin-top: 0.4em }

h1.title {
  text-align: center }

h2.subtitle {
  text-align: center }

hr.docutils {
  width: 75% }

img.align-left, .figure.align-left, object.align-left {
  clear: left ;
  float: left ;
  margin-right: 1em }

img.align-right, .figure.align-right, object.align-right {
  clear: right ;
  float: right ;
  margin-left: 1em }

img.align-center, .figure.align-center, object.align-center {
  display: block;
  margin-left: auto;
  margin-right: auto;
}

.align-left {
  text-align: left }

.align-center {
  clear: both ;
  text-align: center }

.align-right {
  text-align: right }

/* reset inner alignment in figures */
div.align-right {
  text-align: inherit }

/* div.align-center * { */
/*   text-align: left } */

ol.simple, ul.simple {
  margin-bottom: 1em }

ol.arabic {
  list-style: decimal }

ol.loweralpha {
  list-style: lower-alpha }

ol.upperalpha {
  list-style: upper-alpha }

ol.lowerroman {
  list-style: lower-roman }

ol.upperroman {
  list-style: upper-roman }

p.attribution {
  text-align: right ;
  margin-left: 50% }

p.caption {
  font-style: italic }

p.credits {
  font-style: italic ;
  font-size: smaller }

p.label {
  white-space: nowrap }

p.rubric {
  font-weight: bold ;
  font-size: larger ;
  color: maroon ;
  text-align: center }

p.sidebar-title {
  font-family: sans-serif ;
  font-weight: bold ;
  font-size: larger }

p.sidebar-subtitle {
  font-family: sans-serif ;
  font-weight: bold }

p.topic-title {
  font-weight: bold }

pre.address {
  margin-bottom: 0 ;
  margin-top: 0 ;
  font: inherit }

pre.literal-block, pre.doctest-block, pre.math, pre.code {
  margin-left: 2em ;
  margin-right: 2em }

pre.code .ln { /* line numbers */
  color: grey;
}

.code {
  background-color: #eeeeee
}

span.classifier {
  font-family: sans-serif ;
  font-style: oblique }

span.classifier-delimiter {
  font-family: sans-serif ;
  font-weight: bold }

span.interpreted {
  font-family: sans-serif }

span.option {
  white-space: nowrap }

span.pre {
  white-space: pre }

span.problematic {
  color: red }

span.section-subtitle {
  /* font-size relative to parent (h1..h6 element) */
  font-size: 80% }

table.citation {
  border-left: solid 1px gray;
  margin-left: 1px }

table.docinfo {
  margin: 2em 4em }

table.docutils {
  margin-top: 0.5em ;
  margin-bottom: 0.5em }

table.footnote {
  border-left: solid 1px black;
  margin-left: 1px }

table.docutils td, table.docutils th,
table.docinfo td, table.docinfo th {
  padding-left: 0.5em ;
  padding-right: 0.5em ;
  vertical-align: top }

table.docutils th.field-name, table.docinfo th.docinfo-name {
  font-weight: bold ;
  text-align: left ;
  white-space: nowrap ;
  padding-left: 0 }

h1 tt.docutils, h2 tt.docutils, h3 tt.docutils,
h4 tt.docutils, h5 tt.docutils, h6 tt.docutils {
  font-size: 100% }

ul.auto-toc {
  list-style-type: none }

</style>
</head>
<body>
<div class="document">


<p>This is the book.</p>
<div class="section" id="chapter-1-title">
<h1>Chapter 1 Title</h1>
<p>This is content of chapter 1.</p>
<ul class="simple">
<li>item</li>
<li>another</li>
</ul>
</div>
<div class="section" id="chapter-2-title">
<h1>Chapter 2 Title</h1>
<p>This is chapter 2.</p>
<ol class="arabic simple">
<li>numbers</li>
</ol>
<ol class="upperalpha">
<li><p class="first">upper-case letters
and it goes over many lines</p>
<p>with two paragraphs and all!</p>
</li>
</ol>
<ol class="loweralpha">
<li><dl class="first docutils">
<dt>lower-case letters</dt>
<dd><ol class="first last arabic simple" start="3">
<li>with a sub-list starting at a different number</li>
<li>make sure the numbers are in the correct sequence though!</li>
</ol>
</dd>
</dl>
</li>
</ol>
<ol class="upperroman simple">
<li>upper-case roman numerals</li>
</ol>
<ol class="lowerroman simple">
<li>lower-case roman numerals</li>
</ol>
<ol class="arabic simple">
<li>numbers again</li>
</ol>
<ol class="arabic simple">
<li>and again</li>
</ol>
<p>This is the end of the book.</p>
</div>
</div>
</body>
</html>
'
2012-11-18 23:08:44,283 - book.rst|jinja|rst2html - DEBUG - stderr is ''
2012-11-18 23:08:44,284 - chapter-02.rst|jinja - DEBUG - Running FilterArtifact:chapter-02.rst|jinja
2012-11-18 23:08:44,284 - chapter-02.rst|jinja - DEBUG - Output is not cached under a595143915d266ebc1257d48599e7092, running...
2012-11-18 23:08:44,285 - chapter-02.rst|jinja - DEBUG - setting up jinja FileSystemLoader with dirs artifacts/a595143915d266ebc1257d48599e7092/, artifacts/a595143915d266ebc1257d48599e7092
2012-11-18 23:08:44,285 - chapter-02.rst|jinja - DEBUG - setting up jinja environment
2012-11-18 23:08:44,285 - chapter-02.rst|jinja - DEBUG - Creating jinja2 environment with: undefined: <class 'jinja2.runtime.StrictUndefined'>, loader: <jinja2.loaders.FileSystemLoader object at 0x3d19910>
2012-11-18 23:08:44,285 - chapter-02.rst|jinja - DEBUG - initializing template
2012-11-18 23:08:44,285 - chapter-02.rst|jinja - DEBUG - Running template plugin PrettyPrintJson
2012-11-18 23:08:44,285 - chapter-02.rst|jinja - DEBUG - Running template plugin PythonDatetime
2012-11-18 23:08:44,286 - chapter-02.rst|jinja - DEBUG - Running template plugin DexyVersion
2012-11-18 23:08:44,286 - chapter-02.rst|jinja - DEBUG - Running template plugin SimpleJson
2012-11-18 23:08:44,286 - chapter-02.rst|jinja - DEBUG - Running template plugin PrettyPrinter
2012-11-18 23:08:44,286 - chapter-02.rst|jinja - DEBUG - Running template plugin RegularExpressions
2012-11-18 23:08:44,286 - chapter-02.rst|jinja - DEBUG - Running template plugin PythonBuiltins
2012-11-18 23:08:44,286 - chapter-02.rst|jinja - DEBUG - Running template plugin PygmentsStylesheet
2012-11-18 23:08:44,303 - chapter-02.rst|jinja - DEBUG - Running template plugin Subdirectories
2012-11-18 23:08:44,303 - chapter-02.rst|jinja - DEBUG - Running template plugin Variables
2012-11-18 23:08:44,303 - chapter-02.rst|jinja - DEBUG - Running template plugin Globals
2012-11-18 23:08:44,304 - chapter-02.rst|jinja - DEBUG - Running template plugin Inputs
2012-11-18 23:08:44,304 - chapter-02.rst|jinja - DEBUG - relative refs are []
2012-11-18 23:08:44,304 - chapter-02.rst|jinja - DEBUG - jinja template data keys are DEXY_VERSION, a, abs, all, any, bin, bool, bytearray, cal, caldates, calendar, callable, chr, cmp, complex, d, datetime, dict, dir, divmod, enumerate, f, filter, float, format, hasattr, hex, highlight, id, int, isinstance, issubclass, iter, json, len, list, long, map, max, min, month, oct, ord, pformat, pow, ppjson, pygments, range, re_match, re_search, reduce, repr, reversed, round, s, set, slice, sorted, str, subdirectories, sum, tc, today, tuple, unicode, w, xrange, year, zip
2012-11-18 23:08:44,304 - chapter-02.rst|jinja - DEBUG - about to create jinja template
2012-11-18 23:08:44,305 - chapter-02.rst|jinja - DEBUG - about to process jinja template
2012-11-18 23:08:44,305 - chapter-02.rst|jinja|rst2latex - DEBUG - Running FilterArtifact:chapter-02.rst|jinja|rst2latex
2012-11-18 23:08:44,306 - chapter-02.rst|jinja|rst2latex - DEBUG - Output is not cached under 7e85e088dad74d337cb7f189ac1513d2, running...
2012-11-18 23:08:44,306 - chapter-02.rst|jinja|rst2latex - DEBUG - command line args specified by user are ''
2012-11-18 23:08:44,306 - chapter-02.rst|jinja|rst2latex - DEBUG - About to run 'rst2latex.py  chapter-02.rst ' in 'artifacts/7e85e088dad74d337cb7f189ac1513d2/'
2012-11-18 23:08:44,459 - chapter-02.rst|jinja|rst2latex - DEBUG - stdout is '\documentclass[a4paper]{article}
% generated by Docutils <http://docutils.sourceforge.net/>
\usepackage{fixltx2e} % LaTeX patches, \textsubscript
\usepackage{cmap} % fix search and cut-and-paste in Acrobat
\usepackage{ifthen}
\usepackage[T1]{fontenc}
\usepackage[utf8]{inputenc}

%%% Custom LaTeX preamble
% PDF Standard Fonts
\usepackage{mathptmx} % Times
\usepackage[scaled=.90]{helvet}
\usepackage{courier}

%%% User specified packages and stylesheets

%%% Fallback definitions for Docutils-specific commands

% hyperlinks:
\ifthenelse{\isundefined{\hypersetup}}{
  \usepackage[colorlinks=true,linkcolor=blue,urlcolor=blue]{hyperref}
  \urlstyle{same} % normal text font (alternatives: tt, rm, sf)
}{}
\hypersetup{
  pdftitle={Chapter 2 Title},
}

%%% Title Data
\title{\phantomsection%
  Chapter 2 Title%
  \label{chapter-2-title}}
\author{}
\date{}

%%% Body
\begin{document}
\maketitle

This is chapter 2.
\newcounter{listcnt0}
\begin{list}{\arabic{listcnt0}.}
{
\usecounter{listcnt0}
\setlength{\rightmargin}{\leftmargin}
}

\item numbers
\end{list}
\setcounter{listcnt0}{0}
\begin{list}{\Alph{listcnt0}.}
{
\usecounter{listcnt0}
\setlength{\rightmargin}{\leftmargin}
}

\item upper-case letters
and it goes over many lines

with two paragraphs and all!
\end{list}
\setcounter{listcnt0}{0}
\begin{list}{\alph{listcnt0}.}
{
\usecounter{listcnt0}
\setlength{\rightmargin}{\leftmargin}
}

\item %
\begin{description}
\item[{lower-case letters}] \leavevmode \newcounter{listcnt1}
\begin{list}{\arabic{listcnt1}.}
{
\usecounter{listcnt1}
\addtocounter{listcnt1}{2}
\setlength{\rightmargin}{\leftmargin}
}

\item with a sub-list starting at a different number

\item make sure the numbers are in the correct sequence though!
\end{list}

\end{description}
\end{list}
\setcounter{listcnt0}{0}
\begin{list}{\Roman{listcnt0}.}
{
\usecounter{listcnt0}
\setlength{\rightmargin}{\leftmargin}
}

\item upper-case roman numerals
\end{list}
\setcounter{listcnt0}{0}
\begin{list}{\roman{listcnt0}.}
{
\usecounter{listcnt0}
\setlength{\rightmargin}{\leftmargin}
}

\item lower-case roman numerals
\end{list}
\setcounter{listcnt0}{0}
\begin{list}{(\arabic{listcnt0})}
{
\usecounter{listcnt0}
\setlength{\rightmargin}{\leftmargin}
}

\item numbers again
\end{list}
\setcounter{listcnt0}{0}
\begin{list}{\arabic{listcnt0})}
{
\usecounter{listcnt0}
\setlength{\rightmargin}{\leftmargin}
}

\item and again
\end{list}

\end{document}
'
2012-11-18 23:08:44,460 - chapter-02.rst|jinja|rst2latex - DEBUG - stderr is ''
2012-11-18 23:08:44,460 - chapter-02.rst|jinja|rst2latex|latex - DEBUG - Running FilterArtifact:chapter-02.rst|jinja|rst2latex|latex
2012-11-18 23:08:44,460 - chapter-02.rst|jinja|rst2latex|latex - DEBUG - Output is not cached under 1efb45aaa116efdc9857f5dea7f86920, running...
2012-11-18 23:08:44,461 - chapter-02.rst|jinja|rst2latex|latex - DEBUG - Command line args specified by user ''
2012-11-18 23:08:44,461 - chapter-02.rst|jinja|rst2latex|latex - INFO - running pdflatex -interaction=batchmode  chapter-02.tex in artifacts/1efb45aaa116efdc9857f5dea7f86920/
2012-11-18 23:08:44,610 - chapter-02.rst|jinja|rst2latex|latex - DEBUG - This is pdfTeX, Version 3.1415926-2.4-1.40.13 (TeX Live 2012)
 restricted \write18 enabled.
entering extended mode

2012-11-18 23:08:44,610 - chapter-02.rst|jinja|rst2latex|latex - INFO - running bibtex chapter-02 in artifacts/1efb45aaa116efdc9857f5dea7f86920/
2012-11-18 23:08:44,666 - chapter-02.rst|jinja|rst2latex|latex - DEBUG - This is BibTeX, Version 0.99d (TeX Live 2012)
The top-level auxiliary file: chapter-02.aux
I found no \citation commands---while reading file chapter-02.aux
I found no \bibdata command---while reading file chapter-02.aux
I found no \bibstyle command---while reading file chapter-02.aux
(There were 3 error messages)

2012-11-18 23:08:44,667 - chapter-02.rst|jinja|rst2latex|latex - INFO - running pdflatex -interaction=batchmode  chapter-02.tex in artifacts/1efb45aaa116efdc9857f5dea7f86920/
2012-11-18 23:08:44,815 - chapter-02.rst|jinja|rst2latex|latex - DEBUG - This is pdfTeX, Version 3.1415926-2.4-1.40.13 (TeX Live 2012)
 restricted \write18 enabled.
entering extended mode

2012-11-18 23:08:44,815 - chapter-02.rst|jinja|rst2latex|latex - INFO - running pdflatex -interaction=batchmode  chapter-02.tex in artifacts/1efb45aaa116efdc9857f5dea7f86920/
2012-11-18 23:08:44,956 - chapter-02.rst|jinja|rst2latex|latex - DEBUG - This is pdfTeX, Version 3.1415926-2.4-1.40.13 (TeX Live 2012)
 restricted \write18 enabled.
entering extended mode

2012-11-18 23:08:44,956 - chapter-02.rst|jinja|rst2latex|latex - INFO - running pdflatex -interaction=batchmode  chapter-02.tex in artifacts/1efb45aaa116efdc9857f5dea7f86920/
2012-11-18 23:08:45,111 - chapter-02.rst|jinja|rst2latex|latex - DEBUG - This is pdfTeX, Version 3.1415926-2.4-1.40.13 (TeX Live 2012)
 restricted \write18 enabled.
entering extended mode

2012-11-18 23:08:45,115 - chapter-01.rst|jinja - DEBUG - Running FilterArtifact:chapter-01.rst|jinja
2012-11-18 23:08:45,116 - chapter-01.rst|jinja - DEBUG - Output is not cached under 9faf5d495f22a9cfe3d845f0ab1735ca, running...
2012-11-18 23:08:45,118 - chapter-01.rst|jinja - DEBUG - setting up jinja FileSystemLoader with dirs artifacts/9faf5d495f22a9cfe3d845f0ab1735ca/, artifacts/9faf5d495f22a9cfe3d845f0ab1735ca
2012-11-18 23:08:45,118 - chapter-01.rst|jinja - DEBUG - setting up jinja environment
2012-11-18 23:08:45,119 - chapter-01.rst|jinja - DEBUG - Creating jinja2 environment with: undefined: <class 'jinja2.runtime.StrictUndefined'>, loader: <jinja2.loaders.FileSystemLoader object at 0x3d19610>
2012-11-18 23:08:45,120 - chapter-01.rst|jinja - DEBUG - initializing template
2012-11-18 23:08:45,121 - chapter-01.rst|jinja - DEBUG - Running template plugin PrettyPrintJson
2012-11-18 23:08:45,121 - chapter-01.rst|jinja - DEBUG - Running template plugin PythonDatetime
2012-11-18 23:08:45,122 - chapter-01.rst|jinja - DEBUG - Running template plugin DexyVersion
2012-11-18 23:08:45,123 - chapter-01.rst|jinja - DEBUG - Running template plugin SimpleJson
2012-11-18 23:08:45,123 - chapter-01.rst|jinja - DEBUG - Running template plugin PrettyPrinter
2012-11-18 23:08:45,124 - chapter-01.rst|jinja - DEBUG - Running template plugin RegularExpressions
2012-11-18 23:08:45,124 - chapter-01.rst|jinja - DEBUG - Running template plugin PythonBuiltins
2012-11-18 23:08:45,125 - chapter-01.rst|jinja - DEBUG - Running template plugin PygmentsStylesheet
2012-11-18 23:08:45,145 - chapter-01.rst|jinja - DEBUG - Running template plugin Subdirectories
2012-11-18 23:08:45,146 - chapter-01.rst|jinja - DEBUG - Running template plugin Variables
2012-11-18 23:08:45,146 - chapter-01.rst|jinja - DEBUG - Running template plugin Globals
2012-11-18 23:08:45,146 - chapter-01.rst|jinja - DEBUG - Running template plugin Inputs
2012-11-18 23:08:45,146 - chapter-01.rst|jinja - DEBUG - relative refs are ['/chapter-02.rst-jinja-rst2latex-latex.pdf', '/chapter-02.rst|jinja|rst2latex|latex', 'chapter-02.rst-jinja-rst2latex-latex.pdf', 'chapter-02.rst|jinja|rst2latex|latex']
2012-11-18 23:08:45,146 - chapter-01.rst|jinja - DEBUG - jinja template data keys are DEXY_VERSION, a, abs, all, any, bin, bool, bytearray, cal, caldates, calendar, callable, chr, cmp, complex, d, datetime, dict, dir, divmod, enumerate, f, filter, float, format, hasattr, hex, highlight, id, int, isinstance, issubclass, iter, json, len, list, long, map, max, min, month, oct, ord, pformat, pow, ppjson, pygments, range, re_match, re_search, reduce, repr, reversed, round, s, set, slice, sorted, str, subdirectories, sum, tc, today, tuple, unicode, w, xrange, year, zip
2012-11-18 23:08:45,146 - chapter-01.rst|jinja - DEBUG - about to create jinja template
2012-11-18 23:08:45,147 - chapter-01.rst|jinja - DEBUG - about to process jinja template
2012-11-18 23:08:45,148 - chapter-01.rst|jinja|rst2latex - DEBUG - Running FilterArtifact:chapter-01.rst|jinja|rst2latex
2012-11-18 23:08:45,148 - chapter-01.rst|jinja|rst2latex - DEBUG - Output is not cached under 88abdf399b043d52475172a931f0196e, running...
2012-11-18 23:08:45,148 - chapter-01.rst|jinja|rst2latex - DEBUG - command line args specified by user are ''
2012-11-18 23:08:45,149 - chapter-01.rst|jinja|rst2latex - DEBUG - About to run 'rst2latex.py  chapter-01.rst ' in 'artifacts/88abdf399b043d52475172a931f0196e/'
2012-11-18 23:08:45,291 - chapter-01.rst|jinja|rst2latex - DEBUG - stdout is '\documentclass[a4paper]{article}
% generated by Docutils <http://docutils.sourceforge.net/>
\usepackage{fixltx2e} % LaTeX patches, \textsubscript
\usepackage{cmap} % fix search and cut-and-paste in Acrobat
\usepackage{ifthen}
\usepackage[T1]{fontenc}
\usepackage[utf8]{inputenc}

%%% Custom LaTeX preamble
% PDF Standard Fonts
\usepackage{mathptmx} % Times
\usepackage[scaled=.90]{helvet}
\usepackage{courier}

%%% User specified packages and stylesheets

%%% Fallback definitions for Docutils-specific commands

% hyperlinks:
\ifthenelse{\isundefined{\hypersetup}}{
  \usepackage[colorlinks=true,linkcolor=blue,urlcolor=blue]{hyperref}
  \urlstyle{same} % normal text font (alternatives: tt, rm, sf)
}{}
\hypersetup{
  pdftitle={Chapter 1 Title},
}

%%% Title Data
\title{\phantomsection%
  Chapter 1 Title%
  \label{chapter-1-title}}
\author{}
\date{}

%%% Body
\begin{document}
\maketitle

This is content of chapter 1.
%
\begin{itemize}

\item item

\item another

\end{itemize}

\end{document}
'
2012-11-18 23:08:45,292 - chapter-01.rst|jinja|rst2latex - DEBUG - stderr is ''
2012-11-18 23:08:45,292 - chapter-01.rst|jinja|rst2latex|latex - DEBUG - Running FilterArtifact:chapter-01.rst|jinja|rst2latex|latex
2012-11-18 23:08:45,292 - chapter-01.rst|jinja|rst2latex|latex - DEBUG - Output is not cached under 72d2d51b60460e2cf9c46992e0711e2d, running...
2012-11-18 23:08:45,293 - chapter-01.rst|jinja|rst2latex|latex - DEBUG - Command line args specified by user ''
2012-11-18 23:08:45,293 - chapter-01.rst|jinja|rst2latex|latex - INFO - running pdflatex -interaction=batchmode  chapter-01.tex in artifacts/72d2d51b60460e2cf9c46992e0711e2d/
2012-11-18 23:08:45,433 - chapter-01.rst|jinja|rst2latex|latex - DEBUG - This is pdfTeX, Version 3.1415926-2.4-1.40.13 (TeX Live 2012)
 restricted \write18 enabled.
entering extended mode

2012-11-18 23:08:45,434 - chapter-01.rst|jinja|rst2latex|latex - INFO - running bibtex chapter-01 in artifacts/72d2d51b60460e2cf9c46992e0711e2d/
2012-11-18 23:08:45,491 - chapter-01.rst|jinja|rst2latex|latex - DEBUG - This is BibTeX, Version 0.99d (TeX Live 2012)
The top-level auxiliary file: chapter-01.aux
I found no \citation commands---while reading file chapter-01.aux
I found no \bibdata command---while reading file chapter-01.aux
I found no \bibstyle command---while reading file chapter-01.aux
(There were 3 error messages)

2012-11-18 23:08:45,492 - chapter-01.rst|jinja|rst2latex|latex - INFO - running pdflatex -interaction=batchmode  chapter-01.tex in artifacts/72d2d51b60460e2cf9c46992e0711e2d/
2012-11-18 23:08:45,647 - chapter-01.rst|jinja|rst2latex|latex - DEBUG - This is pdfTeX, Version 3.1415926-2.4-1.40.13 (TeX Live 2012)
 restricted \write18 enabled.
entering extended mode

2012-11-18 23:08:45,648 - chapter-01.rst|jinja|rst2latex|latex - INFO - running pdflatex -interaction=batchmode  chapter-01.tex in artifacts/72d2d51b60460e2cf9c46992e0711e2d/
2012-11-18 23:08:45,790 - chapter-01.rst|jinja|rst2latex|latex - DEBUG - This is pdfTeX, Version 3.1415926-2.4-1.40.13 (TeX Live 2012)
 restricted \write18 enabled.
entering extended mode

2012-11-18 23:08:45,791 - chapter-01.rst|jinja|rst2latex|latex - INFO - running pdflatex -interaction=batchmode  chapter-01.tex in artifacts/72d2d51b60460e2cf9c46992e0711e2d/
2012-11-18 23:08:45,971 - chapter-01.rst|jinja|rst2latex|latex - DEBUG - This is pdfTeX, Version 3.1415926-2.4-1.40.13 (TeX Live 2012)
 restricted \write18 enabled.
entering extended mode

2012-11-18 23:08:46,188 - dexy - DEBUG - initializing all reporters where ALLREPORTS is True
2012-11-18 23:08:46,189 - dexy - DEBUG - running reporter output
2012-11-18 23:08:46,189 - report:output - DEBUG - writing chapter-02.rst|jinja to output/chapter-02.rst
2012-11-18 23:08:46,190 - report:output - DEBUG - writing chapter-01.rst|jinja to output/chapter-01.rst
2012-11-18 23:08:46,190 - report:output - DEBUG - writing book.rst|jinja|rst2latex|latex to output/book.pdf
2012-11-18 23:08:46,190 - report:output - DEBUG - writing book.rst|jinja|rst2html to output/book.html
2012-11-18 23:08:46,190 - report:output - DEBUG - writing chapter-02.rst|jinja|rst2latex|latex to output/chapter-02.pdf
2012-11-18 23:08:46,191 - report:output - DEBUG - writing chapter-01.rst|jinja|rst2latex|latex to output/chapter-01.pdf
2012-11-18 23:08:46,191 - dexy - DEBUG - running reporter long
2012-11-18 23:08:46,192 - report:long - DEBUG - writing chapter-02.rst|jinja to output-long/chapter-02.rst-jinja.rst
2012-11-18 23:08:46,192 - report:long - DEBUG - writing chapter-01.rst|jinja to output-long/chapter-01.rst-jinja.rst
2012-11-18 23:08:46,192 - report:long - DEBUG - writing book.rst|jinja|rst2latex|latex to output-long/book.rst-jinja-rst2latex-latex.pdf
2012-11-18 23:08:46,193 - report:long - DEBUG - writing book.rst|jinja|rst2html to output-long/book.rst-jinja-rst2html.html
2012-11-18 23:08:46,193 - report:long - DEBUG - writing chapter-02.rst|jinja|rst2latex|latex to output-long/chapter-02.rst-jinja-rst2latex-latex.pdf
2012-11-18 23:08:46,193 - report:long - DEBUG - writing chapter-01.rst|jinja|rst2latex|latex to output-long/chapter-01.rst-jinja-rst2latex-latex.pdf
2012-11-18 23:08:46,193 - dexy - DEBUG - running reporter run
