14:23:08    DEBUG          engineer.engine.build     Starting build using configuration file C:\Users\tylerbu\code\engineer\engineer\sample_site\debug.yaml.
14:23:08    DEBUG          engineer.engine.build     Copying static files to output cache.
14:23:08    DEBUG    engineer.util.mirror_folder     Mirroring C:\Users\tylerbu\code\engineer\engineer\static\engineer ==> C:\Users\tylerbu\code\engineer\engineer\sample_site\_cache\debug.yaml\output_cache\static\engineer
14:23:08    DEBUG    engineer.util.mirror_folder     Copying new file C:\Users\tylerbu\code\engineer\engineer\static\engineer\tango.css ==> C:\Users\tylerbu\code\engineer\engineer\sample_site\_cache\debug.yaml\output_cache\static\engineer\tango.css
14:23:08    DEBUG    engineer.util.mirror_folder     Copying new file C:\Users\tylerbu\code\engineer\engineer\static\engineer\emacs.css ==> C:\Users\tylerbu\code\engineer\engineer\sample_site\_cache\debug.yaml\output_cache\static\engineer\emacs.css
14:23:08    DEBUG    engineer.util.mirror_folder     Copying new file C:\Users\tylerbu\code\engineer\engineer\static\engineer\monokai.css ==> C:\Users\tylerbu\code\engineer\engineer\sample_site\_cache\debug.yaml\output_cache\static\engineer\monokai.css
14:23:08    DEBUG    engineer.util.mirror_folder     Copying new file C:\Users\tylerbu\code\engineer\engineer\static\engineer\fruity.css ==> C:\Users\tylerbu\code\engineer\engineer\sample_site\_cache\debug.yaml\output_cache\static\engineer\fruity.css
14:23:08    DEBUG    engineer.util.mirror_folder     Copying new file C:\Users\tylerbu\code\engineer\engineer\static\engineer\murphy.css ==> C:\Users\tylerbu\code\engineer\engineer\sample_site\_cache\debug.yaml\output_cache\static\engineer\murphy.css
14:23:08    DEBUG    engineer.util.mirror_folder     Copying new file C:\Users\tylerbu\code\engineer\engineer\static\engineer\autumn.css ==> C:\Users\tylerbu\code\engineer\engineer\sample_site\_cache\debug.yaml\output_cache\static\engineer\autumn.css
14:23:08    DEBUG    engineer.util.mirror_folder     Copying new file C:\Users\tylerbu\code\engineer\engineer\static\engineer\solarizeddark.css ==> C:\Users\tylerbu\code\engineer\engineer\sample_site\_cache\debug.yaml\output_cache\static\engineer\solarizeddark.css
14:23:08    DEBUG    engineer.util.mirror_folder     Copying new file C:\Users\tylerbu\code\engineer\engineer\static\engineer\manni.css ==> C:\Users\tylerbu\code\engineer\engineer\sample_site\_cache\debug.yaml\output_cache\static\engineer\manni.css
14:23:08    DEBUG    engineer.util.mirror_folder     Copying new file C:\Users\tylerbu\code\engineer\engineer\static\engineer\bw.css ==> C:\Users\tylerbu\code\engineer\engineer\sample_site\_cache\debug.yaml\output_cache\static\engineer\bw.css
14:23:08    DEBUG    engineer.util.mirror_folder     Copying new file C:\Users\tylerbu\code\engineer\engineer\static\engineer\reset.css.less ==> C:\Users\tylerbu\code\engineer\engineer\sample_site\_cache\debug.yaml\output_cache\static\engineer\reset.css.less
14:23:08    DEBUG    engineer.util.mirror_folder     Copying new file C:\Users\tylerbu\code\engineer\engineer\static\engineer\default.css ==> C:\Users\tylerbu\code\engineer\engineer\sample_site\_cache\debug.yaml\output_cache\static\engineer\default.css
14:23:08    DEBUG    engineer.util.mirror_folder     Copying new file C:\Users\tylerbu\code\engineer\engineer\static\engineer\github.css ==> C:\Users\tylerbu\code\engineer\engineer\sample_site\_cache\debug.yaml\output_cache\static\engineer\github.css
14:23:08    DEBUG    engineer.util.mirror_folder     Copying new file C:\Users\tylerbu\code\engineer\engineer\static\engineer\_solarized.less ==> C:\Users\tylerbu\code\engineer\engineer\sample_site\_cache\debug.yaml\output_cache\static\engineer\_solarized.less
14:23:08    DEBUG    engineer.util.mirror_folder     Copying new file C:\Users\tylerbu\code\engineer\engineer\static\engineer\colorful.css ==> C:\Users\tylerbu\code\engineer\engineer\sample_site\_cache\debug.yaml\output_cache\static\engineer\colorful.css
14:23:08    DEBUG    engineer.util.mirror_folder     Copying new file C:\Users\tylerbu\code\engineer\engineer\static\engineer\baseline.less ==> C:\Users\tylerbu\code\engineer\engineer\sample_site\_cache\debug.yaml\output_cache\static\engineer\baseline.less
14:23:08    DEBUG    engineer.util.mirror_folder     Copying new file C:\Users\tylerbu\code\engineer\engineer\static\engineer\perldoc.css ==> C:\Users\tylerbu\code\engineer\engineer\sample_site\_cache\debug.yaml\output_cache\static\engineer\perldoc.css
14:23:08    DEBUG    engineer.util.mirror_folder     Copying new file C:\Users\tylerbu\code\engineer\engineer\static\engineer\friendly.css ==> C:\Users\tylerbu\code\engineer\engineer\sample_site\_cache\debug.yaml\output_cache\static\engineer\friendly.css
14:23:08    DEBUG    engineer.util.mirror_folder     Copying new file C:\Users\tylerbu\code\engineer\engineer\static\engineer\pastie.css ==> C:\Users\tylerbu\code\engineer\engineer\sample_site\_cache\debug.yaml\output_cache\static\engineer\pastie.css
14:23:08    DEBUG    engineer.util.mirror_folder     Copying new file C:\Users\tylerbu\code\engineer\engineer\static\engineer\_base_mixins.less ==> C:\Users\tylerbu\code\engineer\engineer\sample_site\_cache\debug.yaml\output_cache\static\engineer\_base_mixins.less
14:23:08    DEBUG    engineer.util.mirror_folder     Copying new file C:\Users\tylerbu\code\engineer\engineer\static\engineer\trac.css ==> C:\Users\tylerbu\code\engineer\engineer\sample_site\_cache\debug.yaml\output_cache\static\engineer\trac.css
14:23:08    DEBUG    engineer.util.mirror_folder     Copying new file C:\Users\tylerbu\code\engineer\engineer\static\engineer\flasky.css ==> C:\Users\tylerbu\code\engineer\engineer\sample_site\_cache\debug.yaml\output_cache\static\engineer\flasky.css
14:23:08    DEBUG    engineer.util.mirror_folder     Copying new file C:\Users\tylerbu\code\engineer\engineer\static\engineer\solarized.css ==> C:\Users\tylerbu\code\engineer\engineer\sample_site\_cache\debug.yaml\output_cache\static\engineer\solarized.css
14:23:08    DEBUG    engineer.util.mirror_folder     Copying new file C:\Users\tylerbu\code\engineer\engineer\static\engineer\vs.css ==> C:\Users\tylerbu\code\engineer\engineer\sample_site\_cache\debug.yaml\output_cache\static\engineer\vs.css
14:23:08    DEBUG    engineer.util.mirror_folder     Copying new file C:\Users\tylerbu\code\engineer\engineer\static\engineer\native.css ==> C:\Users\tylerbu\code\engineer\engineer\sample_site\_cache\debug.yaml\output_cache\static\engineer\native.css
14:23:08    DEBUG    engineer.util.mirror_folder     Copying new file C:\Users\tylerbu\code\engineer\engineer\static\engineer\borland.css ==> C:\Users\tylerbu\code\engineer\engineer\sample_site\_cache\debug.yaml\output_cache\static\engineer\borland.css
14:23:08    DEBUG    engineer.util.mirror_folder     Mirroring C:\Users\tylerbu\code\engineer\engineer\static\engineer\lib\foundation ==> C:\Users\tylerbu\code\engineer\engineer\sample_site\_cache\debug.yaml\output_cache\static\engineer/lib/foundation
14:23:08    DEBUG    engineer.util.mirror_folder     Copying new file C:\Users\tylerbu\code\engineer\engineer\static\engineer\lib\foundation\humans.txt ==> C:\Users\tylerbu\code\engineer\engineer\sample_site\_cache\debug.yaml\output_cache\static\engineer/lib/foundation\humans.txt
14:23:08    DEBUG    engineer.util.mirror_folder     Copying new file C:\Users\tylerbu\code\engineer\engineer\static\engineer\lib\foundation\index.html ==> C:\Users\tylerbu\code\engineer\engineer\sample_site\_cache\debug.yaml\output_cache\static\engineer/lib/foundation\index.html
14:23:08    DEBUG    engineer.util.mirror_folder     Copying new file C:\Users\tylerbu\code\engineer\engineer\static\engineer\lib\foundation\robots.txt ==> C:\Users\tylerbu\code\engineer\engineer\sample_site\_cache\debug.yaml\output_cache\static\engineer/lib/foundation\robots.txt
14:23:08    DEBUG    engineer.util.mirror_folder     Copying new directory C:\Users\tylerbu\code\engineer\engineer\static\engineer\lib\foundation\stylesheets ==> C:\Users\tylerbu\code\engineer\engineer\sample_site\_cache\debug.yaml\output_cache\static\engineer/lib/foundation\stylesheets
14:23:08    DEBUG    engineer.util.mirror_folder     Copying new directory C:\Users\tylerbu\code\engineer\engineer\static\engineer\lib\foundation\images ==> C:\Users\tylerbu\code\engineer\engineer\sample_site\_cache\debug.yaml\output_cache\static\engineer/lib/foundation\images
14:23:08    DEBUG    engineer.util.mirror_folder     Copying new directory C:\Users\tylerbu\code\engineer\engineer\static\engineer\lib\foundation\javascripts ==> C:\Users\tylerbu\code\engineer\engineer\sample_site\_cache\debug.yaml\output_cache\static\engineer/lib/foundation\javascripts
14:23:08    DEBUG          engineer.engine.build     Copied Foundation library files.
14:23:08    DEBUG          engineer.engine.build     Copied LESS CSS files.
14:23:08    DEBUG          engineer.engine.build     Copied jQuery files.
14:23:08    DEBUG    engineer.util.mirror_folder     Mirroring C:\Users\tylerbu\code\engineer\engineer\static\engineer\lib\tweet ==> C:\Users\tylerbu\code\engineer\engineer\sample_site\_cache\debug.yaml\output_cache\static\engineer/lib/tweet
14:23:08    DEBUG    engineer.util.mirror_folder     Copying new file C:\Users\tylerbu\code\engineer\engineer\static\engineer\lib\tweet\README.markdown ==> C:\Users\tylerbu\code\engineer\engineer\sample_site\_cache\debug.yaml\output_cache\static\engineer/lib/tweet\README.markdown
14:23:08    DEBUG    engineer.util.mirror_folder     Copying new directory C:\Users\tylerbu\code\engineer\engineer\static\engineer\lib\tweet\tweet ==> C:\Users\tylerbu\code\engineer\engineer\sample_site\_cache\debug.yaml\output_cache\static\engineer/lib/tweet\tweet
14:23:08    DEBUG    engineer.util.mirror_folder     Copying new file C:\Users\tylerbu\code\engineer\engineer\static\engineer\lib\tweet\.gitignore ==> C:\Users\tylerbu\code\engineer\engineer\sample_site\_cache\debug.yaml\output_cache\static\engineer/lib/tweet\.gitignore
14:23:08    DEBUG    engineer.util.mirror_folder     Copying new file C:\Users\tylerbu\code\engineer\engineer\static\engineer\lib\tweet\.git ==> C:\Users\tylerbu\code\engineer\engineer\sample_site\_cache\debug.yaml\output_cache\static\engineer/lib/tweet\.git
14:23:08    DEBUG    engineer.util.mirror_folder     Copying new file C:\Users\tylerbu\code\engineer\engineer\static\engineer\lib\tweet\LICENSE.txt ==> C:\Users\tylerbu\code\engineer\engineer\sample_site\_cache\debug.yaml\output_cache\static\engineer/lib/tweet\LICENSE.txt
14:23:08    DEBUG    engineer.util.mirror_folder     Copying new file C:\Users\tylerbu\code\engineer\engineer\static\engineer\lib\tweet\config.ru ==> C:\Users\tylerbu\code\engineer\engineer\sample_site\_cache\debug.yaml\output_cache\static\engineer/lib/tweet\config.ru
14:23:08    DEBUG          engineer.engine.build     Copied Tweet files.
14:23:08    DEBUG          engineer.engine.build     Copied static files to /static\engineer\lib\tweet.
14:23:08    DEBUG          engineer.engine.build     Copying theme static files to output cache.
14:23:08    DEBUG    engineer.util.mirror_folder     Mirroring C:\Users\tylerbu\code\engineer\engineer\themes\oleb\static ==> C:\Users\tylerbu\code\engineer\engineer\sample_site\_cache\debug.yaml\output_cache\static\theme
14:23:08    DEBUG    engineer.util.mirror_folder     Copying new directory C:\Users\tylerbu\code\engineer\engineer\themes\oleb\static\stylesheets ==> C:\Users\tylerbu\code\engineer\engineer\sample_site\_cache\debug.yaml\output_cache\static\theme\stylesheets
14:23:08    DEBUG          engineer.engine.build     Copied static files for theme to /static\theme.
14:23:08    DEBUG          engineer.engine.build     Copying additional theme content to output cache.
14:23:08    DEBUG          engineer.engine.build     Copied additional files for theme to /static\theme\images\rss.png.
14:23:08     INFO          engineer.engine.build     Loading posts...
14:23:08    DEBUG                  engineer.conf     Configuring the Jinja environment.
14:23:09     INFO               engineer.loaders     Getting posts from C:\Users\tylerbu\code\engineer\engineer\sample_site\posts.
14:23:09     INFO               engineer.loaders     Getting posts from C:\Users\tylerbu\code\engineer\engineer\sample_site\archives.
14:23:09    DEBUG                  engineer.conf     Caches either don't exist or are old, so creating new ones...
14:23:09    DEBUG               engineer.loaders     '(d)2012-03-09-a-draft-post.md': Beginning to parse.
14:23:09    DEBUG engineer.plugins.bundled.FinalizationPlugin     No metadata finalization needed for post 'a-draft-post'
14:23:09     INFO engineer.plugins.bundled.PostRenamerPlugin     Renamed post 'A Draft Post' to C:\Users\tylerbu\code\engineer\engineer\sample_site\posts\(draft) a-draft-post.md.
14:23:09    DEBUG               engineer.loaders     '(d)2012-03-09-a-draft-post.md': Parsed successfully.
14:23:09     INFO               engineer.loaders     '(d)2012-03-09-a-draft-post.md': LOADED
14:23:09    DEBUG               engineer.loaders     '(d)2012-03-18-test-post.md': Beginning to parse.
14:23:09    DEBUG engineer.plugins.bundled.FinalizationPlugin     No metadata finalization needed for post 'test-post'
14:23:09     INFO engineer.plugins.bundled.PostRenamerPlugin     Renamed post 'Test Post' to C:\Users\tylerbu\code\engineer\engineer\sample_site\posts\(draft) test-post.md.
14:23:09    DEBUG               engineer.loaders     '(d)2012-03-18-test-post.md': Parsed successfully.
14:23:09     INFO               engineer.loaders     '(d)2012-03-18-test-post.md': LOADED
14:23:09    DEBUG               engineer.loaders     '(p)2012-03-07-markdown-tutorial.md': Beginning to parse.
14:23:09    DEBUG engineer.plugins.bundled.FinalizationPlugin     Finalizing metadata for post 'markdown-tutorial'
14:23:09     INFO engineer.plugins.bundled.PostRenamerPlugin     Renamed post 'Markdown Tutorial' to C:\Users\tylerbu\code\engineer\engineer\sample_site\posts\(p) 2012-03-07 markdown-tutorial.md.
14:23:09    DEBUG               engineer.loaders     '(p)2012-03-07-markdown-tutorial.md': Parsed successfully.
14:23:09     INFO               engineer.loaders     '(p)2012-03-07-markdown-tutorial.md': LOADED
14:23:09    DEBUG               engineer.loaders     '(p)2012-03-08-theme-style-preview.md': Beginning to parse.
14:23:09    DEBUG engineer.plugins.bundled.FinalizationPlugin     Finalizing metadata for post 'theme-style-preview'
14:23:09     INFO engineer.plugins.bundled.PostRenamerPlugin     Renamed post 'Theme Style Preview' to C:\Users\tylerbu\code\engineer\engineer\sample_site\posts\(p) 2012-03-08 theme-style-preview.md.
14:23:09    DEBUG               engineer.loaders     '(p)2012-03-08-theme-style-preview.md': Parsed successfully.
14:23:09     INFO               engineer.loaders     '(p)2012-03-08-theme-style-preview.md': LOADED
14:23:09    DEBUG               engineer.loaders     '(p)2012-03-09-what-s-next.md': Beginning to parse.
14:23:09    DEBUG engineer.plugins.bundled.FinalizationPlugin     Finalizing metadata for post 'what-s-next'
14:23:09     INFO engineer.plugins.bundled.PostRenamerPlugin     Renamed post 'What's Next?' to C:\Users\tylerbu\code\engineer\engineer\sample_site\posts\(p) 2012-03-09 what-s-next.md.
14:23:09    DEBUG               engineer.loaders     '(p)2012-03-09-what-s-next.md': Parsed successfully.
14:23:09     INFO               engineer.loaders     '(p)2012-03-09-what-s-next.md': LOADED
14:23:09    DEBUG               engineer.loaders     '(p)2012-03-10-welcome.md': Beginning to parse.
14:23:09    DEBUG engineer.plugins.bundled.FinalizationPlugin     Finalizing metadata for post 'welcome'
14:23:09     INFO engineer.plugins.bundled.PostRenamerPlugin     Renamed post 'Welcome' to C:\Users\tylerbu\code\engineer\engineer\sample_site\posts\(p) 2012-03-10 welcome.md.
14:23:09    DEBUG               engineer.loaders     '(p)2012-03-10-welcome.md': Parsed successfully.
14:23:09     INFO               engineer.loaders     '(p)2012-03-10-welcome.md': LOADED
14:23:09    DEBUG               engineer.loaders     '(p)2012-05-05-engineer-documentation.md': Beginning to parse.
14:23:09    DEBUG engineer.plugins.bundled.FinalizationPlugin     Finalizing metadata for post 'engineer-documentation'
14:23:09     INFO engineer.plugins.bundled.PostRenamerPlugin     Renamed post 'Engineer Documentation' to C:\Users\tylerbu\code\engineer\engineer\sample_site\posts\(p) 2012-05-05 engineer-documentation.md.
14:23:09    DEBUG               engineer.loaders     '(p)2012-05-05-engineer-documentation.md': Parsed successfully.
14:23:09     INFO               engineer.loaders     '(p)2012-05-05-engineer-documentation.md': LOADED
14:23:09    DEBUG               engineer.loaders     '(p)2011-11-03-post-from-2011.md': Beginning to parse.
14:23:09    DEBUG engineer.plugins.bundled.FinalizationPlugin     Finalizing metadata for post 'post-from-2011'
14:23:09     INFO engineer.plugins.bundled.PostRenamerPlugin     Renamed post 'Post from 2011' to C:\Users\tylerbu\code\engineer\engineer\sample_site\archives\(p) 2011-11-03 post-from-2011.md.
14:23:09    DEBUG               engineer.loaders     '(p)2011-11-03-post-from-2011.md': Parsed successfully.
14:23:09     INFO               engineer.loaders     '(p)2011-11-03-post-from-2011.md': LOADED
14:23:09  CONSOLE               engineer.loaders     Found 8 new posts and loaded 0 from the cache.
14:23:09     INFO          engineer.engine.build     Generating template pages from C:\Users\tylerbu\code\engineer\engineer\sample_site\templates\pages.
14:23:09    DEBUG          engineer.engine.build     Output template page /about\index.html.
14:23:09    DEBUG          engineer.engine.build     Output template page /themes\index.html.
14:23:09     INFO          engineer.engine.build     Generated 2 template pages.
14:23:09  CONSOLE          engineer.engine.build     Output new or modified post 'Engineer Documentation'.
14:23:09  CONSOLE          engineer.engine.build     Output new or modified post 'Welcome'.
14:23:09  CONSOLE          engineer.engine.build     Output new or modified post 'What's Next?'.
14:23:09  CONSOLE          engineer.engine.build     Output new or modified post 'Theme Style Preview'.
14:23:09  CONSOLE          engineer.engine.build     Output new or modified post 'Markdown Tutorial'.
14:23:09  CONSOLE          engineer.engine.build     Output new or modified post 'Post from 2011'.
14:23:09    DEBUG          engineer.engine.build     Output rollup page /page\1\index.html.
14:23:09    DEBUG          engineer.engine.build     Output 'C:\Users\tylerbu\code\engineer\engineer\sample_site\_cache\debug.yaml\output_cache\index.html'.
14:23:09    DEBUG          engineer.engine.build     Output rollup page /page\2\index.html.
14:23:09    DEBUG          engineer.engine.build     Output /archives\index.html.
14:23:09    DEBUG          engineer.engine.build     Output /tag\themes\index.html.
14:23:09    DEBUG          engineer.engine.build     Output /tag\markdown\index.html.
14:23:09    DEBUG          engineer.engine.build     Output /tag\features\index.html.
14:23:09    DEBUG          engineer.engine.build     Output /tag\sample\index.html.
14:23:10    DEBUG          engineer.engine.build     Output /tag\primer\index.html.
14:23:10    DEBUG          engineer.engine.build     Output /tag\preview\index.html.
14:23:10    DEBUG          engineer.engine.build     Output /tag\example\index.html.
14:23:10    DEBUG          engineer.engine.build     Output /feeds\rss.xml.
14:23:10    DEBUG          engineer.engine.build     Output /sitemap.xml.gz.
14:23:10    DEBUG          engineer.engine.build     Compressed /static\engineer\flasky.css.
14:23:10    DEBUG          engineer.engine.build     Compressed /static\engineer\lib\foundation\javascripts\foundation.js.
14:23:10    DEBUG          engineer.engine.build     Compressed /static\engineer\lib\tweet\tweet\jquery.tweet.js.
14:23:10    DEBUG          engineer.engine.build     Compressed /static\engineer\lib\foundation\stylesheets\mobile.css.
14:23:10    DEBUG          engineer.engine.build     Compressed /static\engineer\lib\foundation\stylesheets\grid.css.
14:23:10    DEBUG          engineer.engine.build     Synchronizing output directory with output cache.
14:23:10    DEBUG    engineer.util.mirror_folder     Mirroring C:\Users\tylerbu\code\engineer\engineer\sample_site\_cache\debug.yaml\output_cache ==> C:\Users\tylerbu\code\engineer\engineer\sample_site\output
14:23:10    DEBUG    engineer.util.mirror_folder     Copying new directory C:\Users\tylerbu\code\engineer\engineer\sample_site\_cache\debug.yaml\output_cache\about ==> C:\Users\tylerbu\code\engineer\engineer\sample_site\output\about
14:23:10    DEBUG    engineer.util.mirror_folder     Copying new file C:\Users\tylerbu\code\engineer\engineer\sample_site\_cache\debug.yaml\output_cache\index.html ==> C:\Users\tylerbu\code\engineer\engineer\sample_site\output\index.html
14:23:10    DEBUG    engineer.util.mirror_folder     Copying new file C:\Users\tylerbu\code\engineer\engineer\sample_site\_cache\debug.yaml\output_cache\sitemap.xml.gz ==> C:\Users\tylerbu\code\engineer\engineer\sample_site\output\sitemap.xml.gz
14:23:10    DEBUG    engineer.util.mirror_folder     Copying new directory C:\Users\tylerbu\code\engineer\engineer\sample_site\_cache\debug.yaml\output_cache\themes ==> C:\Users\tylerbu\code\engineer\engineer\sample_site\output\themes
14:23:10    DEBUG    engineer.util.mirror_folder     Copying new directory C:\Users\tylerbu\code\engineer\engineer\sample_site\_cache\debug.yaml\output_cache\tag ==> C:\Users\tylerbu\code\engineer\engineer\sample_site\output\tag
14:23:10    DEBUG    engineer.util.mirror_folder     Copying new directory C:\Users\tylerbu\code\engineer\engineer\sample_site\_cache\debug.yaml\output_cache\static ==> C:\Users\tylerbu\code\engineer\engineer\sample_site\output\static
14:23:10    DEBUG    engineer.util.mirror_folder     Copying new directory C:\Users\tylerbu\code\engineer\engineer\sample_site\_cache\debug.yaml\output_cache\archives ==> C:\Users\tylerbu\code\engineer\engineer\sample_site\output\archives
14:23:10    DEBUG    engineer.util.mirror_folder     Copying new directory C:\Users\tylerbu\code\engineer\engineer\sample_site\_cache\debug.yaml\output_cache\feeds ==> C:\Users\tylerbu\code\engineer\engineer\sample_site\output\feeds
14:23:10    DEBUG    engineer.util.mirror_folder     Copying new directory C:\Users\tylerbu\code\engineer\engineer\sample_site\_cache\debug.yaml\output_cache\2011 ==> C:\Users\tylerbu\code\engineer\engineer\sample_site\output\2011
14:23:10    DEBUG    engineer.util.mirror_folder     Copying new directory C:\Users\tylerbu\code\engineer\engineer\sample_site\_cache\debug.yaml\output_cache\page ==> C:\Users\tylerbu\code\engineer\engineer\sample_site\output\page
14:23:10    DEBUG    engineer.util.mirror_folder     Copying new directory C:\Users\tylerbu\code\engineer\engineer\sample_site\_cache\debug.yaml\output_cache\2012 ==> C:\Users\tylerbu\code\engineer\engineer\sample_site\output\2012
14:23:10    DEBUG          engineer.engine.build     Folder mirroring report: {'deleted': set(),
 'new': set([path(u'C:\\Users\\tylerbu\\code\\engineer\\engineer\\sample_site\\output\\2011'),
             path(u'C:\\Users\\tylerbu\\code\\engineer\\engineer\\sample_site\\output\\2011\\11'),
             path(u'C:\\Users\\tylerbu\\code\\engineer\\engineer\\sample_site\\output\\2011\\11\\03'),
             path(u'C:\\Users\\tylerbu\\code\\engineer\\engineer\\sample_site\\output\\2011\\11\\03\\post-from-2011'),
             path(u'C:\\Users\\tylerbu\\code\\engineer\\engineer\\sample_site\\output\\2011\\11\\03\\post-from-2011\\index.html'),
             path(u'C:\\Users\\tylerbu\\code\\engineer\\engineer\\sample_site\\output\\2012'),
             path(u'C:\\Users\\tylerbu\\code\\engineer\\engineer\\sample_site\\output\\2012\\03'),
             path(u'C:\\Users\\tylerbu\\code\\engineer\\engineer\\sample_site\\output\\2012\\03\\07'),
             path(u'C:\\Users\\tylerbu\\code\\engineer\\engineer\\sample_site\\output\\2012\\03\\07\\markdown-tutorial'),
             path(u'C:\\Users\\tylerbu\\code\\engineer\\engineer\\sample_site\\output\\2012\\03\\07\\markdown-tutorial\\index.html'),
             path(u'C:\\Users\\tylerbu\\code\\engineer\\engineer\\sample_site\\output\\2012\\03\\08'),
             path(u'C:\\Users\\tylerbu\\code\\engineer\\engineer\\sample_site\\output\\2012\\03\\08\\theme-style-preview'),
             path(u'C:\\Users\\tylerbu\\code\\engineer\\engineer\\sample_site\\output\\2012\\03\\08\\theme-style-preview\\index.html'),
             path(u'C:\\Users\\tylerbu\\code\\engineer\\engineer\\sample_site\\output\\2012\\03\\09'),
             path(u'C:\\Users\\tylerbu\\code\\engineer\\engineer\\sample_site\\output\\2012\\03\\09\\what-s-next'),
             path(u'C:\\Users\\tylerbu\\code\\engineer\\engineer\\sample_site\\output\\2012\\03\\09\\what-s-next\\index.html'),
             path(u'C:\\Users\\tylerbu\\code\\engineer\\engineer\\sample_site\\output\\2012\\03\\10'),
             path(u'C:\\Users\\tylerbu\\code\\engineer\\engineer\\sample_site\\output\\2012\\03\\10\\welcome'),
             path(u'C:\\Users\\tylerbu\\code\\engineer\\engineer\\sample_site\\output\\2012\\03\\10\\welcome\\index.html'),
             path(u'C:\\Users\\tylerbu\\code\\engineer\\engineer\\sample_site\\output\\2012\\05'),
             path(u'C:\\Users\\tylerbu\\code\\engineer\\engineer\\sample_site\\output\\2012\\05\\05'),
             path(u'C:\\Users\\tylerbu\\code\\engineer\\engineer\\sample_site\\output\\2012\\05\\05\\engineer-documentation'),
             path(u'C:\\Users\\tylerbu\\code\\engineer\\engineer\\sample_site\\output\\2012\\05\\05\\engineer-documentation\\index.html'),
             path(u'C:\\Users\\tylerbu\\code\\engineer\\engineer\\sample_site\\output\\about'),
             path(u'C:\\Users\\tylerbu\\code\\engineer\\engineer\\sample_site\\output\\about\\index.html'),
             path(u'C:\\Users\\tylerbu\\code\\engineer\\engineer\\sample_site\\output\\archives'),
             path(u'C:\\Users\\tylerbu\\code\\engineer\\engineer\\sample_site\\output\\archives\\index.html'),
             path(u'C:\\Users\\tylerbu\\code\\engineer\\engineer\\sample_site\\output\\feeds'),
             path(u'C:\\Users\\tylerbu\\code\\engineer\\engineer\\sample_site\\output\\feeds\\rss.xml'),
             path(u'C:\\Users\\tylerbu\\code\\engineer\\engineer\\sample_site\\output\\index.html'),
             path(u'C:\\Users\\tylerbu\\code\\engineer\\engineer\\sample_site\\output\\page'),
             path(u'C:\\Users\\tylerbu\\code\\engineer\\engineer\\sample_site\\output\\page\\1'),
             path(u'C:\\Users\\tylerbu\\code\\engineer\\engineer\\sample_site\\output\\page\\1\\index.html'),
             path(u'C:\\Users\\tylerbu\\code\\engineer\\engineer\\sample_site\\output\\page\\2'),
             path(u'C:\\Users\\tylerbu\\code\\engineer\\engineer\\sample_site\\output\\page\\2\\index.html'),
             path(u'C:\\Users\\tylerbu\\code\\engineer\\engineer\\sample_site\\output\\sitemap.xml.gz'),
             path(u'C:\\Users\\tylerbu\\code\\engineer\\engineer\\sample_site\\output\\static'),
             path(u'C:\\Users\\tylerbu\\code\\engineer\\engineer\\sample_site\\output\\static\\engineer'),
             path(u'C:\\Users\\tylerbu\\code\\engineer\\engineer\\sample_site\\output\\static\\engineer\\_base_mixins.less'),
             path(u'C:\\Users\\tylerbu\\code\\engineer\\engineer\\sample_site\\output\\static\\engineer\\_solarized.less'),
             path(u'C:\\Users\\tylerbu\\code\\engineer\\engineer\\sample_site\\output\\static\\engineer\\autumn.css'),
             path(u'C:\\Users\\tylerbu\\code\\engineer\\engineer\\sample_site\\output\\static\\engineer\\baseline.less'),
             path(u'C:\\Users\\tylerbu\\code\\engineer\\engineer\\sample_site\\output\\static\\engineer\\borland.css'),
             path(u'C:\\Users\\tylerbu\\code\\engineer\\engineer\\sample_site\\output\\static\\engineer\\bw.css'),
             path(u'C:\\Users\\tylerbu\\code\\engineer\\engineer\\sample_site\\output\\static\\engineer\\colorful.css'),
             path(u'C:\\Users\\tylerbu\\code\\engineer\\engineer\\sample_site\\output\\static\\engineer\\default.css'),
             path(u'C:\\Users\\tylerbu\\code\\engineer\\engineer\\sample_site\\output\\static\\engineer\\emacs.css'),
             path(u'C:\\Users\\tylerbu\\code\\engineer\\engineer\\sample_site\\output\\static\\engineer\\flasky.css'),
             path(u'C:\\Users\\tylerbu\\code\\engineer\\engineer\\sample_site\\output\\static\\engineer\\friendly.css'),
             path(u'C:\\Users\\tylerbu\\code\\engineer\\engineer\\sample_site\\output\\static\\engineer\\fruity.css'),
             path(u'C:\\Users\\tylerbu\\code\\engineer\\engineer\\sample_site\\output\\static\\engineer\\github.css'),
             path(u'C:\\Users\\tylerbu\\code\\engineer\\engineer\\sample_site\\output\\static\\engineer\\lib'),
             path(u'C:\\Users\\tylerbu\\code\\engineer\\engineer\\sample_site\\output\\static\\engineer\\lib\\foundation'),
             path(u'C:\\Users\\tylerbu\\code\\engineer\\engineer\\sample_site\\output\\static\\engineer\\lib\\foundation\\humans.txt'),
             path(u'C:\\Users\\tylerbu\\code\\engineer\\engineer\\sample_site\\output\\static\\engineer\\lib\\foundation\\images'),
             path(u'C:\\Users\\tylerbu\\code\\engineer\\engineer\\sample_site\\output\\static\\engineer\\lib\\foundation\\images\\misc'),
             path(u'C:\\Users\\tylerbu\\code\\engineer\\engineer\\sample_site\\output\\static\\engineer\\lib\\foundation\\images\\misc\\button-gloss.png'),
             path(u'C:\\Users\\tylerbu\\code\\engineer\\engineer\\sample_site\\output\\static\\engineer\\lib\\foundation\\images\\misc\\button-overlay.png'),
             path(u'C:\\Users\\tylerbu\\code\\engineer\\engineer\\sample_site\\output\\static\\engineer\\lib\\foundation\\images\\misc\\custom-form-sprites.png'),
             path(u'C:\\Users\\tylerbu\\code\\engineer\\engineer\\sample_site\\output\\static\\engineer\\lib\\foundation\\images\\misc\\input-bg-outset.png'),
             path(u'C:\\Users\\tylerbu\\code\\engineer\\engineer\\sample_site\\output\\static\\engineer\\lib\\foundation\\images\\misc\\input-bg.png'),
             path(u'C:\\Users\\tylerbu\\code\\engineer\\engineer\\sample_site\\output\\static\\engineer\\lib\\foundation\\images\\misc\\modal-gloss.png'),
             path(u'C:\\Users\\tylerbu\\code\\engineer\\engineer\\sample_site\\output\\static\\engineer\\lib\\foundation\\images\\misc\\table-sorter.png'),
             path(u'C:\\Users\\tylerbu\\code\\engineer\\engineer\\sample_site\\output\\static\\engineer\\lib\\foundation\\images\\orbit'),
             path(u'C:\\Users\\tylerbu\\code\\engineer\\engineer\\sample_site\\output\\static\\engineer\\lib\\foundation\\images\\orbit\\bullets.jpg'),
             path(u'C:\\Users\\tylerbu\\code\\engineer\\engineer\\sample_site\\output\\static\\engineer\\lib\\foundation\\images\\orbit\\left-arrow.png'),
             path(u'C:\\Users\\tylerbu\\code\\engineer\\engineer\\sample_site\\output\\static\\engineer\\lib\\foundation\\images\\orbit\\loading.gif'),
             path(u'C:\\Users\\tylerbu\\code\\engineer\\engineer\\sample_site\\output\\static\\engineer\\lib\\foundation\\images\\orbit\\mask-black.png'),
             path(u'C:\\Users\\tylerbu\\code\\engineer\\engineer\\sample_site\\output\\static\\engineer\\lib\\foundation\\images\\orbit\\pause-black.png'),
             path(u'C:\\Users\\tylerbu\\code\\engineer\\engineer\\sample_site\\output\\static\\engineer\\lib\\foundation\\images\\orbit\\right-arrow.png'),
             path(u'C:\\Users\\tylerbu\\code\\engineer\\engineer\\sample_site\\output\\static\\engineer\\lib\\foundation\\images\\orbit\\rotator-black.png'),
             path(u'C:\\Users\\tylerbu\\code\\engineer\\engineer\\sample_site\\output\\static\\engineer\\lib\\foundation\\images\\orbit\\timer-black.png'),
             path(u'C:\\Users\\tylerbu\\code\\engineer\\engineer\\sample_site\\output\\static\\engineer\\lib\\foundation\\index.html'),
             path(u'C:\\Users\\tylerbu\\code\\engineer\\engineer\\sample_site\\output\\static\\engineer\\lib\\foundation\\javascripts'),
             path(u'C:\\Users\\tylerbu\\code\\engineer\\engineer\\sample_site\\output\\static\\engineer\\lib\\foundation\\javascripts\\app.js'),
             path(u'C:\\Users\\tylerbu\\code\\engineer\\engineer\\sample_site\\output\\static\\engineer\\lib\\foundation\\javascripts\\foundation.js'),
             path(u'C:\\Users\\tylerbu\\code\\engineer\\engineer\\sample_site\\output\\static\\engineer\\lib\\foundation\\javascripts\\jquery.customforms.js'),
             path(u'C:\\Users\\tylerbu\\code\\engineer\\engineer\\sample_site\\output\\static\\engineer\\lib\\foundation\\javascripts\\jquery.min.js'),
             path(u'C:\\Users\\tylerbu\\code\\engineer\\engineer\\sample_site\\output\\static\\engineer\\lib\\foundation\\javascripts\\jquery.orbit-1.4.0.js'),
             path(u'C:\\Users\\tylerbu\\code\\engineer\\engineer\\sample_site\\output\\static\\engineer\\lib\\foundation\\javascripts\\jquery.placeholder.min.js'),
             path(u'C:\\Users\\tylerbu\\code\\engineer\\engineer\\sample_site\\output\\static\\engineer\\lib\\foundation\\javascripts\\jquery.reveal.js'),
             path(u'C:\\Users\\tylerbu\\code\\engineer\\engineer\\sample_site\\output\\static\\engineer\\lib\\foundation\\javascripts\\jquery.tooltips.js'),
             path(u'C:\\Users\\tylerbu\\code\\engineer\\engineer\\sample_site\\output\\static\\engineer\\lib\\foundation\\javascripts\\modernizr.foundation.js'),
             path(u'C:\\Users\\tylerbu\\code\\engineer\\engineer\\sample_site\\output\\static\\engineer\\lib\\foundation\\robots.txt'),
             path(u'C:\\Users\\tylerbu\\code\\engineer\\engineer\\sample_site\\output\\static\\engineer\\lib\\foundation\\stylesheets'),
             path(u'C:\\Users\\tylerbu\\code\\engineer\\engineer\\sample_site\\output\\static\\engineer\\lib\\foundation\\stylesheets\\app.css'),
             path(u'C:\\Users\\tylerbu\\code\\engineer\\engineer\\sample_site\\output\\static\\engineer\\lib\\foundation\\stylesheets\\forms.css'),
             path(u'C:\\Users\\tylerbu\\code\\engineer\\engineer\\sample_site\\output\\static\\engineer\\lib\\foundation\\stylesheets\\globals.css'),
             path(u'C:\\Users\\tylerbu\\code\\engineer\\engineer\\sample_site\\output\\static\\engineer\\lib\\foundation\\stylesheets\\grid.css'),
             path(u'C:\\Users\\tylerbu\\code\\engineer\\engineer\\sample_site\\output\\static\\engineer\\lib\\foundation\\stylesheets\\ie.css'),
             path(u'C:\\Users\\tylerbu\\code\\engineer\\engineer\\sample_site\\output\\static\\engineer\\lib\\foundation\\stylesheets\\mobile.css'),
             path(u'C:\\Users\\tylerbu\\code\\engineer\\engineer\\sample_site\\output\\static\\engineer\\lib\\foundation\\stylesheets\\orbit.css'),
             path(u'C:\\Users\\tylerbu\\code\\engineer\\engineer\\sample_site\\output\\static\\engineer\\lib\\foundation\\stylesheets\\reveal.css'),
             path(u'C:\\Users\\tylerbu\\code\\engineer\\engineer\\sample_site\\output\\static\\engineer\\lib\\foundation\\stylesheets\\typography.css'),
             path(u'C:\\Users\\tylerbu\\code\\engineer\\engineer\\sample_site\\output\\static\\engineer\\lib\\foundation\\stylesheets\\ui.css'),
             path(u'C:\\Users\\tylerbu\\code\\engineer\\engineer\\sample_site\\output\\static\\engineer\\lib\\jquery-1.7.1.min.js'),
             path(u'C:\\Users\\tylerbu\\code\\engineer\\engineer\\sample_site\\output\\static\\engineer\\lib\\less-1.3.1.min.js'),
             path(u'C:\\Users\\tylerbu\\code\\engineer\\engineer\\sample_site\\output\\static\\engineer\\lib\\tweet'),
             path(u'C:\\Users\\tylerbu\\code\\engineer\\engineer\\sample_site\\output\\static\\engineer\\lib\\tweet\\.git'),
             path(u'C:\\Users\\tylerbu\\code\\engineer\\engineer\\sample_site\\output\\static\\engineer\\lib\\tweet\\.gitignore'),
             path(u'C:\\Users\\tylerbu\\code\\engineer\\engineer\\sample_site\\output\\static\\engineer\\lib\\tweet\\LICENSE.txt'),
             path(u'C:\\Users\\tylerbu\\code\\engineer\\engineer\\sample_site\\output\\static\\engineer\\lib\\tweet\\README.markdown'),
             path(u'C:\\Users\\tylerbu\\code\\engineer\\engineer\\sample_site\\output\\static\\engineer\\lib\\tweet\\config.ru'),
             path(u'C:\\Users\\tylerbu\\code\\engineer\\engineer\\sample_site\\output\\static\\engineer\\lib\\tweet\\tweet'),
             path(u'C:\\Users\\tylerbu\\code\\engineer\\engineer\\sample_site\\output\\static\\engineer\\lib\\tweet\\tweet\\index.css'),
             path(u'C:\\Users\\tylerbu\\code\\engineer\\engineer\\sample_site\\output\\static\\engineer\\lib\\tweet\\tweet\\index.html'),
             path(u'C:\\Users\\tylerbu\\code\\engineer\\engineer\\sample_site\\output\\static\\engineer\\lib\\tweet\\tweet\\jquery.tweet.css'),
             path(u'C:\\Users\\tylerbu\\code\\engineer\\engineer\\sample_site\\output\\static\\engineer\\lib\\tweet\\tweet\\jquery.tweet.js'),
             path(u'C:\\Users\\tylerbu\\code\\engineer\\engineer\\sample_site\\output\\static\\engineer\\manni.css'),
             path(u'C:\\Users\\tylerbu\\code\\engineer\\engineer\\sample_site\\output\\static\\engineer\\monokai.css'),
             path(u'C:\\Users\\tylerbu\\code\\engineer\\engineer\\sample_site\\output\\static\\engineer\\murphy.css'),
             path(u'C:\\Users\\tylerbu\\code\\engineer\\engineer\\sample_site\\output\\static\\engineer\\native.css'),
             path(u'C:\\Users\\tylerbu\\code\\engineer\\engineer\\sample_site\\output\\static\\engineer\\pastie.css'),
             path(u'C:\\Users\\tylerbu\\code\\engineer\\engineer\\sample_site\\output\\static\\engineer\\perldoc.css'),
             path(u'C:\\Users\\tylerbu\\code\\engineer\\engineer\\sample_site\\output\\static\\engineer\\reset.css.less'),
             path(u'C:\\Users\\tylerbu\\code\\engineer\\engineer\\sample_site\\output\\static\\engineer\\solarized.css'),
             path(u'C:\\Users\\tylerbu\\code\\engineer\\engineer\\sample_site\\output\\static\\engineer\\solarizeddark.css'),
             path(u'C:\\Users\\tylerbu\\code\\engineer\\engineer\\sample_site\\output\\static\\engineer\\tango.css'),
             path(u'C:\\Users\\tylerbu\\code\\engineer\\engineer\\sample_site\\output\\static\\engineer\\trac.css'),
             path(u'C:\\Users\\tylerbu\\code\\engineer\\engineer\\sample_site\\output\\static\\engineer\\vs.css'),
             path(u'C:\\Users\\tylerbu\\code\\engineer\\engineer\\sample_site\\output\\static\\theme'),
             path(u'C:\\Users\\tylerbu\\code\\engineer\\engineer\\sample_site\\output\\static\\theme\\images'),
             path(u'C:\\Users\\tylerbu\\code\\engineer\\engineer\\sample_site\\output\\static\\theme\\images\\rss.png'),
             path(u'C:\\Users\\tylerbu\\code\\engineer\\engineer\\sample_site\\output\\static\\theme\\stylesheets'),
             path(u'C:\\Users\\tylerbu\\code\\engineer\\engineer\\sample_site\\output\\static\\theme\\stylesheets\\_colors.less'),
             path(u'C:\\Users\\tylerbu\\code\\engineer\\engineer\\sample_site\\output\\static\\theme\\stylesheets\\_element_styles.less'),
             path(u'C:\\Users\\tylerbu\\code\\engineer\\engineer\\sample_site\\output\\static\\theme\\stylesheets\\_typography.less'),
             path(u'C:\\Users\\tylerbu\\code\\engineer\\engineer\\sample_site\\output\\static\\theme\\stylesheets\\oleb.less'),
             path(u'C:\\Users\\tylerbu\\code\\engineer\\engineer\\sample_site\\output\\tag'),
             path(u'C:\\Users\\tylerbu\\code\\engineer\\engineer\\sample_site\\output\\tag\\example'),
             path(u'C:\\Users\\tylerbu\\code\\engineer\\engineer\\sample_site\\output\\tag\\example\\index.html'),
             path(u'C:\\Users\\tylerbu\\code\\engineer\\engineer\\sample_site\\output\\tag\\features'),
             path(u'C:\\Users\\tylerbu\\code\\engineer\\engineer\\sample_site\\output\\tag\\features\\index.html'),
             path(u'C:\\Users\\tylerbu\\code\\engineer\\engineer\\sample_site\\output\\tag\\markdown'),
             path(u'C:\\Users\\tylerbu\\code\\engineer\\engineer\\sample_site\\output\\tag\\markdown\\index.html'),
             path(u'C:\\Users\\tylerbu\\code\\engineer\\engineer\\sample_site\\output\\tag\\preview'),
             path(u'C:\\Users\\tylerbu\\code\\engineer\\engineer\\sample_site\\output\\tag\\preview\\index.html'),
             path(u'C:\\Users\\tylerbu\\code\\engineer\\engineer\\sample_site\\output\\tag\\primer'),
             path(u'C:\\Users\\tylerbu\\code\\engineer\\engineer\\sample_site\\output\\tag\\primer\\index.html'),
             path(u'C:\\Users\\tylerbu\\code\\engineer\\engineer\\sample_site\\output\\tag\\sample'),
             path(u'C:\\Users\\tylerbu\\code\\engineer\\engineer\\sample_site\\output\\tag\\sample\\index.html'),
             path(u'C:\\Users\\tylerbu\\code\\engineer\\engineer\\sample_site\\output\\tag\\themes'),
             path(u'C:\\Users\\tylerbu\\code\\engineer\\engineer\\sample_site\\output\\tag\\themes\\index.html'),
             path(u'C:\\Users\\tylerbu\\code\\engineer\\engineer\\sample_site\\output\\themes'),
             path(u'C:\\Users\\tylerbu\\code\\engineer\\engineer\\sample_site\\output\\themes\\index.html')]),
 'overwritten': set()}
14:23:10  CONSOLE          engineer.engine.build     
14:23:10  CONSOLE          engineer.engine.build     Site: 'Engineer Site' output to C:\Users\tylerbu\code\engineer\engineer\sample_site\output.
14:23:10  CONSOLE          engineer.engine.build     Posts: 6 (6 new or updated)
14:23:10  CONSOLE          engineer.engine.build     Post rollup pages: 2 (5 posts per page)
14:23:10  CONSOLE          engineer.engine.build     Template pages: 2
14:23:10  CONSOLE          engineer.engine.build     Tag pages: 7
14:23:10  CONSOLE          engineer.engine.build     145 new items, 0 modified items, and 0 deleted items.
14:23:10  CONSOLE          engineer.engine.build     
14:23:10  CONSOLE          engineer.engine.build     Full build log at C:\Users\tylerbu\code\engineer\engineer\sample_site\logs\12.06_14.23.08-debug.yaml.log.
