This file contains any messages produced by compilers while
running configure, to aid debugging if configure makes a mistake.

It was created by libgraphdat configure 1.0, which was
generated by GNU Autoconf 2.61.  Invocation command line was

  $ ./configure 

## --------- ##
## Platform. ##
## --------- ##

hostname = Davids-MacBook-Pro.local
uname -m = x86_64
uname -r = 11.4.2
uname -s = Darwin
uname -v = Darwin Kernel Version 11.4.2: Thu Aug 23 16:25:48 PDT 2012; root:xnu-1699.32.7~1/RELEASE_X86_64

/usr/bin/uname -p = i386
/bin/uname -X     = unknown

/bin/arch              = unknown
/usr/bin/arch -k       = unknown
/usr/convex/getsysinfo = unknown
/usr/bin/hostinfo      = Mach kernel version:
	 Darwin Kernel Version 11.4.2: Thu Aug 23 16:25:48 PDT 2012; root:xnu-1699.32.7~1/RELEASE_X86_64
Kernel configured for up to 4 processors.
2 processors are physically available.
4 processors are logically available.
Processor type: i486 (Intel 80486)
Processors active: 0 1 2 3
Primary memory available: 4.00 gigabytes
Default processor set: 115 tasks, 557 threads, 4 processors
Load average: 2.04, Mach factor: 2.01
/bin/machine           = unknown
/usr/bin/oslevel       = unknown
/bin/universe          = unknown

PATH: /Users/david/src/nvm/v0.8.1/bin
PATH: /usr/bin
PATH: /bin
PATH: /usr/sbin
PATH: /sbin
PATH: /usr/local/bin
PATH: /usr/X11/bin


## ----------- ##
## Core tests. ##
## ----------- ##

configure:1839: checking for a BSD-compatible install
configure:1895: result: /usr/bin/install -c
configure:1906: checking whether build environment is sane
configure:1949: result: yes
configure:1977: checking for a thread-safe mkdir -p
configure:2016: result: ./install-sh -c -d
configure:2029: checking for gawk
configure:2059: result: no
configure:2029: checking for mawk
configure:2059: result: no
configure:2029: checking for nawk
configure:2059: result: no
configure:2029: checking for awk
configure:2045: found /usr/bin/awk
configure:2056: result: awk
configure:2067: checking whether make sets $(MAKE)
configure:2088: result: yes
configure:2371: checking build system type
configure:2389: result: i386-apple-darwin11.4.2
configure:2411: checking host system type
configure:2426: result: i386-apple-darwin11.4.2
configure:2469: checking how to print strings
configure:2496: result: printf
configure:2529: checking for style of include used by make
configure:2557: result: GNU
configure:2627: checking for gcc
configure:2643: found /usr/bin/gcc
configure:2654: result: gcc
configure:2892: checking for C compiler version
configure:2899: gcc --version >&5
i686-apple-darwin11-llvm-gcc-4.2 (GCC) 4.2.1 (Based on Apple Inc. build 5658) (LLVM build 2336.1.00)
Copyright (C) 2007 Free Software Foundation, Inc.
This is free software; see the source for copying conditions.  There is NO
warranty; not even for MERCHANTABILITY or FITNESS FOR A PARTICULAR PURPOSE.

configure:2902: $? = 0
configure:2909: gcc -v >&5
Using built-in specs.
Target: i686-apple-darwin11
Configured with: /private/var/tmp/llvmgcc42/llvmgcc42-2336.1~1/src/configure --disable-checking --enable-werror --prefix=/Developer/usr/llvm-gcc-4.2 --mandir=/share/man --enable-languages=c,objc,c++,obj-c++ --program-prefix=llvm- --program-transform-name=/^[cg][^.-]*$/s/$/-4.2/ --with-slibdir=/usr/lib --build=i686-apple-darwin11 --enable-llvm=/private/var/tmp/llvmgcc42/llvmgcc42-2336.1~1/dst-llvmCore/Developer/usr/local --program-prefix=i686-apple-darwin11- --host=x86_64-apple-darwin11 --target=i686-apple-darwin11 --with-gxx-include-dir=/usr/include/c++/4.2.1
Thread model: posix
gcc version 4.2.1 (Based on Apple Inc. build 5658) (LLVM build 2336.1.00)
configure:2912: $? = 0
configure:2919: gcc -V >&5
llvm-gcc-4.2: argument to `-V' is missing
configure:2922: $? = 1
configure:2945: checking for C compiler default output file name
configure:2972: gcc    conftest.c  >&5
configure:2975: $? = 0
configure:3013: result: a.out
configure:3030: checking whether the C compiler works
configure:3040: ./a.out
configure:3043: $? = 0
configure:3060: result: yes
configure:3067: checking whether we are cross compiling
configure:3069: result: no
configure:3072: checking for suffix of executables
configure:3079: gcc -o conftest    conftest.c  >&5
configure:3082: $? = 0
configure:3106: result: 
configure:3112: checking for suffix of object files
configure:3138: gcc -c   conftest.c >&5
configure:3141: $? = 0
configure:3164: result: o
configure:3168: checking whether we are using the GNU C compiler
configure:3197: gcc -c   conftest.c >&5
configure:3203: $? = 0
configure:3220: result: yes
configure:3225: checking whether gcc accepts -g
configure:3255: gcc -c -g  conftest.c >&5
configure:3261: $? = 0
configure:3360: result: yes
configure:3377: checking for gcc option to accept ISO C89
configure:3451: gcc  -c -g -O2  conftest.c >&5
configure:3457: $? = 0
configure:3480: result: none needed
configure:3500: checking dependency style of gcc
configure:3591: result: gcc3
configure:3606: checking for a sed that does not truncate output
configure:3685: result: /usr/bin/sed
configure:3703: checking for grep that handles long lines and -e
configure:3777: result: /usr/bin/grep
configure:3782: checking for egrep
configure:3860: result: /usr/bin/grep -E
configure:3865: checking for fgrep
configure:3943: result: /usr/bin/grep -F
configure:3978: checking for ld used by gcc
configure:4045: result: /usr/llvm-gcc-4.2/libexec/gcc/i686-apple-darwin11/4.2.1/ld
configure:4054: checking if the linker (/usr/llvm-gcc-4.2/libexec/gcc/i686-apple-darwin11/4.2.1/ld) is GNU ld
configure:4069: result: no
configure:4081: checking for BSD- or MS-compatible name lister (nm)
configure:4130: result: /usr/bin/nm
configure:4264: checking the name lister (/usr/bin/nm) interface
configure:4271: gcc -c -g -O2  conftest.c >&5
configure:4274: /usr/bin/nm "conftest.o"
configure:4277: output
00000000000001d0 S _some_variable
configure:4284: result: BSD nm
configure:4287: checking whether ln -s works
configure:4291: result: yes
configure:4299: checking the maximum length of command line arguments
configure:4424: result: 196608
configure:4441: checking whether the shell understands some XSI constructs
configure:4451: result: yes
configure:4455: checking whether the shell understands "+="
configure:4461: result: yes
configure:4496: checking for /usr/llvm-gcc-4.2/libexec/gcc/i686-apple-darwin11/4.2.1/ld option to reload object files
configure:4503: result: -r
configure:4572: checking for objdump
configure:4602: result: no
configure:4635: checking how to recognize dependent libraries
configure:4837: result: pass_all
configure:4897: checking for ar
configure:4913: found /usr/bin/ar
configure:4924: result: ar
configure:5006: checking for strip
configure:5022: found /usr/bin/strip
configure:5033: result: strip
configure:5109: checking for ranlib
configure:5125: found /usr/bin/ranlib
configure:5136: result: ranlib
configure:5242: checking command to parse /usr/bin/nm output from gcc object
configure:5360: gcc -c -g -O2  conftest.c >&5
configure:5363: $? = 0
configure:5367: /usr/bin/nm conftest.o \| sed -n -e 's/^.*[ ]\([BCDEGRST][BCDEGRST]*\)[ ][ ]*\([_A-Za-z][_A-Za-z0-9]*\)$/\1 \2 \2/p' \> conftest.nm
configure:5370: $? = 0
cannot find nm_test_var in conftest.nm
configure:5360: gcc -c -g -O2  conftest.c >&5
configure:5363: $? = 0
configure:5367: /usr/bin/nm conftest.o \| sed -n -e 's/^.*[ ]\([BCDEGRST][BCDEGRST]*\)[ ][ ]*_\([_A-Za-z][_A-Za-z0-9]*\)$/\1 _\2 \2/p' \> conftest.nm
configure:5370: $? = 0
configure:5424: gcc -o conftest -g -O2   conftest.c conftstm.o >&5
configure:5427: $? = 0
configure:5465: result: ok
configure:5755: checking for dsymutil
configure:5771: found /usr/bin/dsymutil
configure:5782: result: dsymutil
configure:5851: checking for nmedit
configure:5867: found /usr/bin/nmedit
configure:5878: result: nmedit
configure:5947: checking for lipo
configure:5963: found /usr/bin/lipo
configure:5974: result: lipo
configure:6043: checking for otool
configure:6059: found /usr/bin/otool
configure:6070: result: otool
configure:6139: checking for otool64
configure:6169: result: no
configure:6218: checking for -single_module linker flag
gcc -g -O2  -o libconftest.dylib -dynamiclib -Wl,-single_module conftest.c
configure:6245: result: yes
configure:6247: checking for -exported_symbols_list linker flag
configure:6277: gcc -o conftest -g -O2   -Wl,-exported_symbols_list,conftest.sym conftest.c  >&5
configure:6283: $? = 0
configure:6302: result: yes
configure:6304: checking for -force_load linker flag
gcc -g -O2 -c -o conftest.o conftest.c
ar cru libconftest.a conftest.o
ranlib libconftest.a
gcc -g -O2  -o conftest conftest.c -Wl,-force_load,./libconftest.a
configure:6334: result: yes
configure:6376: checking how to run the C preprocessor
configure:6416: gcc -E  conftest.c
configure:6422: $? = 0
configure:6453: gcc -E  conftest.c
conftest.c:10:28: error: ac_nonexistent.h: No such file or directory
configure:6459: $? = 1
configure: failed program was:
| /* confdefs.h.  */
| #define PACKAGE_NAME "libgraphdat"
| #define PACKAGE_TARNAME "libgraphdat"
| #define PACKAGE_VERSION "1.0"
| #define PACKAGE_STRING "libgraphdat 1.0"
| #define PACKAGE_BUGREPORT "support@graphdat.com"
| #define PACKAGE "libgraphdat"
| #define VERSION "1.0"
| /* end confdefs.h.  */
| #include <ac_nonexistent.h>
configure:6492: result: gcc -E
configure:6521: gcc -E  conftest.c
configure:6527: $? = 0
configure:6558: gcc -E  conftest.c
conftest.c:10:28: error: ac_nonexistent.h: No such file or directory
configure:6564: $? = 1
configure: failed program was:
| /* confdefs.h.  */
| #define PACKAGE_NAME "libgraphdat"
| #define PACKAGE_TARNAME "libgraphdat"
| #define PACKAGE_VERSION "1.0"
| #define PACKAGE_STRING "libgraphdat 1.0"
| #define PACKAGE_BUGREPORT "support@graphdat.com"
| #define PACKAGE "libgraphdat"
| #define VERSION "1.0"
| /* end confdefs.h.  */
| #include <ac_nonexistent.h>
configure:6602: checking for ANSI C header files
configure:6632: gcc -c -g -O2  conftest.c >&5
configure:6638: $? = 0
configure:6737: gcc -o conftest -g -O2   conftest.c  >&5
configure:6740: $? = 0
configure:6746: ./conftest
configure:6749: $? = 0
configure:6766: result: yes
configure:6790: checking for sys/types.h
configure:6811: gcc -c -g -O2  conftest.c >&5
configure:6817: $? = 0
configure:6833: result: yes
configure:6790: checking for sys/stat.h
configure:6811: gcc -c -g -O2  conftest.c >&5
configure:6817: $? = 0
configure:6833: result: yes
configure:6790: checking for stdlib.h
configure:6811: gcc -c -g -O2  conftest.c >&5
configure:6817: $? = 0
configure:6833: result: yes
configure:6790: checking for string.h
configure:6811: gcc -c -g -O2  conftest.c >&5
configure:6817: $? = 0
configure:6833: result: yes
configure:6790: checking for memory.h
configure:6811: gcc -c -g -O2  conftest.c >&5
configure:6817: $? = 0
configure:6833: result: yes
configure:6790: checking for strings.h
configure:6811: gcc -c -g -O2  conftest.c >&5
configure:6817: $? = 0
configure:6833: result: yes
configure:6790: checking for inttypes.h
configure:6811: gcc -c -g -O2  conftest.c >&5
configure:6817: $? = 0
configure:6833: result: yes
configure:6790: checking for stdint.h
configure:6811: gcc -c -g -O2  conftest.c >&5
configure:6817: $? = 0
configure:6833: result: yes
configure:6790: checking for unistd.h
configure:6811: gcc -c -g -O2  conftest.c >&5
configure:6817: $? = 0
configure:6833: result: yes
configure:6849: checking for dlfcn.h
configure:6870: gcc -c -g -O2  conftest.c >&5
configure:6876: $? = 0
configure:6892: result: yes
configure:7019: checking for objdir
configure:7034: result: .libs
configure:7301: checking if gcc supports -fno-rtti -fno-exceptions
configure:7319: gcc -c -g -O2  -fno-rtti -fno-exceptions conftest.c >&5
cc1: warning: command line option "-fno-rtti" is valid for C++/ObjC++ but not for C
configure:7323: $? = 0
configure:7336: result: no
configure:7356: checking for gcc option to produce PIC
configure:7641: result: -fno-common -DPIC
configure:7653: checking if gcc PIC flag -fno-common -DPIC works
configure:7671: gcc -c -g -O2  -fno-common -DPIC -DPIC conftest.c >&5
configure:7675: $? = 0
configure:7688: result: yes
configure:7712: checking if gcc static flag -static works
configure:7740: result: no
configure:7755: checking if gcc supports -c -o file.o
configure:7776: gcc -c -g -O2  -o out/conftest2.o conftest.c >&5
configure:7780: $? = 0
configure:7802: result: yes
configure:7810: checking if gcc supports -c -o file.o
configure:7857: result: yes
configure:7890: checking whether the gcc linker (/usr/llvm-gcc-4.2/libexec/gcc/i686-apple-darwin11/4.2.1/ld) supports shared libraries
configure:9041: result: yes
configure:9286: checking dynamic linker characteristics
configure:9991: result: darwin11.4.2 dyld
configure:10098: checking how to hardcode library paths into programs
configure:10123: result: immediate
configure:10948: checking whether stripping libraries is possible
configure:10962: result: yes
configure:10988: checking if libtool supports shared libraries
configure:10990: result: yes
configure:10993: checking whether to build shared libraries
configure:11014: result: yes
configure:11017: checking whether to build static libraries
configure:11021: result: no
configure:11243: creating ./config.status

## ---------------------- ##
## Running config.status. ##
## ---------------------- ##

This file was extended by libgraphdat config.status 1.0, which was
generated by GNU Autoconf 2.61.  Invocation command line was

  CONFIG_FILES    = 
  CONFIG_HEADERS  = 
  CONFIG_LINKS    = 
  CONFIG_COMMANDS = 
  $ ./config.status 

on Davids-MacBook-Pro.local

config.status:855: creating Makefile
config.status:855: creating config.h
config.status:1085: config.h is unchanged
config.status:1131: executing depfiles commands
config.status:1131: executing libtool commands

## ---------------- ##
## Cache variables. ##
## ---------------- ##

ac_cv_build=i386-apple-darwin11.4.2
ac_cv_c_compiler_gnu=yes
ac_cv_env_CC_set=
ac_cv_env_CC_value=
ac_cv_env_CFLAGS_set=
ac_cv_env_CFLAGS_value=
ac_cv_env_CPPFLAGS_set=
ac_cv_env_CPPFLAGS_value=
ac_cv_env_CPP_set=
ac_cv_env_CPP_value=
ac_cv_env_LDFLAGS_set=
ac_cv_env_LDFLAGS_value=
ac_cv_env_LIBS_set=
ac_cv_env_LIBS_value=
ac_cv_env_build_alias_set=
ac_cv_env_build_alias_value=
ac_cv_env_host_alias_set=
ac_cv_env_host_alias_value=
ac_cv_env_target_alias_set=
ac_cv_env_target_alias_value=
ac_cv_header_dlfcn_h=yes
ac_cv_header_inttypes_h=yes
ac_cv_header_memory_h=yes
ac_cv_header_stdc=yes
ac_cv_header_stdint_h=yes
ac_cv_header_stdlib_h=yes
ac_cv_header_string_h=yes
ac_cv_header_strings_h=yes
ac_cv_header_sys_stat_h=yes
ac_cv_header_sys_types_h=yes
ac_cv_header_unistd_h=yes
ac_cv_host=i386-apple-darwin11.4.2
ac_cv_objext=o
ac_cv_path_EGREP='/usr/bin/grep -E'
ac_cv_path_FGREP='/usr/bin/grep -F'
ac_cv_path_GREP=/usr/bin/grep
ac_cv_path_SED=/usr/bin/sed
ac_cv_path_install='/usr/bin/install -c'
ac_cv_prog_AWK=awk
ac_cv_prog_CPP='gcc -E'
ac_cv_prog_ac_ct_AR=ar
ac_cv_prog_ac_ct_CC=gcc
ac_cv_prog_ac_ct_DSYMUTIL=dsymutil
ac_cv_prog_ac_ct_LIPO=lipo
ac_cv_prog_ac_ct_NMEDIT=nmedit
ac_cv_prog_ac_ct_OTOOL=otool
ac_cv_prog_ac_ct_RANLIB=ranlib
ac_cv_prog_ac_ct_STRIP=strip
ac_cv_prog_cc_c89=
ac_cv_prog_cc_g=yes
ac_cv_prog_make_make_set=yes
am_cv_CC_dependencies_compiler_type=gcc3
lt_cv_apple_cc_single_mod=yes
lt_cv_deplibs_check_method=pass_all
lt_cv_file_magic_cmd='$MAGIC_CMD'
lt_cv_file_magic_test_file=
lt_cv_ld_exported_symbols_list=yes
lt_cv_ld_force_load=yes
lt_cv_ld_reload_flag=-r
lt_cv_nm_interface='BSD nm'
lt_cv_objdir=.libs
lt_cv_path_LD=/usr/llvm-gcc-4.2/libexec/gcc/i686-apple-darwin11/4.2.1/ld
lt_cv_path_NM=/usr/bin/nm
lt_cv_prog_compiler_c_o=yes
lt_cv_prog_compiler_pic_works=yes
lt_cv_prog_compiler_rtti_exceptions=no
lt_cv_prog_compiler_static_works=no
lt_cv_prog_gnu_ld=no
lt_cv_sys_global_symbol_pipe='sed -n -e '\''s/^.*[	 ]\([BCDEGRST][BCDEGRST]*\)[	 ][	 ]*_\([_A-Za-z][_A-Za-z0-9]*\)$/\1 _\2 \2/p'\'''
lt_cv_sys_global_symbol_to_c_name_address='sed -n -e '\''s/^: \([^ ]*\) $/  {\"\1\", (void *) 0},/p'\'' -e '\''s/^[BCDEGRST]* \([^ ]*\) \([^ ]*\)$/  {"\2", (void *) \&\2},/p'\'''
lt_cv_sys_global_symbol_to_c_name_address_lib_prefix='sed -n -e '\''s/^: \([^ ]*\) $/  {\"\1\", (void *) 0},/p'\'' -e '\''s/^[BCDEGRST]* \([^ ]*\) \(lib[^ ]*\)$/  {"\2", (void *) \&\2},/p'\'' -e '\''s/^[BCDEGRST]* \([^ ]*\) \([^ ]*\)$/  {"lib\2", (void *) \&\2},/p'\'''
lt_cv_sys_global_symbol_to_cdecl='sed -n -e '\''s/^T .* \(.*\)$/extern int \1();/p'\'' -e '\''s/^[BCDEGRST]* .* \(.*\)$/extern char \1;/p'\'''
lt_cv_sys_max_cmd_len=196608

## ----------------- ##
## Output variables. ##
## ----------------- ##

ACLOCAL='${SHELL} /Users/david/src/graphdat-sdk-python/graphdat/lib/module_graphdat/missing --run aclocal-1.10'
AMDEPBACKSLASH='\'
AMDEP_FALSE='#'
AMDEP_TRUE=''
AMTAR='${SHELL} /Users/david/src/graphdat-sdk-python/graphdat/lib/module_graphdat/missing --run tar'
AR='ar'
AUTOCONF='${SHELL} /Users/david/src/graphdat-sdk-python/graphdat/lib/module_graphdat/missing --run autoconf'
AUTOHEADER='${SHELL} /Users/david/src/graphdat-sdk-python/graphdat/lib/module_graphdat/missing --run autoheader'
AUTOMAKE='${SHELL} /Users/david/src/graphdat-sdk-python/graphdat/lib/module_graphdat/missing --run automake-1.10'
AWK='awk'
CC='gcc'
CCDEPMODE='depmode=gcc3'
CFLAGS='-g -O2'
CPP='gcc -E'
CPPFLAGS=''
CYGPATH_W='echo'
DARWIN_FALSE='#'
DARWIN_TRUE=''
DEFS='-DHAVE_CONFIG_H'
DEPDIR='.deps'
DSYMUTIL='dsymutil'
DUMPBIN=''
ECHO_C='ECHO_N=''
ECHO_T=''
EGREP='/usr/bin/grep -E'
EXEEXT=''
FGREP='/usr/bin/grep -F'
GREP='/usr/bin/grep'
INSTALL_DATA='${INSTALL} -m 644'
INSTALL_PROGRAM='${INSTALL}'
INSTALL_SCRIPT='${INSTALL}'
INSTALL_STRIP_PROGRAM='$(install_sh) -c -s'
LD='/usr/llvm-gcc-4.2/libexec/gcc/i686-apple-darwin11/4.2.1/ld'
LDFLAGS=''
LIBOBJS=''
LIBS=''
LIBTOOL='$(SHELL) $(top_builddir)/libtool'
LINUX_FALSE=''
LINUX_TRUE='#'
LIPO='lipo'
LN_S='ln -s'
LTLIBOBJS=''
MAKEINFO='${SHELL} /Users/david/src/graphdat-sdk-python/graphdat/lib/module_graphdat/missing --run makeinfo'
MYCFLAGS=''
MYCPPFLAGS='-I./msgpack/src'
MYLDFLAGS=''
NM='/usr/bin/nm'
NMEDIT='nmedit'
OBJDUMP='false'
OBJEXT='o'
OTOOL64=':'
OTOOL='otool'
PACKAGE='libgraphdat'
PACKAGE_BUGREPORT='support@graphdat.com'
PACKAGE_NAME='libgraphdat'
PACKAGE_STRING='libgraphdat 1.0'
PACKAGE_TARNAME='libgraphdat'
PACKAGE_VERSION='1.0'
PATH_SEPARATOR=':'
RANLIB='ranlib'
SED='/usr/bin/sed'
SET_MAKE=''
SHELL='/bin/sh'
STRIP='strip'
VERSION='1.0'
ac_ct_CC='gcc'
ac_ct_DUMPBIN=''
am__fastdepCC_FALSE='#'
am__fastdepCC_TRUE=''
am__include='include'
am__isrc=''
am__leading_dot='.'
am__quote=''
am__tar='${AMTAR} chof - "$$tardir"'
am__untar='${AMTAR} xf -'
bindir='${exec_prefix}/bin'
build='i386-apple-darwin11.4.2'
build_alias=''
build_cpu='i386'
build_os='darwin11.4.2'
build_vendor='apple'
datadir='${datarootdir}'
datarootdir='${prefix}/share'
docdir='${datarootdir}/doc/${PACKAGE_TARNAME}'
dvidir='${docdir}'
exec_prefix='${prefix}'
host='i386-apple-darwin11.4.2'
host_alias=''
host_cpu='i386'
host_os='darwin11.4.2'
host_vendor='apple'
htmldir='${docdir}'
includedir='${prefix}/include'
infodir='${datarootdir}/info'
install_sh='$(SHELL) /Users/david/src/graphdat-sdk-python/graphdat/lib/module_graphdat/install-sh'
libdir='${exec_prefix}/lib'
libexecdir='${exec_prefix}/libexec'
localedir='${datarootdir}/locale'
localstatedir='${prefix}/var'
mandir='${datarootdir}/man'
mkdir_p='$(top_builddir)/./install-sh -c -d'
oldincludedir='/usr/include'
pdfdir='${docdir}'
prefix='/usr/local'
program_transform_name='s,x,x,'
psdir='${docdir}'
sbindir='${exec_prefix}/sbin'
sharedstatedir='${prefix}/com'
sysconfdir='${prefix}/etc'
target_alias=''

## ----------- ##
## confdefs.h. ##
## ----------- ##

#define PACKAGE_NAME "libgraphdat"
#define PACKAGE_TARNAME "libgraphdat"
#define PACKAGE_VERSION "1.0"
#define PACKAGE_STRING "libgraphdat 1.0"
#define PACKAGE_BUGREPORT "support@graphdat.com"
#define PACKAGE "libgraphdat"
#define VERSION "1.0"
#define STDC_HEADERS 1
#define HAVE_SYS_TYPES_H 1
#define HAVE_SYS_STAT_H 1
#define HAVE_STDLIB_H 1
#define HAVE_STRING_H 1
#define HAVE_MEMORY_H 1
#define HAVE_STRINGS_H 1
#define HAVE_INTTYPES_H 1
#define HAVE_STDINT_H 1
#define HAVE_UNISTD_H 1
#define HAVE_DLFCN_H 1
#define LT_OBJDIR ".libs/"
#define OS_DARWIN 1
#define DARWIN 1

configure: exit 0
