2013-02-11 14:30:57,233 -- repoze.who request started (/) --
2013-02-11 14:30:57,233 request classification: browser
2013-02-11 14:30:57,234 identifier plugins registered [<SAML2Plugin 4324015056>, <AuthTktCookiePlugin 4315802640>]
2013-02-11 14:30:57,234 identifier plugins matched for classification "browser": [<SAML2Plugin 4324015056>, <AuthTktCookiePlugin 4315802640>]
2013-02-11 14:30:57,234 authenticator plugins registered [<SAML2Plugin 4324015056>]
2013-02-11 14:30:57,234 authenticator plugins matched for classification "browser": [<SAML2Plugin 4324015056>]
2013-02-11 14:30:57,234 challenge required
2013-02-11 14:30:57,234 challengers registered: [<SAML2Plugin 4324015056>]
2013-02-11 14:30:57,234 challengers matched for classification "browser": [<SAML2Plugin 4324015056>]
2013-02-11 14:30:57,236 challenger plugin <SAML2Plugin 4324015056> "challenge" returned an app
2013-02-11 14:30:57,236 executing challenge app
2013-02-11 14:30:57,237 -- repoze.who request ended (/) --
2013-02-11 14:31:03,411 -- repoze.who request started (/) --
2013-02-11 14:31:03,411 request classification: browser
2013-02-11 14:31:03,411 identifier plugins registered [<SAML2Plugin 4324015056>, <AuthTktCookiePlugin 4315802640>]
2013-02-11 14:31:03,411 identifier plugins matched for classification "browser": [<SAML2Plugin 4324015056>, <AuthTktCookiePlugin 4315802640>]
2013-02-11 14:31:03,420 authenticator plugins registered [<SAML2Plugin 4324015056>]
2013-02-11 14:31:03,421 authenticator plugins matched for classification "browser": [<SAML2Plugin 4324015056>]
2013-02-11 14:31:03,421 userid preauthenticated by <SAML2Plugin 4324015056>: "1=http%3A//localhost%3A8087/sp.xml,2=urn%3Aoasis%3Anames%3Atc%3ASAML%3A2.0%3Anameid-format%3Atransient,4=ddffa32c90eaae98a94ff59746321fc4ccd444adc3a6eaa9568905e9c252b858" (repoze.who.userid set)
2013-02-11 14:31:03,421 no challenge required
2013-02-11 14:31:03,421 remembering via headers from <SAML2Plugin 4324015056>: [('Set-Cookie', 'pysaml2="9d73c8a14829cedb4aca2cab391c46dd5118f2971%3Dhttp%253A//localhost%253A8087/sp.xml%2C2%3Durn%253Aoasis%253Anames%253Atc%253ASAML%253A2.0%253Anameid-format%253Atransient%2C4%3Dddffa32c90eaae98a94ff59746321fc4ccd444adc3a6eaa9568905e9c252b858!"; Path=/'), ('Set-Cookie', 'pysaml2="9d73c8a14829cedb4aca2cab391c46dd5118f2971%3Dhttp%253A//localhost%253A8087/sp.xml%2C2%3Durn%253Aoasis%253Anames%253Atc%253ASAML%253A2.0%253Anameid-format%253Atransient%2C4%3Dddffa32c90eaae98a94ff59746321fc4ccd444adc3a6eaa9568905e9c252b858!"; Path=/; Domain=localhost:8087'), ('Set-Cookie', 'pysaml2="9d73c8a14829cedb4aca2cab391c46dd5118f2971%3Dhttp%253A//localhost%253A8087/sp.xml%2C2%3Durn%253Aoasis%253Anames%253Atc%253ASAML%253A2.0%253Anameid-format%253Atransient%2C4%3Dddffa32c90eaae98a94ff59746321fc4ccd444adc3a6eaa9568905e9c252b858!"; Path=/; Domain=.localhost:8087')]
2013-02-11 14:31:03,422 -- repoze.who request ended (/) --
2013-02-11 14:31:05,363 -- repoze.who request started (/logout) --
2013-02-11 14:31:05,363 request classification: browser
2013-02-11 14:31:05,364 identifier plugins registered [<SAML2Plugin 4324015056>, <AuthTktCookiePlugin 4315802640>]
2013-02-11 14:31:05,364 identifier plugins matched for classification "browser": [<SAML2Plugin 4324015056>, <AuthTktCookiePlugin 4315802640>]
2013-02-11 14:31:05,364 authenticator plugins registered [<SAML2Plugin 4324015056>]
2013-02-11 14:31:05,364 authenticator plugins matched for classification "browser": [<SAML2Plugin 4324015056>]
2013-02-11 14:31:05,364 userid preauthenticated by <AuthTktCookiePlugin 4315802640>: "1=http%3A//localhost%3A8087/sp.xml,2=urn%3Aoasis%3Anames%3Atc%3ASAML%3A2.0%3Anameid-format%3Atransient,4=ddffa32c90eaae98a94ff59746321fc4ccd444adc3a6eaa9568905e9c252b858" (repoze.who.userid set)
2013-02-11 14:31:05,433 no challenge required
2013-02-11 14:31:05,433 -- repoze.who request ended (/logout) --
2013-02-11 14:31:05,437 -- repoze.who request started (/done) --
2013-02-11 14:31:05,437 request classification: browser
2013-02-11 14:31:05,437 identifier plugins registered [<SAML2Plugin 4324015056>, <AuthTktCookiePlugin 4315802640>]
2013-02-11 14:31:05,438 identifier plugins matched for classification "browser": [<SAML2Plugin 4324015056>, <AuthTktCookiePlugin 4315802640>]
2013-02-11 14:31:05,438 authenticator plugins registered [<SAML2Plugin 4324015056>]
2013-02-11 14:31:05,438 authenticator plugins matched for classification "browser": [<SAML2Plugin 4324015056>]
2013-02-11 14:31:05,438 userid preauthenticated by <AuthTktCookiePlugin 4315802640>: "1=http%3A//localhost%3A8087/sp.xml,2=urn%3Aoasis%3Anames%3Atc%3ASAML%3A2.0%3Anameid-format%3Atransient,4=ddffa32c90eaae98a94ff59746321fc4ccd444adc3a6eaa9568905e9c252b858" (repoze.who.userid set)
2013-02-11 14:31:05,439 no challenge required
2013-02-11 14:31:05,439 -- repoze.who request ended (/done) --
2013-02-11 14:31:10,282 -- repoze.who request started (/) --
2013-02-11 14:31:10,282 request classification: browser
2013-02-11 14:31:10,282 identifier plugins registered [<SAML2Plugin 4324015056>, <AuthTktCookiePlugin 4315802640>]
2013-02-11 14:31:10,282 identifier plugins matched for classification "browser": [<SAML2Plugin 4324015056>, <AuthTktCookiePlugin 4315802640>]
2013-02-11 14:31:10,282 authenticator plugins registered [<SAML2Plugin 4324015056>]
2013-02-11 14:31:10,282 authenticator plugins matched for classification "browser": [<SAML2Plugin 4324015056>]
2013-02-11 14:31:10,282 userid preauthenticated by <AuthTktCookiePlugin 4315802640>: "1=http%3A//localhost%3A8087/sp.xml,2=urn%3Aoasis%3Anames%3Atc%3ASAML%3A2.0%3Anameid-format%3Atransient,4=ddffa32c90eaae98a94ff59746321fc4ccd444adc3a6eaa9568905e9c252b858" (repoze.who.userid set)
2013-02-11 14:31:10,283 challenge required
2013-02-11 14:31:10,283 forgetting via headers from <AuthTktCookiePlugin 4315802640>: [('Set-Cookie', 'pysaml2="INVALID"; Path=/; Max-Age=0; Expires=Mon, 11 Feb 2013 14:31:10'), ('Set-Cookie', 'pysaml2="INVALID"; Path=/; Domain=localhost:8087; Max-Age=0; Expires=Mon, 11 Feb 2013 14:31:10'), ('Set-Cookie', 'pysaml2="INVALID"; Path=/; Domain=.localhost:8087; Max-Age=0; Expires=Mon, 11 Feb 2013 14:31:10')]
2013-02-11 14:31:10,283 challengers registered: [<SAML2Plugin 4324015056>]
2013-02-11 14:31:10,283 challengers matched for classification "browser": [<SAML2Plugin 4324015056>]
2013-02-11 14:31:10,284 challenger plugin <SAML2Plugin 4324015056> "challenge" returned an app
2013-02-11 14:31:10,284 executing challenge app
2013-02-11 14:31:10,285 -- repoze.who request ended (/) --
2013-02-11 14:31:20,007 -- repoze.who request started (/) --
2013-02-11 14:31:20,007 request classification: browser
2013-02-11 14:31:20,007 identifier plugins registered [<SAML2Plugin 4324015056>, <AuthTktCookiePlugin 4315802640>]
2013-02-11 14:31:20,007 identifier plugins matched for classification "browser": [<SAML2Plugin 4324015056>, <AuthTktCookiePlugin 4315802640>]
2013-02-11 14:31:20,013 authenticator plugins registered [<SAML2Plugin 4324015056>]
2013-02-11 14:31:20,013 authenticator plugins matched for classification "browser": [<SAML2Plugin 4324015056>]
2013-02-11 14:31:20,013 userid preauthenticated by <SAML2Plugin 4324015056>: "1=http%3A//localhost%3A8087/sp.xml,2=urn%3Aoasis%3Anames%3Atc%3ASAML%3A2.0%3Anameid-format%3Atransient,4=181c9824916ee88565ab42d63fec766bbfbca5386d3c92454053b0c354f2d1db" (repoze.who.userid set)
2013-02-11 14:31:20,013 userid preauthenticated by <AuthTktCookiePlugin 4315802640>: "1=http%3A//localhost%3A8087/sp.xml,2=urn%3Aoasis%3Anames%3Atc%3ASAML%3A2.0%3Anameid-format%3Atransient,4=ddffa32c90eaae98a94ff59746321fc4ccd444adc3a6eaa9568905e9c252b858" (repoze.who.userid set)
2013-02-11 14:31:20,014 no challenge required
2013-02-11 14:31:20,014 remembering via headers from <SAML2Plugin 4324015056>: [('Set-Cookie', 'pysaml2="010abe0e9a1539b0b5f3efad01eee4505118f2a81%3Dhttp%253A//localhost%253A8087/sp.xml%2C2%3Durn%253Aoasis%253Anames%253Atc%253ASAML%253A2.0%253Anameid-format%253Atransient%2C4%3D181c9824916ee88565ab42d63fec766bbfbca5386d3c92454053b0c354f2d1db!"; Path=/'), ('Set-Cookie', 'pysaml2="010abe0e9a1539b0b5f3efad01eee4505118f2a81%3Dhttp%253A//localhost%253A8087/sp.xml%2C2%3Durn%253Aoasis%253Anames%253Atc%253ASAML%253A2.0%253Anameid-format%253Atransient%2C4%3D181c9824916ee88565ab42d63fec766bbfbca5386d3c92454053b0c354f2d1db!"; Path=/; Domain=localhost:8087'), ('Set-Cookie', 'pysaml2="010abe0e9a1539b0b5f3efad01eee4505118f2a81%3Dhttp%253A//localhost%253A8087/sp.xml%2C2%3Durn%253Aoasis%253Anames%253Atc%253ASAML%253A2.0%253Anameid-format%253Atransient%2C4%3D181c9824916ee88565ab42d63fec766bbfbca5386d3c92454053b0c354f2d1db!"; Path=/; Domain=.localhost:8087')]
2013-02-11 14:31:20,014 -- repoze.who request ended (/) --
2013-02-11 14:31:22,471 -- repoze.who request started (/logout) --
2013-02-11 14:31:22,471 request classification: browser
2013-02-11 14:31:22,471 identifier plugins registered [<SAML2Plugin 4324015056>, <AuthTktCookiePlugin 4315802640>]
2013-02-11 14:31:22,471 identifier plugins matched for classification "browser": [<SAML2Plugin 4324015056>, <AuthTktCookiePlugin 4315802640>]
2013-02-11 14:31:22,471 authenticator plugins registered [<SAML2Plugin 4324015056>]
2013-02-11 14:31:22,471 authenticator plugins matched for classification "browser": [<SAML2Plugin 4324015056>]
2013-02-11 14:31:22,471 userid preauthenticated by <AuthTktCookiePlugin 4315802640>: "1=http%3A//localhost%3A8087/sp.xml,2=urn%3Aoasis%3Anames%3Atc%3ASAML%3A2.0%3Anameid-format%3Atransient,4=181c9824916ee88565ab42d63fec766bbfbca5386d3c92454053b0c354f2d1db" (repoze.who.userid set)
2013-02-11 14:31:22,532 no challenge required
2013-02-11 14:31:22,532 -- repoze.who request ended (/logout) --
2013-02-11 14:31:22,536 -- repoze.who request started (/done) --
2013-02-11 14:31:22,536 request classification: browser
2013-02-11 14:31:22,537 identifier plugins registered [<SAML2Plugin 4324015056>, <AuthTktCookiePlugin 4315802640>]
2013-02-11 14:31:22,537 identifier plugins matched for classification "browser": [<SAML2Plugin 4324015056>, <AuthTktCookiePlugin 4315802640>]
2013-02-11 14:31:22,537 authenticator plugins registered [<SAML2Plugin 4324015056>]
2013-02-11 14:31:22,537 authenticator plugins matched for classification "browser": [<SAML2Plugin 4324015056>]
2013-02-11 14:31:22,537 userid preauthenticated by <AuthTktCookiePlugin 4315802640>: "1=http%3A//localhost%3A8087/sp.xml,2=urn%3Aoasis%3Anames%3Atc%3ASAML%3A2.0%3Anameid-format%3Atransient,4=181c9824916ee88565ab42d63fec766bbfbca5386d3c92454053b0c354f2d1db" (repoze.who.userid set)
2013-02-11 14:31:22,538 no challenge required
2013-02-11 14:31:22,538 -- repoze.who request ended (/done) --
2013-02-11 14:31:27,474 -- repoze.who request started (/) --
2013-02-11 14:31:27,474 request classification: browser
2013-02-11 14:31:27,474 identifier plugins registered [<SAML2Plugin 4324015056>, <AuthTktCookiePlugin 4315802640>]
2013-02-11 14:31:27,474 identifier plugins matched for classification "browser": [<SAML2Plugin 4324015056>, <AuthTktCookiePlugin 4315802640>]
2013-02-11 14:31:27,474 authenticator plugins registered [<SAML2Plugin 4324015056>]
2013-02-11 14:31:27,474 authenticator plugins matched for classification "browser": [<SAML2Plugin 4324015056>]
2013-02-11 14:31:27,474 userid preauthenticated by <AuthTktCookiePlugin 4315802640>: "1=http%3A//localhost%3A8087/sp.xml,2=urn%3Aoasis%3Anames%3Atc%3ASAML%3A2.0%3Anameid-format%3Atransient,4=181c9824916ee88565ab42d63fec766bbfbca5386d3c92454053b0c354f2d1db" (repoze.who.userid set)
2013-02-11 14:31:27,475 challenge required
2013-02-11 14:31:27,475 forgetting via headers from <AuthTktCookiePlugin 4315802640>: [('Set-Cookie', 'pysaml2="INVALID"; Path=/; Max-Age=0; Expires=Mon, 11 Feb 2013 14:31:27'), ('Set-Cookie', 'pysaml2="INVALID"; Path=/; Domain=localhost:8087; Max-Age=0; Expires=Mon, 11 Feb 2013 14:31:27'), ('Set-Cookie', 'pysaml2="INVALID"; Path=/; Domain=.localhost:8087; Max-Age=0; Expires=Mon, 11 Feb 2013 14:31:27')]
2013-02-11 14:31:27,475 challengers registered: [<SAML2Plugin 4324015056>]
2013-02-11 14:31:27,475 challengers matched for classification "browser": [<SAML2Plugin 4324015056>]
2013-02-11 14:31:27,477 challenger plugin <SAML2Plugin 4324015056> "challenge" returned an app
2013-02-11 14:31:27,477 executing challenge app
2013-02-11 14:31:27,477 -- repoze.who request ended (/) --
