\BOOKMARK [0][-]{chapter.1}{Module overview}{}
\BOOKMARK [0][-]{chapter.2}{Data Structure}{}
\BOOKMARK [1][-]{section.2.1}{Description}{chapter.2}
\BOOKMARK [1][-]{section.2.2}{Examples}{chapter.2}
\BOOKMARK [0][-]{chapter.3}{Natural Language Parsing}{}
\BOOKMARK [1][-]{section.3.1}{Pre-processing}{chapter.3}
\BOOKMARK [2][-]{subsection.3.1.1}{Punctuation}{section.3.1}
\BOOKMARK [2][-]{subsection.3.1.2}{Changing Words}{section.3.1}
\BOOKMARK [2][-]{subsection.3.1.3}{Beginning Sentence}{section.3.1}
\BOOKMARK [2][-]{subsection.3.1.4}{Dualities}{section.3.1}
\BOOKMARK [2][-]{subsection.3.1.5}{"And" processing}{section.3.1}
\BOOKMARK [2][-]{subsection.3.1.6}{Merging}{section.3.1}
\BOOKMARK [2][-]{subsection.3.1.7}{Other processing}{section.3.1}
\BOOKMARK [2][-]{subsection.3.1.8}{Commas and subsentences}{section.3.1}
\BOOKMARK [2][-]{subsection.3.1.9}{Limits of the pre-processing that can be corrected}{section.3.1}
\BOOKMARK [1][-]{section.3.2}{Main Process}{chapter.3}
\BOOKMARK [2][-]{subsection.3.2.1}{Tenses}{section.3.2}
\BOOKMARK [2][-]{subsection.3.2.2}{Sentence type}{section.3.2}
\BOOKMARK [2][-]{subsection.3.2.3}{Subsentence}{section.3.2}
\BOOKMARK [2][-]{subsection.3.2.4}{Sentence analysis}{section.3.2}
\BOOKMARK [2][-]{subsection.3.2.5}{Yes or no question and other sentences}{section.3.2}
\BOOKMARK [1][-]{section.3.3}{Main Rules}{chapter.3}
\BOOKMARK [0][-]{chapter.4}{Reference grounding}{}
\BOOKMARK [1][-]{section.4.1}{Resolution}{chapter.4}
\BOOKMARK [2][-]{subsection.4.1.1}{Algorithms}{section.4.1}
\BOOKMARK [2][-]{subsection.4.1.2}{Adjectives ONLY approach}{section.4.1}
\BOOKMARK [2][-]{subsection.4.1.3}{Quantifier approach}{section.4.1}
\BOOKMARK [2][-]{subsection.4.1.4}{Demonstratives determiners approach}{section.4.1}
\BOOKMARK [2][-]{subsection.4.1.5}{Occurrence of the words 'OTHER'}{section.4.1}
\BOOKMARK [2][-]{subsection.4.1.6}{Handling Unidentified Anaphora error}{section.4.1}
\BOOKMARK [2][-]{subsection.4.1.7}{Handling Insufficient input error}{section.4.1}
\BOOKMARK [1][-]{section.4.2}{Anaphora Matching}{chapter.4}
\BOOKMARK [1][-]{section.4.3}{Discrimination}{chapter.4}
\BOOKMARK [2][-]{subsection.4.3.1}{Merge}{section.4.3}
\BOOKMARK [0][-]{chapter.5}{Outputs of the Dialogs module}{}
\BOOKMARK [1][-]{section.5.1}{Statement builder}{chapter.5}
\BOOKMARK [2][-]{subsection.5.1.1}{Simple sentences}{section.5.1}
\BOOKMARK [2][-]{subsection.5.1.2}{Relative sentence processing}{section.5.1}
\BOOKMARK [2][-]{subsection.5.1.3}{Verb processing}{section.5.1}
\BOOKMARK [2][-]{subsection.5.1.4}{Negative sentence approach}{section.5.1}
\BOOKMARK [2][-]{subsection.5.1.5}{verb tense approach}{section.5.1}
\BOOKMARK [2][-]{subsection.5.1.6}{Adverb modifying the verb - processing approach}{section.5.1}
\BOOKMARK [2][-]{subsection.5.1.7}{Adverb modifying the sentence - processing approach}{section.5.1}
\BOOKMARK [1][-]{section.5.2}{Question handler}{chapter.5}
\BOOKMARK [2][-]{subsection.5.2.1}{Wh-question}{section.5.2}
\BOOKMARK [2][-]{subsection.5.2.2}{Yes-No-Question}{section.5.2}
\BOOKMARK [1][-]{section.5.3}{Verbalization}{chapter.5}
\BOOKMARK [2][-]{subsection.5.3.1}{Sentence type of verbalization}{section.5.3}
\BOOKMARK [2][-]{subsection.5.3.2}{The transformation which are always done}{section.5.3}
\BOOKMARK [0][-]{chapter.6}{Examples}{}
\BOOKMARK [1][-]{section.6.1}{Debug output of a complete execution}{chapter.6}
\BOOKMARK [0][-]{chapter.7}{User studies}{}
\BOOKMARK [1][-]{section.7.1}{Relation between speakers}{chapter.7}
\BOOKMARK [2][-]{subsection.7.1.1}{First dialog with Mahdi}{section.7.1}
\BOOKMARK [2][-]{subsection.7.1.2}{Second dialog with Patrick}{section.7.1}
\BOOKMARK [2][-]{subsection.7.1.3}{Third dialog with Mahdi}{section.7.1}
\BOOKMARK [1][-]{section.7.2}{Spy Game}{chapter.7}
\BOOKMARK [1][-]{section.7.3}{Cleaning the table}{chapter.7}
\BOOKMARK [2][-]{subsection.7.3.1}{First user}{section.7.3}
\BOOKMARK [2][-]{subsection.7.3.2}{Second user}{section.7.3}
\BOOKMARK [2][-]{subsection.7.3.3}{Third user}{section.7.3}
\BOOKMARK [1][-]{section.7.4}{Context}{chapter.7}
\BOOKMARK [1][-]{section.7.5}{Other}{chapter.7}
