5 Set Declarations
   A : 	Dim=0 	Dimen=1 	Size=4 	Domain=None 	Ordered=False 	Bounds=(2, 8)
	 Model=unknown
	   [2, 4, 6, 8]
   B : 	Dim=0 	Dimen=1 	Size=3 	Domain=None 	Ordered=False 	Bounds=(1, 3)
	 Model=unknown
	   [1, 2, 3]
   R_index : 	Dim=0 	Dimen=2 	Size=12 	Domain=None 	Ordered=False 	Bounds=None
	 Model=unknown
	  Virtual
   W_index : 	Dim=0 	Dimen=2 	Size=12 	Domain=None 	Ordered=False 	Bounds=None
	 Model=unknown
	  Virtual
   X_index : 	Dim=0 	Dimen=2 	Size=12 	Domain=None 	Ordered=False 	Bounds=None
	 Model=unknown
	  Virtual

0 RangeSet Declarations

9 Param Declarations
   R : 	Size=12 	Domain=Any
	(2, 1) : 1
	(2, 2) : 1
	(2, 3) : 1
	default: 99.0
   S : 	Size=1 	Domain=Any
	2
   T : 	Size=1 	Domain=B
	1
   U : 	Size=1 	Domain=Any
	9.9
   V : 	Size=3 	Domain=Any
	1 : 1
	2 : 2
	3 : 9
   W : 	Size=12 	Domain=Any
	(2, 1) : 2
	(2, 2) : 4
	(2, 3) : 6
	(4, 1) : 4
	(4, 2) : 8
	(4, 3) : 12
	(6, 1) : 6
	(6, 2) : 12
	(6, 3) : 18
	(8, 1) : 8
	(8, 2) : 16
	(8, 3) : 24
   X : 	Size=12 	Domain=Any
	(2, 1) : 1.3
	(2, 2) : 1.4
	(2, 3) : 1.5
	(4, 1) : 2.3
	(4, 2) : 2.4
	(4, 3) : 2.5
	(6, 1) : 3.3
	(6, 2) : 3.4
	(6, 3) : 3.5
	(8, 1) : 4.3
	(8, 2) : 4.4
	(8, 3) : 4.5
   Y : 	Size=4 	Domain=Any
	2 : 3.3
	4 : 3.4
	6 : 3.5
	8 : 3.6
   Z : 	Size=1 	Domain=Any
	1.1

0 Var Declarations

0 Objective Declarations

0 Constraint Declarations

0 Block Declarations

14 Declarations: A B Z Y X_index X W_index W V U T S R_index R
