27 Set Declarations
   A : 	Dim=0 	Dimen=1 	Size=3 	Domain=None 	Ordered=False 	Bounds=(1, 3)
	 Model=unknown
	   [1, 2, 3]
   B : 	Dim=0 	Dimen=1 	Size=4 	Domain=None 	Ordered=False 	Bounds=(2, 5)
	 Model=unknown
	   [2, 3, 4, 5]
   C : 	Dim=2 	Dimen=1 	Domain=None 	ArraySize=0 	Ordered=False
	 Model=unknown
   C_index : 	Dim=0 	Dimen=2 	Size=12 	Domain=None 	Ordered=False 	Bounds=None
	 Model=unknown
	  Virtual
   D : 	Dim=0 	Dimen=1 	Size=5 	Domain=None 	Ordered=False 	Bounds=None
	 Model=unknown
	  Virtual
   E : 	Dim=0 	Dimen=1 	Size=2 	Domain=None 	Ordered=False 	Bounds=None
	 Model=unknown
	  Virtual
   F : 	Dim=0 	Dimen=1 	Size=1 	Domain=None 	Ordered=False 	Bounds=None
	 Model=unknown
	  Virtual
   G : 	Dim=0 	Dimen=1 	Size=3 	Domain=None 	Ordered=False 	Bounds=None
	 Model=unknown
	  Virtual
   H : 	Dim=0 	Dimen=2 	Size=12 	Domain=None 	Ordered=False 	Bounds=None
	 Model=unknown
	  Virtual
   Hsub : 	Dim=0 	Dimen=2 	Size=3 	Domain=Hsub_domain 	Ordered=False 	Bounds=None
	 Model=unknown
	   [(1, 2), (1, 3), (3, 3)]
   Hsub_domain : 	Dim=0 	Dimen=2 	Size=12 	Domain=None 	Ordered=False 	Bounds=None
	 Model=unknown
	  Virtual
   I : 	Dim=0 	Dimen=2 	Size=12 	Domain=None 	Ordered=False 	Bounds=None
	 Model=unknown
	  Virtual
   J : 	Dim=0 	Dimen=1 	Size=3 	Domain=None 	Ordered=False 	Bounds=None
	 Model=unknown
	   [1, 4, 9]
   K : 	Dim=0 	Dimen=1 	Size=3 	Domain=None 	Ordered=False 	Bounds=(1, 9)
	 Model=unknown
	   [1, 4, 9]
   K_2 : 	Dim=0 	Dimen=2 	Size=2 	Domain=None 	Ordered=False 	Bounds=None
	 Model=unknown
	   [(1, 4), (9, 16)]
   L : 	Dim=0 	Dimen=1 	Size=2 	Domain=A 	Ordered=False 	Bounds=(1, 3)
	 Model=unknown
	   [1, 3]
   M : 	Dim=0 	Dimen=1 	Size=2 	Domain=None 	Ordered=False 	Bounds=(1, 3)
	 Model=unknown
	   [1, 3]
   N : 	Dim=0 	Dimen=2 	Size=0 	Domain=N_domain 	Ordered=False 	Bounds=None
	 Model=unknown
	   []
   N_domain : 	Dim=0 	Dimen=2 	Size=12 	Domain=None 	Ordered=False 	Bounds=None
	 Model=unknown
	  Virtual
   O : 	Dim=0 	Dimen=1 	Size=0 	Domain=None 	Ordered=False 	Bounds=None
	 Model=unknown
	   []
   P : 	Dim=2 	Dimen=1 	Domain=None 	ArraySize=16 	Ordered=False
	 Model=unknown
	P[(2, 2)]	[0, 1, 2, 3]
	P[(2, 3)]	[0, 1, 2, 3, 4, 5]
	P[(2, 4)]	[0, 1, 2, 3, 4, 5, 6, 7]
	P[(2, 5)]	[0, 1, 2, 3, 4, 5, 6, 7, 8, 9]
	P[(3, 2)]	[0, 1, 2, 3, 4, 5]
	P[(3, 3)]	[0, 1, 2, 3, 4, 5, 6, 7, 8]
	P[(3, 4)]	[0, 1, 2, 3, 4, 5, 6, 7, 8, 9, 10, 11]
	P[(3, 5)]	[0, 1, 2, 3, 4, 5, 6, 7, 8, 9, 10, 11, 12, 13, 14]
	P[(4, 2)]	[0, 1, 2, 3, 4, 5, 6, 7]
	P[(4, 3)]	[0, 1, 2, 3, 4, 5, 6, 7, 8, 9, 10, 11]
	P[(4, 4)]	[0, 1, 2, 3, 4, 5, 6, 7, 8, 9, 10, 11, 12, 13, 14, 15]
	P[(4, 5)]	[0, 1, 2, 3, 4, 5, 6, 7, 8, 9, 10, 11, 12, 13, 14, 15, 16, 17, 18, 19]
	P[(5, 2)]	[0, 1, 2, 3, 4, 5, 6, 7, 8, 9]
	P[(5, 3)]	[0, 1, 2, 3, 4, 5, 6, 7, 8, 9, 10, 11, 12, 13, 14]
	P[(5, 4)]	[0, 1, 2, 3, 4, 5, 6, 7, 8, 9, 10, 11, 12, 13, 14, 15, 16, 17, 18, 19]
	P[(5, 5)]	[0, 1, 2, 3, 4, 5, 6, 7, 8, 9, 10, 11, 12, 13, 14, 15, 16, 17, 18, 19, 20, 21, 22, 23, 24]
   P_index : 	Dim=0 	Dimen=2 	Size=16 	Domain=None 	Ordered=False 	Bounds=None
	 Model=unknown
	  Virtual
   R : 	Dim=1 	Dimen=1 	Domain=None 	ArraySize=3 	Ordered=False
	 Model=unknown
	R[2]	[1, 3, 5]
	R[3]	[2, 4, 6]
	R[4]	[3, 5, 7]
   S : 	Dim=1 	Dimen=1 	Domain=A 	ArraySize=2 	Ordered=False
	 Model=unknown
	S[2]	[1, 3]
	S[5]	[2, 3]
   T : 	Dim=1 	Dimen=1 	Domain=None 	ArraySize=2 	Ordered=False
	 Model=unknown
	T[2]	[1, 3]
	T[5]	[2, 3]
   U : 	Dim=0 	Dimen=1 	Size=5 	Domain=None 	Ordered=True 	Bounds=(1, 120)
	 Model=unknown
	   [1, 2, 6, 24, 120]
   V : 	Dim=1 	Dimen=1 	Domain=None 	ArraySize=4 	Ordered=True
	 Model=unknown
	V[1]	[1, 2, 3, 4, 5]
	V[2]	[1, 3, 5, 7, 9]
	V[3]	[1, 4, 7, 10, 13]
	V[4]	[1, 5, 9, 13, 17]

1 RangeSet Declarations
   V_index : 	Dim=0 	Dimen=1 	Size=4 	Domain=Integers 	Ordered=True 	Bounds=(1, 4)
	 Model=unknown
	  Virtual

0 Param Declarations

0 Var Declarations

0 Objective Declarations

0 Constraint Declarations

0 Block Declarations

28 Declarations: A B C_index C D E F G H Hsub_domain Hsub I J K K_2 L M N_domain N O P_index P R S T U V_index V 
