dexy - INFO - starting logging for dexy
dexy - INFO - using config file 'dexy.yaml'
dexy - INFO - running 12658320cb683c292876a3eb14e987de pattern:*.md|markdown|jinja: about to run 'pattern:*.md|markdown|jinja'
dexy - INFO - running 32bb636196f91ed59d7a49190e26b42c bundle:assets: about to run 'bundle:assets'
dexy - INFO - running 1fefe51ec05ae4f6b1b9a4a5328c4573 pattern:*.css: about to run 'pattern:*.css'
dexy - INFO - running 9eedc7c209be04357092fb5043e825c2 doc:zp-compressed.css: about to run 'doc:zp-compressed.css'
dexy - INFO - running 05b6295de9a6d9e50fef7f850ddbef1c doc:zp-print.css: about to run 'doc:zp-print.css'
dexy - INFO - running a564ba47e8d664f7b880a39fc0f2fc93 doc:pygments.css|pyg: about to run 'doc:pygments.css|pyg'
dexy - INFO - running 4b43b0aee35624cd95b910189b3dc231 bundle:r: about to run 'bundle:r'
dexy - INFO - running ca666993243b3fded1e99aad52bec1d6 pattern:*.R|idio|rint|pyg: about to run 'pattern:*.R|idio|rint|pyg'
dexy - INFO - running abba4de9093605a86f0542b965b8d7bf doc:code001.R|idio|rint|pyg: about to run 'doc:code001.R|idio|rint|pyg'
dexy - INFO - running 61d49ee11aca34cb99f97812ed34e44f doc:index.md|markdown|jinja: about to run 'doc:index.md|markdown|jinja'
dexy - INFO - starting logging for dexy
dexy - INFO - using config file 'dexy.yaml'
dexy - INFO - running 12658320cb683c292876a3eb14e987de pattern:*.md|markdown|jinja: about to run 'pattern:*.md|markdown|jinja'
dexy - INFO - running 32bb636196f91ed59d7a49190e26b42c bundle:assets: about to run 'bundle:assets'
dexy - INFO - running 1fefe51ec05ae4f6b1b9a4a5328c4573 pattern:*.css: using cache for 'pattern:*.css'
dexy - INFO - running a564ba47e8d664f7b880a39fc0f2fc93 doc:pygments.css|pyg: about to run 'doc:pygments.css|pyg'
dexy - INFO - running 4b43b0aee35624cd95b910189b3dc231 bundle:r: about to run 'bundle:r'
dexy - INFO - running ca666993243b3fded1e99aad52bec1d6 pattern:*.R|idio|rint|pyg: about to run 'pattern:*.R|idio|rint|pyg'
dexy - INFO - running abba4de9093605a86f0542b965b8d7bf doc:code001.R|idio|rint|pyg: about to run 'doc:code001.R|idio|rint|pyg'
dexy - INFO - running 035ba054ea102c97de8dff94d8a6958b doc:plot.png: about to run 'doc:plot.png'
dexy - INFO - running 61d49ee11aca34cb99f97812ed34e44f doc:index.md|markdown|jinja: about to run 'doc:index.md|markdown|jinja'
